/usr/local/lib/python3.11/site-packages/pytest_asyncio/plugin.py:217: PytestDeprecationWarning: The configuration option "asyncio_default_fixture_loop_scope" is unset.
The event loop scope for asynchronous fixtures will default to the fixture caching scope. Future versions of pytest-asyncio will default the loop scope for asynchronous fixtures to function scope. Set the default fixture loop scope explicitly in order to avoid unexpected behavior in the future. Valid fixture loop scopes are: "function", "class", "module", "package", "session"

  warnings.warn(PytestDeprecationWarning(_DEFAULT_FIXTURE_LOOP_SCOPE_UNSET))
============================= test session starts ==============================
platform linux -- Python 3.11.11, pytest-8.3.5, pluggy-1.5.0 -- /usr/local/bin/python3.11
cachedir: .pytest_cache
rootdir: /app
plugins: Faker-37.1.0, anyio-4.9.0, asyncio-0.26.0
asyncio: mode=Mode.STRICT, asyncio_default_fixture_loop_scope=None, asyncio_default_test_loop_scope=function
collecting ... collected 42 items

app/tests/database/test_db_connection.py::test_db_connection[asyncio] PASSED [  2%]
app/tests/database/test_db_connection.py::test_db_connection[trio] FAILED [  4%]
app/tests/test_auth.py::test_register_user[asyncio] FAILED               [  7%]
app/tests/test_auth.py::test_login_user[asyncio] FAILED                  [  9%]
app/tests/test_auth.py::test_register_user[trio] FAILED                  [ 11%]
app/tests/test_auth.py::test_login_user[trio] FAILED                     [ 14%]
app/tests/test_course.py::test_create_course[asyncio] FAILED             [ 16%]
app/tests/test_course.py::test_get_all_courses[asyncio] FAILED           [ 19%]
app/tests/test_course.py::test_get_course_by_id[asyncio] FAILED          [ 21%]
app/tests/test_course.py::test_update_course[asyncio] FAILED             [ 23%]
app/tests/test_course.py::test_delete_course[asyncio] FAILED             [ 26%]
app/tests/test_course.py::test_enroll_in_course[asyncio] FAILED          [ 28%]
app/tests/test_course.py::test_get_enrolled_courses[asyncio] FAILED      [ 30%]
app/tests/test_course.py::test_create_course[trio] FAILED                [ 33%]
app/tests/test_course.py::test_get_all_courses[trio] FAILED              [ 35%]
app/tests/test_course.py::test_get_course_by_id[trio] FAILED             [ 38%]
app/tests/test_course.py::test_update_course[trio] FAILED                [ 40%]
app/tests/test_course.py::test_delete_course[trio] FAILED                [ 42%]
app/tests/test_course.py::test_enroll_in_course[trio] FAILED             [ 45%]
app/tests/test_course.py::test_get_enrolled_courses[trio] FAILED         [ 47%]
app/tests/test_courses_concurrency.py::test_concurrent_enrollments[asyncio] FAILED [ 50%]
app/tests/test_courses_concurrency.py::test_concurrent_enrollments[trio] FAILED [ 52%]
app/tests/test_users.py::test_get_me[asyncio] FAILED                     [ 54%]
app/tests/test_users.py::test_get_me_unauthorized[asyncio] FAILED        [ 57%]
app/tests/test_users.py::test_get_all_users[asyncio] FAILED              [ 59%]
app/tests/test_users.py::test_get_all_users_unauthorized[asyncio] FAILED [ 61%]
app/tests/test_users.py::test_get_user_by_id[asyncio] FAILED             [ 64%]
app/tests/test_users.py::test_get_user_by_id_unauthorized[asyncio] FAILED [ 66%]
app/tests/test_users.py::test_update_user[asyncio] FAILED                [ 69%]
app/tests/test_users.py::test_update_user_unauthorized[asyncio] FAILED   [ 71%]
app/tests/test_users.py::test_delete_user[asyncio] FAILED                [ 73%]
app/tests/test_users.py::test_delete_user_unauthorized[asyncio] FAILED   [ 76%]
app/tests/test_users.py::test_get_me[trio] FAILED                        [ 78%]
app/tests/test_users.py::test_get_me_unauthorized[trio] FAILED           [ 80%]
app/tests/test_users.py::test_get_all_users[trio] FAILED                 [ 83%]
app/tests/test_users.py::test_get_all_users_unauthorized[trio] FAILED    [ 85%]
app/tests/test_users.py::test_get_user_by_id[trio] FAILED                [ 88%]
app/tests/test_users.py::test_get_user_by_id_unauthorized[trio] FAILED   [ 90%]
app/tests/test_users.py::test_update_user[trio] FAILED                   [ 92%]
app/tests/test_users.py::test_update_user_unauthorized[trio] FAILED      [ 95%]
app/tests/test_users.py::test_delete_user[trio] FAILED                   [ 97%]
app/tests/test_users.py::test_delete_user_unauthorized[trio] FAILED      [100%]

=================================== FAILURES ===================================
___________________________ test_db_connection[trio] ___________________________

asynclib_name = 'trio'

    def get_async_backend(asynclib_name: str | None = None) -> type[AsyncBackend]:
        if asynclib_name is None:
            asynclib_name = sniffio.current_async_library()
    
        # We use our own dict instead of sys.modules to get the already imported back-end
        # class because the appropriate modules in sys.modules could potentially be only
        # partially initialized
        try:
>           return loaded_backends[asynclib_name]
E           KeyError: 'trio'

/usr/local/lib/python3.11/site-packages/anyio/_core/_eventloop.py:162: KeyError

During handling of the above exception, another exception occurred:

pyfuncitem = <Function test_db_connection[trio]>

    @pytest.hookimpl(tryfirst=True)
    def pytest_pyfunc_call(pyfuncitem: Any) -> bool | None:
        def run_with_hypothesis(**kwargs: Any) -> None:
            with get_runner(backend_name, backend_options) as runner:
                runner.run_test(original_func, kwargs)
    
        backend = pyfuncitem.funcargs.get("anyio_backend")
        if backend:
            backend_name, backend_options = extract_backend_and_options(backend)
    
            if hasattr(pyfuncitem.obj, "hypothesis"):
                # Wrap the inner test function unless it's already wrapped
                original_func = pyfuncitem.obj.hypothesis.inner_test
                if original_func.__qualname__ != run_with_hypothesis.__qualname__:
                    if iscoroutinefunction(original_func):
                        pyfuncitem.obj.hypothesis.inner_test = run_with_hypothesis
    
                return None
    
            if iscoroutinefunction(pyfuncitem.obj):
                funcargs = pyfuncitem.funcargs
                testargs = {arg: funcargs[arg] for arg in pyfuncitem._fixtureinfo.argnames}
>               with get_runner(backend_name, backend_options) as runner:

/usr/local/lib/python3.11/site-packages/anyio/pytest_plugin.py:158: 
_ _ _ _ _ _ _ _ _ _ _ _ _ _ _ _ _ _ _ _ _ _ _ _ _ _ _ _ _ _ _ _ _ _ _ _ _ _ _ _ 
/usr/local/lib/python3.11/contextlib.py:137: in __enter__
    return next(self.gen)
/usr/local/lib/python3.11/site-packages/anyio/pytest_plugin.py:43: in get_runner
    asynclib = get_async_backend(backend_name)
/usr/local/lib/python3.11/site-packages/anyio/_core/_eventloop.py:164: in get_async_backend
    module = import_module(f"anyio._backends._{asynclib_name}")
/usr/local/lib/python3.11/importlib/__init__.py:126: in import_module
    return _bootstrap._gcd_import(name[level:], package, level)
_ _ _ _ _ _ _ _ _ _ _ _ _ _ _ _ _ _ _ _ _ _ _ _ _ _ _ _ _ _ _ _ _ _ _ _ _ _ _ _ 

    from __future__ import annotations
    
    import array
    import math
    import os
    import socket
    import sys
    import types
    import weakref
    from collections.abc import (
        AsyncGenerator,
        AsyncIterator,
        Awaitable,
        Callable,
        Collection,
        Coroutine,
        Iterable,
        Sequence,
    )
    from concurrent.futures import Future
    from contextlib import AbstractContextManager
    from dataclasses import dataclass
    from functools import partial
    from io import IOBase
    from os import PathLike
    from signal import Signals
    from socket import AddressFamily, SocketKind
    from types import TracebackType
    from typing import (
        IO,
        TYPE_CHECKING,
        Any,
        Generic,
        NoReturn,
        TypeVar,
        cast,
        overload,
    )
    
>   import trio.from_thread
E   ModuleNotFoundError: No module named 'trio'

/usr/local/lib/python3.11/site-packages/anyio/_backends/_trio.py:40: ModuleNotFoundError
_________________________ test_register_user[asyncio] __________________________

client = <httpx.AsyncClient object at 0x7747754b9610>

    @pytest.mark.anyio
    async def test_register_user(client):
>       response = await client.post("/auth/register", json=test_user)

app/tests/test_auth.py:11: 
_ _ _ _ _ _ _ _ _ _ _ _ _ _ _ _ _ _ _ _ _ _ _ _ _ _ _ _ _ _ _ _ _ _ _ _ _ _ _ _ 
/usr/local/lib/python3.11/site-packages/httpx/_client.py:1859: in post
    return await self.request(
/usr/local/lib/python3.11/site-packages/httpx/_client.py:1540: in request
    return await self.send(request, auth=auth, follow_redirects=follow_redirects)
/usr/local/lib/python3.11/site-packages/httpx/_client.py:1629: in send
    response = await self._send_handling_auth(
/usr/local/lib/python3.11/site-packages/httpx/_client.py:1657: in _send_handling_auth
    response = await self._send_handling_redirects(
/usr/local/lib/python3.11/site-packages/httpx/_client.py:1694: in _send_handling_redirects
    response = await self._send_single_request(request)
/usr/local/lib/python3.11/site-packages/httpx/_client.py:1730: in _send_single_request
    response = await transport.handle_async_request(request)
/usr/local/lib/python3.11/site-packages/httpx/_transports/asgi.py:170: in handle_async_request
    await self.app(scope, receive, send)
/usr/local/lib/python3.11/site-packages/fastapi/applications.py:1054: in __call__
    await super().__call__(scope, receive, send)
/usr/local/lib/python3.11/site-packages/starlette/applications.py:112: in __call__
    await self.middleware_stack(scope, receive, send)
/usr/local/lib/python3.11/site-packages/starlette/middleware/errors.py:187: in __call__
    raise exc
/usr/local/lib/python3.11/site-packages/starlette/middleware/errors.py:165: in __call__
    await self.app(scope, receive, _send)
/usr/local/lib/python3.11/site-packages/starlette/middleware/exceptions.py:62: in __call__
    await wrap_app_handling_exceptions(self.app, conn)(scope, receive, send)
/usr/local/lib/python3.11/site-packages/starlette/_exception_handler.py:53: in wrapped_app
    raise exc
/usr/local/lib/python3.11/site-packages/starlette/_exception_handler.py:42: in wrapped_app
    await app(scope, receive, sender)
/usr/local/lib/python3.11/site-packages/starlette/routing.py:714: in __call__
    await self.middleware_stack(scope, receive, send)
/usr/local/lib/python3.11/site-packages/starlette/routing.py:734: in app
    await route.handle(scope, receive, send)
/usr/local/lib/python3.11/site-packages/starlette/routing.py:288: in handle
    await self.app(scope, receive, send)
/usr/local/lib/python3.11/site-packages/starlette/routing.py:76: in app
    await wrap_app_handling_exceptions(app, request)(scope, receive, send)
/usr/local/lib/python3.11/site-packages/starlette/_exception_handler.py:53: in wrapped_app
    raise exc
/usr/local/lib/python3.11/site-packages/starlette/_exception_handler.py:42: in wrapped_app
    await app(scope, receive, sender)
/usr/local/lib/python3.11/site-packages/starlette/routing.py:73: in app
    response = await f(request)
/usr/local/lib/python3.11/site-packages/fastapi/routing.py:301: in app
    raw_response = await run_endpoint_function(
/usr/local/lib/python3.11/site-packages/fastapi/routing.py:212: in run_endpoint_function
    return await dependant.call(**values)
app/routers/auth.py:36: in register
    new_user = await user_crud.create_user(db, user_data)
_ _ _ _ _ _ _ _ _ _ _ _ _ _ _ _ _ _ _ _ _ _ _ _ _ _ _ _ _ _ _ _ _ _ _ _ _ _ _ _ 

db = <sqlalchemy.orm.session.Session object at 0x7747754a5210>
user = UserCreate(username='testuser', email='test@example.com', password='strongpassword123')

    async def create_user(db: AsyncSession, user: UserCreate):
        hashed_password = pwd_context.hash(user.password)
        db_user = User(
            username=user.username,
            email=user.email,
            hashed_password=hashed_password
        )
        db.add(db_user)
        try:
>           await db.commit()
E           TypeError: object NoneType can't be used in 'await' expression

app/crud/user.py:48: TypeError
___________________________ test_login_user[asyncio] ___________________________

client = <httpx.AsyncClient object at 0x7747754b9610>

    @pytest.mark.anyio
    async def test_login_user(client):
>       response = await client.post("/auth/login", data={
            "username": test_user["email"],
            "password": test_user["password"]
        })

app/tests/test_auth.py:20: 
_ _ _ _ _ _ _ _ _ _ _ _ _ _ _ _ _ _ _ _ _ _ _ _ _ _ _ _ _ _ _ _ _ _ _ _ _ _ _ _ 
/usr/local/lib/python3.11/site-packages/httpx/_client.py:1859: in post
    return await self.request(
/usr/local/lib/python3.11/site-packages/httpx/_client.py:1540: in request
    return await self.send(request, auth=auth, follow_redirects=follow_redirects)
/usr/local/lib/python3.11/site-packages/httpx/_client.py:1629: in send
    response = await self._send_handling_auth(
/usr/local/lib/python3.11/site-packages/httpx/_client.py:1657: in _send_handling_auth
    response = await self._send_handling_redirects(
/usr/local/lib/python3.11/site-packages/httpx/_client.py:1694: in _send_handling_redirects
    response = await self._send_single_request(request)
/usr/local/lib/python3.11/site-packages/httpx/_client.py:1730: in _send_single_request
    response = await transport.handle_async_request(request)
/usr/local/lib/python3.11/site-packages/httpx/_transports/asgi.py:170: in handle_async_request
    await self.app(scope, receive, send)
/usr/local/lib/python3.11/site-packages/fastapi/applications.py:1054: in __call__
    await super().__call__(scope, receive, send)
/usr/local/lib/python3.11/site-packages/starlette/applications.py:112: in __call__
    await self.middleware_stack(scope, receive, send)
/usr/local/lib/python3.11/site-packages/starlette/middleware/errors.py:187: in __call__
    raise exc
/usr/local/lib/python3.11/site-packages/starlette/middleware/errors.py:165: in __call__
    await self.app(scope, receive, _send)
/usr/local/lib/python3.11/site-packages/starlette/middleware/exceptions.py:62: in __call__
    await wrap_app_handling_exceptions(self.app, conn)(scope, receive, send)
/usr/local/lib/python3.11/site-packages/starlette/_exception_handler.py:53: in wrapped_app
    raise exc
/usr/local/lib/python3.11/site-packages/starlette/_exception_handler.py:42: in wrapped_app
    await app(scope, receive, sender)
/usr/local/lib/python3.11/site-packages/starlette/routing.py:714: in __call__
    await self.middleware_stack(scope, receive, send)
/usr/local/lib/python3.11/site-packages/starlette/routing.py:734: in app
    await route.handle(scope, receive, send)
/usr/local/lib/python3.11/site-packages/starlette/routing.py:288: in handle
    await self.app(scope, receive, send)
/usr/local/lib/python3.11/site-packages/starlette/routing.py:76: in app
    await wrap_app_handling_exceptions(app, request)(scope, receive, send)
/usr/local/lib/python3.11/site-packages/starlette/_exception_handler.py:53: in wrapped_app
    raise exc
/usr/local/lib/python3.11/site-packages/starlette/_exception_handler.py:42: in wrapped_app
    await app(scope, receive, sender)
/usr/local/lib/python3.11/site-packages/starlette/routing.py:73: in app
    response = await f(request)
/usr/local/lib/python3.11/site-packages/fastapi/routing.py:301: in app
    raw_response = await run_endpoint_function(
/usr/local/lib/python3.11/site-packages/fastapi/routing.py:212: in run_endpoint_function
    return await dependant.call(**values)
app/routers/auth.py:20: in login
    user = await user_crud.authenticate_user(db, form_data.username, form_data.password)
app/crud/user.py:83: in authenticate_user
    user = await get_user_by_email(db, email)
_ _ _ _ _ _ _ _ _ _ _ _ _ _ _ _ _ _ _ _ _ _ _ _ _ _ _ _ _ _ _ _ _ _ _ _ _ _ _ _ 

db = <sqlalchemy.orm.session.Session object at 0x774774e6cd10>
email = 'test@example.com'

    async def get_user_by_email(db: AsyncSession, email: str):
>       result = await db.execute(
            select(User).options(selectinload(User.courses)).where(User.email == email)
        )
E       TypeError: object ChunkedIteratorResult can't be used in 'await' expression

app/crud/user.py:26: TypeError
___________________________ test_register_user[trio] ___________________________

self = <sqlalchemy.engine.base.Connection object at 0x7747752e3a90>
dialect = <sqlalchemy.dialects.sqlite.pysqlite.SQLiteDialect_pysqlite object at 0x77477976fed0>
context = <sqlalchemy.dialects.sqlite.base.SQLiteExecutionContext object at 0x7747752e3690>
statement = <sqlalchemy.dialects.sqlite.base.SQLiteCompiler object at 0x7747754ab890>
parameters = [('testuser', 'test@example.com', '$2b$12$AtS6whSGMX/UNebAQSs05Oi4vQjOOq0Q1X2BGmChs3TUaWuR7xlWy')]

    def _exec_single_context(
        self,
        dialect: Dialect,
        context: ExecutionContext,
        statement: Union[str, Compiled],
        parameters: Optional[_AnyMultiExecuteParams],
    ) -> CursorResult[Any]:
        """continue the _execute_context() method for a single DBAPI
        cursor.execute() or cursor.executemany() call.
    
        """
        if dialect.bind_typing is BindTyping.SETINPUTSIZES:
            generic_setinputsizes = context._prepare_set_input_sizes()
    
            if generic_setinputsizes:
                try:
                    dialect.do_set_input_sizes(
                        context.cursor, generic_setinputsizes, context
                    )
                except BaseException as e:
                    self._handle_dbapi_exception(
                        e, str(statement), parameters, None, context
                    )
    
        cursor, str_statement, parameters = (
            context.cursor,
            context.statement,
            context.parameters,
        )
    
        effective_parameters: Optional[_AnyExecuteParams]
    
        if not context.executemany:
            effective_parameters = parameters[0]
        else:
            effective_parameters = parameters
    
        if self._has_events or self.engine._has_events:
            for fn in self.dispatch.before_cursor_execute:
                str_statement, effective_parameters = fn(
                    self,
                    cursor,
                    str_statement,
                    effective_parameters,
                    context,
                    context.executemany,
                )
    
        if self._echo:
            self._log_info(str_statement)
    
            stats = context._get_cache_stats()
    
            if not self.engine.hide_parameters:
                self._log_info(
                    "[%s] %r",
                    stats,
                    sql_util._repr_params(
                        effective_parameters,
                        batches=10,
                        ismulti=context.executemany,
                    ),
                )
            else:
                self._log_info(
                    "[%s] [SQL parameters hidden due to hide_parameters=True]",
                    stats,
                )
    
        evt_handled: bool = False
        try:
            if context.execute_style is ExecuteStyle.EXECUTEMANY:
                effective_parameters = cast(
                    "_CoreMultiExecuteParams", effective_parameters
                )
                if self.dialect._has_events:
                    for fn in self.dialect.dispatch.do_executemany:
                        if fn(
                            cursor,
                            str_statement,
                            effective_parameters,
                            context,
                        ):
                            evt_handled = True
                            break
                if not evt_handled:
                    self.dialect.do_executemany(
                        cursor,
                        str_statement,
                        effective_parameters,
                        context,
                    )
            elif not effective_parameters and context.no_parameters:
                if self.dialect._has_events:
                    for fn in self.dialect.dispatch.do_execute_no_params:
                        if fn(cursor, str_statement, context):
                            evt_handled = True
                            break
                if not evt_handled:
                    self.dialect.do_execute_no_params(
                        cursor, str_statement, context
                    )
            else:
                effective_parameters = cast(
                    "_CoreSingleExecuteParams", effective_parameters
                )
                if self.dialect._has_events:
                    for fn in self.dialect.dispatch.do_execute:
                        if fn(
                            cursor,
                            str_statement,
                            effective_parameters,
                            context,
                        ):
                            evt_handled = True
                            break
                if not evt_handled:
>                   self.dialect.do_execute(
                        cursor, str_statement, effective_parameters, context
                    )

/usr/local/lib/python3.11/site-packages/sqlalchemy/engine/base.py:1964: 
_ _ _ _ _ _ _ _ _ _ _ _ _ _ _ _ _ _ _ _ _ _ _ _ _ _ _ _ _ _ _ _ _ _ _ _ _ _ _ _ 

self = <sqlalchemy.dialects.sqlite.pysqlite.SQLiteDialect_pysqlite object at 0x77477976fed0>
cursor = <sqlite3.Cursor object at 0x774775044240>
statement = 'INSERT INTO users (username, email, hashed_password) VALUES (?, ?, ?)'
parameters = ('testuser', 'test@example.com', '$2b$12$AtS6whSGMX/UNebAQSs05Oi4vQjOOq0Q1X2BGmChs3TUaWuR7xlWy')
context = <sqlalchemy.dialects.sqlite.base.SQLiteExecutionContext object at 0x7747752e3690>

    def do_execute(self, cursor, statement, parameters, context=None):
>       cursor.execute(statement, parameters)
E       sqlite3.IntegrityError: UNIQUE constraint failed: users.email

/usr/local/lib/python3.11/site-packages/sqlalchemy/engine/default.py:945: IntegrityError

The above exception was the direct cause of the following exception:

db = <sqlalchemy.orm.session.Session object at 0x7747752e21d0>
user = UserCreate(username='testuser', email='test@example.com', password='strongpassword123')

    async def create_user(db: AsyncSession, user: UserCreate):
        hashed_password = pwd_context.hash(user.password)
        db_user = User(
            username=user.username,
            email=user.email,
            hashed_password=hashed_password
        )
        db.add(db_user)
        try:
>           await db.commit()

app/crud/user.py:48: 
_ _ _ _ _ _ _ _ _ _ _ _ _ _ _ _ _ _ _ _ _ _ _ _ _ _ _ _ _ _ _ _ _ _ _ _ _ _ _ _ 
/usr/local/lib/python3.11/site-packages/sqlalchemy/orm/session.py:2032: in commit
    trans.commit(_to_root=True)
/usr/local/lib/python3.11/site-packages/sqlalchemy/orm/state_changes.py:139: in _go
    ret_value = fn(self, *arg, **kw)
/usr/local/lib/python3.11/site-packages/sqlalchemy/orm/session.py:1313: in commit
    self._prepare_impl()
/usr/local/lib/python3.11/site-packages/sqlalchemy/orm/state_changes.py:139: in _go
    ret_value = fn(self, *arg, **kw)
/usr/local/lib/python3.11/site-packages/sqlalchemy/orm/session.py:1288: in _prepare_impl
    self.session.flush()
/usr/local/lib/python3.11/site-packages/sqlalchemy/orm/session.py:4353: in flush
    self._flush(objects)
/usr/local/lib/python3.11/site-packages/sqlalchemy/orm/session.py:4488: in _flush
    with util.safe_reraise():
/usr/local/lib/python3.11/site-packages/sqlalchemy/util/langhelpers.py:146: in __exit__
    raise exc_value.with_traceback(exc_tb)
/usr/local/lib/python3.11/site-packages/sqlalchemy/orm/session.py:4449: in _flush
    flush_context.execute()
/usr/local/lib/python3.11/site-packages/sqlalchemy/orm/unitofwork.py:466: in execute
    rec.execute(self)
/usr/local/lib/python3.11/site-packages/sqlalchemy/orm/unitofwork.py:642: in execute
    util.preloaded.orm_persistence.save_obj(
/usr/local/lib/python3.11/site-packages/sqlalchemy/orm/persistence.py:93: in save_obj
    _emit_insert_statements(
/usr/local/lib/python3.11/site-packages/sqlalchemy/orm/persistence.py:1233: in _emit_insert_statements
    result = connection.execute(
/usr/local/lib/python3.11/site-packages/sqlalchemy/engine/base.py:1416: in execute
    return meth(
/usr/local/lib/python3.11/site-packages/sqlalchemy/sql/elements.py:523: in _execute_on_connection
    return connection._execute_clauseelement(
/usr/local/lib/python3.11/site-packages/sqlalchemy/engine/base.py:1638: in _execute_clauseelement
    ret = self._execute_context(
/usr/local/lib/python3.11/site-packages/sqlalchemy/engine/base.py:1843: in _execute_context
    return self._exec_single_context(
/usr/local/lib/python3.11/site-packages/sqlalchemy/engine/base.py:1983: in _exec_single_context
    self._handle_dbapi_exception(
/usr/local/lib/python3.11/site-packages/sqlalchemy/engine/base.py:2352: in _handle_dbapi_exception
    raise sqlalchemy_exception.with_traceback(exc_info[2]) from e
/usr/local/lib/python3.11/site-packages/sqlalchemy/engine/base.py:1964: in _exec_single_context
    self.dialect.do_execute(
_ _ _ _ _ _ _ _ _ _ _ _ _ _ _ _ _ _ _ _ _ _ _ _ _ _ _ _ _ _ _ _ _ _ _ _ _ _ _ _ 

self = <sqlalchemy.dialects.sqlite.pysqlite.SQLiteDialect_pysqlite object at 0x77477976fed0>
cursor = <sqlite3.Cursor object at 0x774775044240>
statement = 'INSERT INTO users (username, email, hashed_password) VALUES (?, ?, ?)'
parameters = ('testuser', 'test@example.com', '$2b$12$AtS6whSGMX/UNebAQSs05Oi4vQjOOq0Q1X2BGmChs3TUaWuR7xlWy')
context = <sqlalchemy.dialects.sqlite.base.SQLiteExecutionContext object at 0x7747752e3690>

    def do_execute(self, cursor, statement, parameters, context=None):
>       cursor.execute(statement, parameters)
E       sqlalchemy.exc.IntegrityError: (sqlite3.IntegrityError) UNIQUE constraint failed: users.email
E       [SQL: INSERT INTO users (username, email, hashed_password) VALUES (?, ?, ?)]
E       [parameters: ('testuser', 'test@example.com', '$2b$12$AtS6whSGMX/UNebAQSs05Oi4vQjOOq0Q1X2BGmChs3TUaWuR7xlWy')]
E       (Background on this error at: https://sqlalche.me/e/20/gkpj)

/usr/local/lib/python3.11/site-packages/sqlalchemy/engine/default.py:945: IntegrityError

During handling of the above exception, another exception occurred:

client = <httpx.AsyncClient object at 0x7747754b9610>

    @pytest.mark.anyio
    async def test_register_user(client):
>       response = await client.post("/auth/register", json=test_user)

app/tests/test_auth.py:11: 
_ _ _ _ _ _ _ _ _ _ _ _ _ _ _ _ _ _ _ _ _ _ _ _ _ _ _ _ _ _ _ _ _ _ _ _ _ _ _ _ 
/usr/local/lib/python3.11/site-packages/httpx/_client.py:1859: in post
    return await self.request(
/usr/local/lib/python3.11/site-packages/httpx/_client.py:1540: in request
    return await self.send(request, auth=auth, follow_redirects=follow_redirects)
/usr/local/lib/python3.11/site-packages/httpx/_client.py:1629: in send
    response = await self._send_handling_auth(
/usr/local/lib/python3.11/site-packages/httpx/_client.py:1657: in _send_handling_auth
    response = await self._send_handling_redirects(
/usr/local/lib/python3.11/site-packages/httpx/_client.py:1694: in _send_handling_redirects
    response = await self._send_single_request(request)
/usr/local/lib/python3.11/site-packages/httpx/_client.py:1730: in _send_single_request
    response = await transport.handle_async_request(request)
/usr/local/lib/python3.11/site-packages/httpx/_transports/asgi.py:170: in handle_async_request
    await self.app(scope, receive, send)
/usr/local/lib/python3.11/site-packages/fastapi/applications.py:1054: in __call__
    await super().__call__(scope, receive, send)
/usr/local/lib/python3.11/site-packages/starlette/applications.py:112: in __call__
    await self.middleware_stack(scope, receive, send)
/usr/local/lib/python3.11/site-packages/starlette/middleware/errors.py:187: in __call__
    raise exc
/usr/local/lib/python3.11/site-packages/starlette/middleware/errors.py:165: in __call__
    await self.app(scope, receive, _send)
/usr/local/lib/python3.11/site-packages/starlette/middleware/exceptions.py:62: in __call__
    await wrap_app_handling_exceptions(self.app, conn)(scope, receive, send)
/usr/local/lib/python3.11/site-packages/starlette/_exception_handler.py:53: in wrapped_app
    raise exc
/usr/local/lib/python3.11/site-packages/starlette/_exception_handler.py:42: in wrapped_app
    await app(scope, receive, sender)
/usr/local/lib/python3.11/site-packages/starlette/routing.py:714: in __call__
    await self.middleware_stack(scope, receive, send)
/usr/local/lib/python3.11/site-packages/starlette/routing.py:734: in app
    await route.handle(scope, receive, send)
/usr/local/lib/python3.11/site-packages/starlette/routing.py:288: in handle
    await self.app(scope, receive, send)
/usr/local/lib/python3.11/site-packages/starlette/routing.py:76: in app
    await wrap_app_handling_exceptions(app, request)(scope, receive, send)
/usr/local/lib/python3.11/site-packages/starlette/_exception_handler.py:53: in wrapped_app
    raise exc
/usr/local/lib/python3.11/site-packages/starlette/_exception_handler.py:42: in wrapped_app
    await app(scope, receive, sender)
/usr/local/lib/python3.11/site-packages/starlette/routing.py:73: in app
    response = await f(request)
/usr/local/lib/python3.11/site-packages/fastapi/routing.py:301: in app
    raw_response = await run_endpoint_function(
/usr/local/lib/python3.11/site-packages/fastapi/routing.py:212: in run_endpoint_function
    return await dependant.call(**values)
app/routers/auth.py:36: in register
    new_user = await user_crud.create_user(db, user_data)
_ _ _ _ _ _ _ _ _ _ _ _ _ _ _ _ _ _ _ _ _ _ _ _ _ _ _ _ _ _ _ _ _ _ _ _ _ _ _ _ 

db = <sqlalchemy.orm.session.Session object at 0x7747752e21d0>
user = UserCreate(username='testuser', email='test@example.com', password='strongpassword123')

    async def create_user(db: AsyncSession, user: UserCreate):
        hashed_password = pwd_context.hash(user.password)
        db_user = User(
            username=user.username,
            email=user.email,
            hashed_password=hashed_password
        )
        db.add(db_user)
        try:
            await db.commit()
            result = await db.execute(
                select(User).options(selectinload(User.courses)).where(User.id == db_user.id)
            )
            return result.scalar_one()
        except IntegrityError as e:
>           await db.rollback()
E           TypeError: object NoneType can't be used in 'await' expression

app/crud/user.py:54: TypeError
____________________________ test_login_user[trio] _____________________________

client = <httpx.AsyncClient object at 0x7747754b9610>

    @pytest.mark.anyio
    async def test_login_user(client):
>       response = await client.post("/auth/login", data={
            "username": test_user["email"],
            "password": test_user["password"]
        })

app/tests/test_auth.py:20: 
_ _ _ _ _ _ _ _ _ _ _ _ _ _ _ _ _ _ _ _ _ _ _ _ _ _ _ _ _ _ _ _ _ _ _ _ _ _ _ _ 
/usr/local/lib/python3.11/site-packages/httpx/_client.py:1859: in post
    return await self.request(
/usr/local/lib/python3.11/site-packages/httpx/_client.py:1540: in request
    return await self.send(request, auth=auth, follow_redirects=follow_redirects)
/usr/local/lib/python3.11/site-packages/httpx/_client.py:1629: in send
    response = await self._send_handling_auth(
/usr/local/lib/python3.11/site-packages/httpx/_client.py:1657: in _send_handling_auth
    response = await self._send_handling_redirects(
/usr/local/lib/python3.11/site-packages/httpx/_client.py:1694: in _send_handling_redirects
    response = await self._send_single_request(request)
/usr/local/lib/python3.11/site-packages/httpx/_client.py:1730: in _send_single_request
    response = await transport.handle_async_request(request)
/usr/local/lib/python3.11/site-packages/httpx/_transports/asgi.py:170: in handle_async_request
    await self.app(scope, receive, send)
/usr/local/lib/python3.11/site-packages/fastapi/applications.py:1054: in __call__
    await super().__call__(scope, receive, send)
/usr/local/lib/python3.11/site-packages/starlette/applications.py:112: in __call__
    await self.middleware_stack(scope, receive, send)
/usr/local/lib/python3.11/site-packages/starlette/middleware/errors.py:187: in __call__
    raise exc
/usr/local/lib/python3.11/site-packages/starlette/middleware/errors.py:165: in __call__
    await self.app(scope, receive, _send)
/usr/local/lib/python3.11/site-packages/starlette/middleware/exceptions.py:62: in __call__
    await wrap_app_handling_exceptions(self.app, conn)(scope, receive, send)
/usr/local/lib/python3.11/site-packages/starlette/_exception_handler.py:53: in wrapped_app
    raise exc
/usr/local/lib/python3.11/site-packages/starlette/_exception_handler.py:42: in wrapped_app
    await app(scope, receive, sender)
/usr/local/lib/python3.11/site-packages/starlette/routing.py:714: in __call__
    await self.middleware_stack(scope, receive, send)
/usr/local/lib/python3.11/site-packages/starlette/routing.py:734: in app
    await route.handle(scope, receive, send)
/usr/local/lib/python3.11/site-packages/starlette/routing.py:288: in handle
    await self.app(scope, receive, send)
/usr/local/lib/python3.11/site-packages/starlette/routing.py:76: in app
    await wrap_app_handling_exceptions(app, request)(scope, receive, send)
/usr/local/lib/python3.11/site-packages/starlette/_exception_handler.py:53: in wrapped_app
    raise exc
/usr/local/lib/python3.11/site-packages/starlette/_exception_handler.py:42: in wrapped_app
    await app(scope, receive, sender)
/usr/local/lib/python3.11/site-packages/starlette/routing.py:73: in app
    response = await f(request)
/usr/local/lib/python3.11/site-packages/fastapi/routing.py:301: in app
    raw_response = await run_endpoint_function(
/usr/local/lib/python3.11/site-packages/fastapi/routing.py:212: in run_endpoint_function
    return await dependant.call(**values)
app/routers/auth.py:20: in login
    user = await user_crud.authenticate_user(db, form_data.username, form_data.password)
app/crud/user.py:83: in authenticate_user
    user = await get_user_by_email(db, email)
_ _ _ _ _ _ _ _ _ _ _ _ _ _ _ _ _ _ _ _ _ _ _ _ _ _ _ _ _ _ _ _ _ _ _ _ _ _ _ _ 

db = <sqlalchemy.orm.session.Session object at 0x774774268a50>
email = 'test@example.com'

    async def get_user_by_email(db: AsyncSession, email: str):
>       result = await db.execute(
            select(User).options(selectinload(User.courses)).where(User.email == email)
        )
E       TypeError: object ChunkedIteratorResult can't be used in 'await' expression

app/crud/user.py:26: TypeError
_________________________ test_create_course[asyncio] __________________________

client = <httpx.AsyncClient object at 0x7747750ab810>

    @pytest.mark.anyio
    async def test_create_course(client):
>       await register_user(client, test_user)

app/tests/test_course.py:9: 
_ _ _ _ _ _ _ _ _ _ _ _ _ _ _ _ _ _ _ _ _ _ _ _ _ _ _ _ _ _ _ _ _ _ _ _ _ _ _ _ 
app/tests/utils.py:17: in register_user
    return await client.post("/auth/register", json=user_data)
/usr/local/lib/python3.11/site-packages/httpx/_client.py:1859: in post
    return await self.request(
/usr/local/lib/python3.11/site-packages/httpx/_client.py:1540: in request
    return await self.send(request, auth=auth, follow_redirects=follow_redirects)
/usr/local/lib/python3.11/site-packages/httpx/_client.py:1629: in send
    response = await self._send_handling_auth(
/usr/local/lib/python3.11/site-packages/httpx/_client.py:1657: in _send_handling_auth
    response = await self._send_handling_redirects(
/usr/local/lib/python3.11/site-packages/httpx/_client.py:1694: in _send_handling_redirects
    response = await self._send_single_request(request)
/usr/local/lib/python3.11/site-packages/httpx/_client.py:1730: in _send_single_request
    response = await transport.handle_async_request(request)
/usr/local/lib/python3.11/site-packages/httpx/_transports/asgi.py:170: in handle_async_request
    await self.app(scope, receive, send)
/usr/local/lib/python3.11/site-packages/fastapi/applications.py:1054: in __call__
    await super().__call__(scope, receive, send)
/usr/local/lib/python3.11/site-packages/starlette/applications.py:112: in __call__
    await self.middleware_stack(scope, receive, send)
/usr/local/lib/python3.11/site-packages/starlette/middleware/errors.py:187: in __call__
    raise exc
/usr/local/lib/python3.11/site-packages/starlette/middleware/errors.py:165: in __call__
    await self.app(scope, receive, _send)
/usr/local/lib/python3.11/site-packages/starlette/middleware/exceptions.py:62: in __call__
    await wrap_app_handling_exceptions(self.app, conn)(scope, receive, send)
/usr/local/lib/python3.11/site-packages/starlette/_exception_handler.py:53: in wrapped_app
    raise exc
/usr/local/lib/python3.11/site-packages/starlette/_exception_handler.py:42: in wrapped_app
    await app(scope, receive, sender)
/usr/local/lib/python3.11/site-packages/starlette/routing.py:714: in __call__
    await self.middleware_stack(scope, receive, send)
/usr/local/lib/python3.11/site-packages/starlette/routing.py:734: in app
    await route.handle(scope, receive, send)
/usr/local/lib/python3.11/site-packages/starlette/routing.py:288: in handle
    await self.app(scope, receive, send)
/usr/local/lib/python3.11/site-packages/starlette/routing.py:76: in app
    await wrap_app_handling_exceptions(app, request)(scope, receive, send)
/usr/local/lib/python3.11/site-packages/starlette/_exception_handler.py:53: in wrapped_app
    raise exc
/usr/local/lib/python3.11/site-packages/starlette/_exception_handler.py:42: in wrapped_app
    await app(scope, receive, sender)
/usr/local/lib/python3.11/site-packages/starlette/routing.py:73: in app
    response = await f(request)
/usr/local/lib/python3.11/site-packages/fastapi/routing.py:301: in app
    raw_response = await run_endpoint_function(
/usr/local/lib/python3.11/site-packages/fastapi/routing.py:212: in run_endpoint_function
    return await dependant.call(**values)
app/routers/auth.py:36: in register
    new_user = await user_crud.create_user(db, user_data)
_ _ _ _ _ _ _ _ _ _ _ _ _ _ _ _ _ _ _ _ _ _ _ _ _ _ _ _ _ _ _ _ _ _ _ _ _ _ _ _ 

db = <sqlalchemy.orm.session.Session object at 0x7747750aa690>
user = UserCreate(username='testuser', email='test@example.com', password='strongpassword123')

    async def create_user(db: AsyncSession, user: UserCreate):
        hashed_password = pwd_context.hash(user.password)
        db_user = User(
            username=user.username,
            email=user.email,
            hashed_password=hashed_password
        )
        db.add(db_user)
        try:
>           await db.commit()
E           TypeError: object NoneType can't be used in 'await' expression

app/crud/user.py:48: TypeError
________________________ test_get_all_courses[asyncio] _________________________

client = <httpx.AsyncClient object at 0x7747750ab810>

    @pytest.mark.anyio
    async def test_get_all_courses(client):
        # Sin token â†’ 401
        response = await client.get("/courses/")
>       assert response.status_code == 401
E       assert 403 == 401
E        +  where 403 = <Response [403 Forbidden]>.status_code

app/tests/test_course.py:22: AssertionError
________________________ test_get_course_by_id[asyncio] ________________________

client = <httpx.AsyncClient object at 0x7747750ab810>

    @pytest.mark.anyio
    async def test_get_course_by_id(client):
>       headers = await get_auth_headers(client, test_user)

app/tests/test_course.py:32: 
_ _ _ _ _ _ _ _ _ _ _ _ _ _ _ _ _ _ _ _ _ _ _ _ _ _ _ _ _ _ _ _ _ _ _ _ _ _ _ _ 
app/tests/utils.py:27: in get_auth_headers
    token = await login_user(client, user_data)
app/tests/utils.py:20: in login_user
    response = await client.post("/auth/login", data={
/usr/local/lib/python3.11/site-packages/httpx/_client.py:1859: in post
    return await self.request(
/usr/local/lib/python3.11/site-packages/httpx/_client.py:1540: in request
    return await self.send(request, auth=auth, follow_redirects=follow_redirects)
/usr/local/lib/python3.11/site-packages/httpx/_client.py:1629: in send
    response = await self._send_handling_auth(
/usr/local/lib/python3.11/site-packages/httpx/_client.py:1657: in _send_handling_auth
    response = await self._send_handling_redirects(
/usr/local/lib/python3.11/site-packages/httpx/_client.py:1694: in _send_handling_redirects
    response = await self._send_single_request(request)
/usr/local/lib/python3.11/site-packages/httpx/_client.py:1730: in _send_single_request
    response = await transport.handle_async_request(request)
/usr/local/lib/python3.11/site-packages/httpx/_transports/asgi.py:170: in handle_async_request
    await self.app(scope, receive, send)
/usr/local/lib/python3.11/site-packages/fastapi/applications.py:1054: in __call__
    await super().__call__(scope, receive, send)
/usr/local/lib/python3.11/site-packages/starlette/applications.py:112: in __call__
    await self.middleware_stack(scope, receive, send)
/usr/local/lib/python3.11/site-packages/starlette/middleware/errors.py:187: in __call__
    raise exc
/usr/local/lib/python3.11/site-packages/starlette/middleware/errors.py:165: in __call__
    await self.app(scope, receive, _send)
/usr/local/lib/python3.11/site-packages/starlette/middleware/exceptions.py:62: in __call__
    await wrap_app_handling_exceptions(self.app, conn)(scope, receive, send)
/usr/local/lib/python3.11/site-packages/starlette/_exception_handler.py:53: in wrapped_app
    raise exc
/usr/local/lib/python3.11/site-packages/starlette/_exception_handler.py:42: in wrapped_app
    await app(scope, receive, sender)
/usr/local/lib/python3.11/site-packages/starlette/routing.py:714: in __call__
    await self.middleware_stack(scope, receive, send)
/usr/local/lib/python3.11/site-packages/starlette/routing.py:734: in app
    await route.handle(scope, receive, send)
/usr/local/lib/python3.11/site-packages/starlette/routing.py:288: in handle
    await self.app(scope, receive, send)
/usr/local/lib/python3.11/site-packages/starlette/routing.py:76: in app
    await wrap_app_handling_exceptions(app, request)(scope, receive, send)
/usr/local/lib/python3.11/site-packages/starlette/_exception_handler.py:53: in wrapped_app
    raise exc
/usr/local/lib/python3.11/site-packages/starlette/_exception_handler.py:42: in wrapped_app
    await app(scope, receive, sender)
/usr/local/lib/python3.11/site-packages/starlette/routing.py:73: in app
    response = await f(request)
/usr/local/lib/python3.11/site-packages/fastapi/routing.py:301: in app
    raw_response = await run_endpoint_function(
/usr/local/lib/python3.11/site-packages/fastapi/routing.py:212: in run_endpoint_function
    return await dependant.call(**values)
app/routers/auth.py:20: in login
    user = await user_crud.authenticate_user(db, form_data.username, form_data.password)
app/crud/user.py:83: in authenticate_user
    user = await get_user_by_email(db, email)
_ _ _ _ _ _ _ _ _ _ _ _ _ _ _ _ _ _ _ _ _ _ _ _ _ _ _ _ _ _ _ _ _ _ _ _ _ _ _ _ 

db = <sqlalchemy.orm.session.Session object at 0x7747752fa5d0>
email = 'test@example.com'

    async def get_user_by_email(db: AsyncSession, email: str):
>       result = await db.execute(
            select(User).options(selectinload(User.courses)).where(User.email == email)
        )
E       TypeError: object ChunkedIteratorResult can't be used in 'await' expression

app/crud/user.py:26: TypeError
_________________________ test_update_course[asyncio] __________________________

client = <httpx.AsyncClient object at 0x7747750ab810>

    @pytest.mark.anyio
    async def test_update_course(client):
>       headers = await get_auth_headers(client, test_user)

app/tests/test_course.py:46: 
_ _ _ _ _ _ _ _ _ _ _ _ _ _ _ _ _ _ _ _ _ _ _ _ _ _ _ _ _ _ _ _ _ _ _ _ _ _ _ _ 
app/tests/utils.py:27: in get_auth_headers
    token = await login_user(client, user_data)
app/tests/utils.py:20: in login_user
    response = await client.post("/auth/login", data={
/usr/local/lib/python3.11/site-packages/httpx/_client.py:1859: in post
    return await self.request(
/usr/local/lib/python3.11/site-packages/httpx/_client.py:1540: in request
    return await self.send(request, auth=auth, follow_redirects=follow_redirects)
/usr/local/lib/python3.11/site-packages/httpx/_client.py:1629: in send
    response = await self._send_handling_auth(
/usr/local/lib/python3.11/site-packages/httpx/_client.py:1657: in _send_handling_auth
    response = await self._send_handling_redirects(
/usr/local/lib/python3.11/site-packages/httpx/_client.py:1694: in _send_handling_redirects
    response = await self._send_single_request(request)
/usr/local/lib/python3.11/site-packages/httpx/_client.py:1730: in _send_single_request
    response = await transport.handle_async_request(request)
/usr/local/lib/python3.11/site-packages/httpx/_transports/asgi.py:170: in handle_async_request
    await self.app(scope, receive, send)
/usr/local/lib/python3.11/site-packages/fastapi/applications.py:1054: in __call__
    await super().__call__(scope, receive, send)
/usr/local/lib/python3.11/site-packages/starlette/applications.py:112: in __call__
    await self.middleware_stack(scope, receive, send)
/usr/local/lib/python3.11/site-packages/starlette/middleware/errors.py:187: in __call__
    raise exc
/usr/local/lib/python3.11/site-packages/starlette/middleware/errors.py:165: in __call__
    await self.app(scope, receive, _send)
/usr/local/lib/python3.11/site-packages/starlette/middleware/exceptions.py:62: in __call__
    await wrap_app_handling_exceptions(self.app, conn)(scope, receive, send)
/usr/local/lib/python3.11/site-packages/starlette/_exception_handler.py:53: in wrapped_app
    raise exc
/usr/local/lib/python3.11/site-packages/starlette/_exception_handler.py:42: in wrapped_app
    await app(scope, receive, sender)
/usr/local/lib/python3.11/site-packages/starlette/routing.py:714: in __call__
    await self.middleware_stack(scope, receive, send)
/usr/local/lib/python3.11/site-packages/starlette/routing.py:734: in app
    await route.handle(scope, receive, send)
/usr/local/lib/python3.11/site-packages/starlette/routing.py:288: in handle
    await self.app(scope, receive, send)
/usr/local/lib/python3.11/site-packages/starlette/routing.py:76: in app
    await wrap_app_handling_exceptions(app, request)(scope, receive, send)
/usr/local/lib/python3.11/site-packages/starlette/_exception_handler.py:53: in wrapped_app
    raise exc
/usr/local/lib/python3.11/site-packages/starlette/_exception_handler.py:42: in wrapped_app
    await app(scope, receive, sender)
/usr/local/lib/python3.11/site-packages/starlette/routing.py:73: in app
    response = await f(request)
/usr/local/lib/python3.11/site-packages/fastapi/routing.py:301: in app
    raw_response = await run_endpoint_function(
/usr/local/lib/python3.11/site-packages/fastapi/routing.py:212: in run_endpoint_function
    return await dependant.call(**values)
app/routers/auth.py:20: in login
    user = await user_crud.authenticate_user(db, form_data.username, form_data.password)
app/crud/user.py:83: in authenticate_user
    user = await get_user_by_email(db, email)
_ _ _ _ _ _ _ _ _ _ _ _ _ _ _ _ _ _ _ _ _ _ _ _ _ _ _ _ _ _ _ _ _ _ _ _ _ _ _ _ 

db = <sqlalchemy.orm.session.Session object at 0x7747750ad250>
email = 'test@example.com'

    async def get_user_by_email(db: AsyncSession, email: str):
>       result = await db.execute(
            select(User).options(selectinload(User.courses)).where(User.email == email)
        )
E       TypeError: object ChunkedIteratorResult can't be used in 'await' expression

app/crud/user.py:26: TypeError
_________________________ test_delete_course[asyncio] __________________________

client = <httpx.AsyncClient object at 0x7747750ab810>

    @pytest.mark.anyio
    async def test_delete_course(client):
>       headers = await get_auth_headers(client, test_user)

app/tests/test_course.py:61: 
_ _ _ _ _ _ _ _ _ _ _ _ _ _ _ _ _ _ _ _ _ _ _ _ _ _ _ _ _ _ _ _ _ _ _ _ _ _ _ _ 
app/tests/utils.py:27: in get_auth_headers
    token = await login_user(client, user_data)
app/tests/utils.py:20: in login_user
    response = await client.post("/auth/login", data={
/usr/local/lib/python3.11/site-packages/httpx/_client.py:1859: in post
    return await self.request(
/usr/local/lib/python3.11/site-packages/httpx/_client.py:1540: in request
    return await self.send(request, auth=auth, follow_redirects=follow_redirects)
/usr/local/lib/python3.11/site-packages/httpx/_client.py:1629: in send
    response = await self._send_handling_auth(
/usr/local/lib/python3.11/site-packages/httpx/_client.py:1657: in _send_handling_auth
    response = await self._send_handling_redirects(
/usr/local/lib/python3.11/site-packages/httpx/_client.py:1694: in _send_handling_redirects
    response = await self._send_single_request(request)
/usr/local/lib/python3.11/site-packages/httpx/_client.py:1730: in _send_single_request
    response = await transport.handle_async_request(request)
/usr/local/lib/python3.11/site-packages/httpx/_transports/asgi.py:170: in handle_async_request
    await self.app(scope, receive, send)
/usr/local/lib/python3.11/site-packages/fastapi/applications.py:1054: in __call__
    await super().__call__(scope, receive, send)
/usr/local/lib/python3.11/site-packages/starlette/applications.py:112: in __call__
    await self.middleware_stack(scope, receive, send)
/usr/local/lib/python3.11/site-packages/starlette/middleware/errors.py:187: in __call__
    raise exc
/usr/local/lib/python3.11/site-packages/starlette/middleware/errors.py:165: in __call__
    await self.app(scope, receive, _send)
/usr/local/lib/python3.11/site-packages/starlette/middleware/exceptions.py:62: in __call__
    await wrap_app_handling_exceptions(self.app, conn)(scope, receive, send)
/usr/local/lib/python3.11/site-packages/starlette/_exception_handler.py:53: in wrapped_app
    raise exc
/usr/local/lib/python3.11/site-packages/starlette/_exception_handler.py:42: in wrapped_app
    await app(scope, receive, sender)
/usr/local/lib/python3.11/site-packages/starlette/routing.py:714: in __call__
    await self.middleware_stack(scope, receive, send)
/usr/local/lib/python3.11/site-packages/starlette/routing.py:734: in app
    await route.handle(scope, receive, send)
/usr/local/lib/python3.11/site-packages/starlette/routing.py:288: in handle
    await self.app(scope, receive, send)
/usr/local/lib/python3.11/site-packages/starlette/routing.py:76: in app
    await wrap_app_handling_exceptions(app, request)(scope, receive, send)
/usr/local/lib/python3.11/site-packages/starlette/_exception_handler.py:53: in wrapped_app
    raise exc
/usr/local/lib/python3.11/site-packages/starlette/_exception_handler.py:42: in wrapped_app
    await app(scope, receive, sender)
/usr/local/lib/python3.11/site-packages/starlette/routing.py:73: in app
    response = await f(request)
/usr/local/lib/python3.11/site-packages/fastapi/routing.py:301: in app
    raw_response = await run_endpoint_function(
/usr/local/lib/python3.11/site-packages/fastapi/routing.py:212: in run_endpoint_function
    return await dependant.call(**values)
app/routers/auth.py:20: in login
    user = await user_crud.authenticate_user(db, form_data.username, form_data.password)
app/crud/user.py:83: in authenticate_user
    user = await get_user_by_email(db, email)
_ _ _ _ _ _ _ _ _ _ _ _ _ _ _ _ _ _ _ _ _ _ _ _ _ _ _ _ _ _ _ _ _ _ _ _ _ _ _ _ 

db = <sqlalchemy.orm.session.Session object at 0x774774ab6a50>
email = 'test@example.com'

    async def get_user_by_email(db: AsyncSession, email: str):
>       result = await db.execute(
            select(User).options(selectinload(User.courses)).where(User.email == email)
        )
E       TypeError: object ChunkedIteratorResult can't be used in 'await' expression

app/crud/user.py:26: TypeError
________________________ test_enroll_in_course[asyncio] ________________________

client = <httpx.AsyncClient object at 0x7747750ab810>

    @pytest.mark.anyio
    async def test_enroll_in_course(client):
>       await register_user(client, test_user_2)

app/tests/test_course.py:78: 
_ _ _ _ _ _ _ _ _ _ _ _ _ _ _ _ _ _ _ _ _ _ _ _ _ _ _ _ _ _ _ _ _ _ _ _ _ _ _ _ 
app/tests/utils.py:17: in register_user
    return await client.post("/auth/register", json=user_data)
/usr/local/lib/python3.11/site-packages/httpx/_client.py:1859: in post
    return await self.request(
/usr/local/lib/python3.11/site-packages/httpx/_client.py:1540: in request
    return await self.send(request, auth=auth, follow_redirects=follow_redirects)
/usr/local/lib/python3.11/site-packages/httpx/_client.py:1629: in send
    response = await self._send_handling_auth(
/usr/local/lib/python3.11/site-packages/httpx/_client.py:1657: in _send_handling_auth
    response = await self._send_handling_redirects(
/usr/local/lib/python3.11/site-packages/httpx/_client.py:1694: in _send_handling_redirects
    response = await self._send_single_request(request)
/usr/local/lib/python3.11/site-packages/httpx/_client.py:1730: in _send_single_request
    response = await transport.handle_async_request(request)
/usr/local/lib/python3.11/site-packages/httpx/_transports/asgi.py:170: in handle_async_request
    await self.app(scope, receive, send)
/usr/local/lib/python3.11/site-packages/fastapi/applications.py:1054: in __call__
    await super().__call__(scope, receive, send)
/usr/local/lib/python3.11/site-packages/starlette/applications.py:112: in __call__
    await self.middleware_stack(scope, receive, send)
/usr/local/lib/python3.11/site-packages/starlette/middleware/errors.py:187: in __call__
    raise exc
/usr/local/lib/python3.11/site-packages/starlette/middleware/errors.py:165: in __call__
    await self.app(scope, receive, _send)
/usr/local/lib/python3.11/site-packages/starlette/middleware/exceptions.py:62: in __call__
    await wrap_app_handling_exceptions(self.app, conn)(scope, receive, send)
/usr/local/lib/python3.11/site-packages/starlette/_exception_handler.py:53: in wrapped_app
    raise exc
/usr/local/lib/python3.11/site-packages/starlette/_exception_handler.py:42: in wrapped_app
    await app(scope, receive, sender)
/usr/local/lib/python3.11/site-packages/starlette/routing.py:714: in __call__
    await self.middleware_stack(scope, receive, send)
/usr/local/lib/python3.11/site-packages/starlette/routing.py:734: in app
    await route.handle(scope, receive, send)
/usr/local/lib/python3.11/site-packages/starlette/routing.py:288: in handle
    await self.app(scope, receive, send)
/usr/local/lib/python3.11/site-packages/starlette/routing.py:76: in app
    await wrap_app_handling_exceptions(app, request)(scope, receive, send)
/usr/local/lib/python3.11/site-packages/starlette/_exception_handler.py:53: in wrapped_app
    raise exc
/usr/local/lib/python3.11/site-packages/starlette/_exception_handler.py:42: in wrapped_app
    await app(scope, receive, sender)
/usr/local/lib/python3.11/site-packages/starlette/routing.py:73: in app
    response = await f(request)
/usr/local/lib/python3.11/site-packages/fastapi/routing.py:301: in app
    raw_response = await run_endpoint_function(
/usr/local/lib/python3.11/site-packages/fastapi/routing.py:212: in run_endpoint_function
    return await dependant.call(**values)
app/routers/auth.py:36: in register
    new_user = await user_crud.create_user(db, user_data)
_ _ _ _ _ _ _ _ _ _ _ _ _ _ _ _ _ _ _ _ _ _ _ _ _ _ _ _ _ _ _ _ _ _ _ _ _ _ _ _ 

db = <sqlalchemy.orm.session.Session object at 0x774774ea65d0>
user = UserCreate(username='seconduser', email='second@example.com', password='anotherpassword123')

    async def create_user(db: AsyncSession, user: UserCreate):
        hashed_password = pwd_context.hash(user.password)
        db_user = User(
            username=user.username,
            email=user.email,
            hashed_password=hashed_password
        )
        db.add(db_user)
        try:
>           await db.commit()
E           TypeError: object NoneType can't be used in 'await' expression

app/crud/user.py:48: TypeError
______________________ test_get_enrolled_courses[asyncio] ______________________

client = <httpx.AsyncClient object at 0x7747750ab810>

    @pytest.mark.anyio
    async def test_get_enrolled_courses(client):
>       headers = await get_auth_headers(client, test_user_2)

app/tests/test_course.py:98: 
_ _ _ _ _ _ _ _ _ _ _ _ _ _ _ _ _ _ _ _ _ _ _ _ _ _ _ _ _ _ _ _ _ _ _ _ _ _ _ _ 
app/tests/utils.py:27: in get_auth_headers
    token = await login_user(client, user_data)
app/tests/utils.py:20: in login_user
    response = await client.post("/auth/login", data={
/usr/local/lib/python3.11/site-packages/httpx/_client.py:1859: in post
    return await self.request(
/usr/local/lib/python3.11/site-packages/httpx/_client.py:1540: in request
    return await self.send(request, auth=auth, follow_redirects=follow_redirects)
/usr/local/lib/python3.11/site-packages/httpx/_client.py:1629: in send
    response = await self._send_handling_auth(
/usr/local/lib/python3.11/site-packages/httpx/_client.py:1657: in _send_handling_auth
    response = await self._send_handling_redirects(
/usr/local/lib/python3.11/site-packages/httpx/_client.py:1694: in _send_handling_redirects
    response = await self._send_single_request(request)
/usr/local/lib/python3.11/site-packages/httpx/_client.py:1730: in _send_single_request
    response = await transport.handle_async_request(request)
/usr/local/lib/python3.11/site-packages/httpx/_transports/asgi.py:170: in handle_async_request
    await self.app(scope, receive, send)
/usr/local/lib/python3.11/site-packages/fastapi/applications.py:1054: in __call__
    await super().__call__(scope, receive, send)
/usr/local/lib/python3.11/site-packages/starlette/applications.py:112: in __call__
    await self.middleware_stack(scope, receive, send)
/usr/local/lib/python3.11/site-packages/starlette/middleware/errors.py:187: in __call__
    raise exc
/usr/local/lib/python3.11/site-packages/starlette/middleware/errors.py:165: in __call__
    await self.app(scope, receive, _send)
/usr/local/lib/python3.11/site-packages/starlette/middleware/exceptions.py:62: in __call__
    await wrap_app_handling_exceptions(self.app, conn)(scope, receive, send)
/usr/local/lib/python3.11/site-packages/starlette/_exception_handler.py:53: in wrapped_app
    raise exc
/usr/local/lib/python3.11/site-packages/starlette/_exception_handler.py:42: in wrapped_app
    await app(scope, receive, sender)
/usr/local/lib/python3.11/site-packages/starlette/routing.py:714: in __call__
    await self.middleware_stack(scope, receive, send)
/usr/local/lib/python3.11/site-packages/starlette/routing.py:734: in app
    await route.handle(scope, receive, send)
/usr/local/lib/python3.11/site-packages/starlette/routing.py:288: in handle
    await self.app(scope, receive, send)
/usr/local/lib/python3.11/site-packages/starlette/routing.py:76: in app
    await wrap_app_handling_exceptions(app, request)(scope, receive, send)
/usr/local/lib/python3.11/site-packages/starlette/_exception_handler.py:53: in wrapped_app
    raise exc
/usr/local/lib/python3.11/site-packages/starlette/_exception_handler.py:42: in wrapped_app
    await app(scope, receive, sender)
/usr/local/lib/python3.11/site-packages/starlette/routing.py:73: in app
    response = await f(request)
/usr/local/lib/python3.11/site-packages/fastapi/routing.py:301: in app
    raw_response = await run_endpoint_function(
/usr/local/lib/python3.11/site-packages/fastapi/routing.py:212: in run_endpoint_function
    return await dependant.call(**values)
app/routers/auth.py:20: in login
    user = await user_crud.authenticate_user(db, form_data.username, form_data.password)
app/crud/user.py:83: in authenticate_user
    user = await get_user_by_email(db, email)
_ _ _ _ _ _ _ _ _ _ _ _ _ _ _ _ _ _ _ _ _ _ _ _ _ _ _ _ _ _ _ _ _ _ _ _ _ _ _ _ 

db = <sqlalchemy.orm.session.Session object at 0x774775291710>
email = 'second@example.com'

    async def get_user_by_email(db: AsyncSession, email: str):
>       result = await db.execute(
            select(User).options(selectinload(User.courses)).where(User.email == email)
        )
E       TypeError: object ChunkedIteratorResult can't be used in 'await' expression

app/crud/user.py:26: TypeError
___________________________ test_create_course[trio] ___________________________

self = <sqlalchemy.engine.base.Connection object at 0x774774ef8510>
dialect = <sqlalchemy.dialects.sqlite.pysqlite.SQLiteDialect_pysqlite object at 0x77477976fed0>
context = <sqlalchemy.dialects.sqlite.base.SQLiteExecutionContext object at 0x774774ef8310>
statement = <sqlalchemy.dialects.sqlite.base.SQLiteCompiler object at 0x7747754ab890>
parameters = [('testuser', 'test@example.com', '$2b$12$dalGMZNH31PM6YQpHCRjcenJr53CdpZz.pvTSuByiEtwcB1pywSbe')]

    def _exec_single_context(
        self,
        dialect: Dialect,
        context: ExecutionContext,
        statement: Union[str, Compiled],
        parameters: Optional[_AnyMultiExecuteParams],
    ) -> CursorResult[Any]:
        """continue the _execute_context() method for a single DBAPI
        cursor.execute() or cursor.executemany() call.
    
        """
        if dialect.bind_typing is BindTyping.SETINPUTSIZES:
            generic_setinputsizes = context._prepare_set_input_sizes()
    
            if generic_setinputsizes:
                try:
                    dialect.do_set_input_sizes(
                        context.cursor, generic_setinputsizes, context
                    )
                except BaseException as e:
                    self._handle_dbapi_exception(
                        e, str(statement), parameters, None, context
                    )
    
        cursor, str_statement, parameters = (
            context.cursor,
            context.statement,
            context.parameters,
        )
    
        effective_parameters: Optional[_AnyExecuteParams]
    
        if not context.executemany:
            effective_parameters = parameters[0]
        else:
            effective_parameters = parameters
    
        if self._has_events or self.engine._has_events:
            for fn in self.dispatch.before_cursor_execute:
                str_statement, effective_parameters = fn(
                    self,
                    cursor,
                    str_statement,
                    effective_parameters,
                    context,
                    context.executemany,
                )
    
        if self._echo:
            self._log_info(str_statement)
    
            stats = context._get_cache_stats()
    
            if not self.engine.hide_parameters:
                self._log_info(
                    "[%s] %r",
                    stats,
                    sql_util._repr_params(
                        effective_parameters,
                        batches=10,
                        ismulti=context.executemany,
                    ),
                )
            else:
                self._log_info(
                    "[%s] [SQL parameters hidden due to hide_parameters=True]",
                    stats,
                )
    
        evt_handled: bool = False
        try:
            if context.execute_style is ExecuteStyle.EXECUTEMANY:
                effective_parameters = cast(
                    "_CoreMultiExecuteParams", effective_parameters
                )
                if self.dialect._has_events:
                    for fn in self.dialect.dispatch.do_executemany:
                        if fn(
                            cursor,
                            str_statement,
                            effective_parameters,
                            context,
                        ):
                            evt_handled = True
                            break
                if not evt_handled:
                    self.dialect.do_executemany(
                        cursor,
                        str_statement,
                        effective_parameters,
                        context,
                    )
            elif not effective_parameters and context.no_parameters:
                if self.dialect._has_events:
                    for fn in self.dialect.dispatch.do_execute_no_params:
                        if fn(cursor, str_statement, context):
                            evt_handled = True
                            break
                if not evt_handled:
                    self.dialect.do_execute_no_params(
                        cursor, str_statement, context
                    )
            else:
                effective_parameters = cast(
                    "_CoreSingleExecuteParams", effective_parameters
                )
                if self.dialect._has_events:
                    for fn in self.dialect.dispatch.do_execute:
                        if fn(
                            cursor,
                            str_statement,
                            effective_parameters,
                            context,
                        ):
                            evt_handled = True
                            break
                if not evt_handled:
>                   self.dialect.do_execute(
                        cursor, str_statement, effective_parameters, context
                    )

/usr/local/lib/python3.11/site-packages/sqlalchemy/engine/base.py:1964: 
_ _ _ _ _ _ _ _ _ _ _ _ _ _ _ _ _ _ _ _ _ _ _ _ _ _ _ _ _ _ _ _ _ _ _ _ _ _ _ _ 

self = <sqlalchemy.dialects.sqlite.pysqlite.SQLiteDialect_pysqlite object at 0x77477976fed0>
cursor = <sqlite3.Cursor object at 0x7747755fc140>
statement = 'INSERT INTO users (username, email, hashed_password) VALUES (?, ?, ?)'
parameters = ('testuser', 'test@example.com', '$2b$12$dalGMZNH31PM6YQpHCRjcenJr53CdpZz.pvTSuByiEtwcB1pywSbe')
context = <sqlalchemy.dialects.sqlite.base.SQLiteExecutionContext object at 0x774774ef8310>

    def do_execute(self, cursor, statement, parameters, context=None):
>       cursor.execute(statement, parameters)
E       sqlite3.IntegrityError: UNIQUE constraint failed: users.email

/usr/local/lib/python3.11/site-packages/sqlalchemy/engine/default.py:945: IntegrityError

The above exception was the direct cause of the following exception:

db = <sqlalchemy.orm.session.Session object at 0x774774efb110>
user = UserCreate(username='testuser', email='test@example.com', password='strongpassword123')

    async def create_user(db: AsyncSession, user: UserCreate):
        hashed_password = pwd_context.hash(user.password)
        db_user = User(
            username=user.username,
            email=user.email,
            hashed_password=hashed_password
        )
        db.add(db_user)
        try:
>           await db.commit()

app/crud/user.py:48: 
_ _ _ _ _ _ _ _ _ _ _ _ _ _ _ _ _ _ _ _ _ _ _ _ _ _ _ _ _ _ _ _ _ _ _ _ _ _ _ _ 
/usr/local/lib/python3.11/site-packages/sqlalchemy/orm/session.py:2032: in commit
    trans.commit(_to_root=True)
/usr/local/lib/python3.11/site-packages/sqlalchemy/orm/state_changes.py:139: in _go
    ret_value = fn(self, *arg, **kw)
/usr/local/lib/python3.11/site-packages/sqlalchemy/orm/session.py:1313: in commit
    self._prepare_impl()
/usr/local/lib/python3.11/site-packages/sqlalchemy/orm/state_changes.py:139: in _go
    ret_value = fn(self, *arg, **kw)
/usr/local/lib/python3.11/site-packages/sqlalchemy/orm/session.py:1288: in _prepare_impl
    self.session.flush()
/usr/local/lib/python3.11/site-packages/sqlalchemy/orm/session.py:4353: in flush
    self._flush(objects)
/usr/local/lib/python3.11/site-packages/sqlalchemy/orm/session.py:4488: in _flush
    with util.safe_reraise():
/usr/local/lib/python3.11/site-packages/sqlalchemy/util/langhelpers.py:146: in __exit__
    raise exc_value.with_traceback(exc_tb)
/usr/local/lib/python3.11/site-packages/sqlalchemy/orm/session.py:4449: in _flush
    flush_context.execute()
/usr/local/lib/python3.11/site-packages/sqlalchemy/orm/unitofwork.py:466: in execute
    rec.execute(self)
/usr/local/lib/python3.11/site-packages/sqlalchemy/orm/unitofwork.py:642: in execute
    util.preloaded.orm_persistence.save_obj(
/usr/local/lib/python3.11/site-packages/sqlalchemy/orm/persistence.py:93: in save_obj
    _emit_insert_statements(
/usr/local/lib/python3.11/site-packages/sqlalchemy/orm/persistence.py:1233: in _emit_insert_statements
    result = connection.execute(
/usr/local/lib/python3.11/site-packages/sqlalchemy/engine/base.py:1416: in execute
    return meth(
/usr/local/lib/python3.11/site-packages/sqlalchemy/sql/elements.py:523: in _execute_on_connection
    return connection._execute_clauseelement(
/usr/local/lib/python3.11/site-packages/sqlalchemy/engine/base.py:1638: in _execute_clauseelement
    ret = self._execute_context(
/usr/local/lib/python3.11/site-packages/sqlalchemy/engine/base.py:1843: in _execute_context
    return self._exec_single_context(
/usr/local/lib/python3.11/site-packages/sqlalchemy/engine/base.py:1983: in _exec_single_context
    self._handle_dbapi_exception(
/usr/local/lib/python3.11/site-packages/sqlalchemy/engine/base.py:2352: in _handle_dbapi_exception
    raise sqlalchemy_exception.with_traceback(exc_info[2]) from e
/usr/local/lib/python3.11/site-packages/sqlalchemy/engine/base.py:1964: in _exec_single_context
    self.dialect.do_execute(
_ _ _ _ _ _ _ _ _ _ _ _ _ _ _ _ _ _ _ _ _ _ _ _ _ _ _ _ _ _ _ _ _ _ _ _ _ _ _ _ 

self = <sqlalchemy.dialects.sqlite.pysqlite.SQLiteDialect_pysqlite object at 0x77477976fed0>
cursor = <sqlite3.Cursor object at 0x7747755fc140>
statement = 'INSERT INTO users (username, email, hashed_password) VALUES (?, ?, ?)'
parameters = ('testuser', 'test@example.com', '$2b$12$dalGMZNH31PM6YQpHCRjcenJr53CdpZz.pvTSuByiEtwcB1pywSbe')
context = <sqlalchemy.dialects.sqlite.base.SQLiteExecutionContext object at 0x774774ef8310>

    def do_execute(self, cursor, statement, parameters, context=None):
>       cursor.execute(statement, parameters)
E       sqlalchemy.exc.IntegrityError: (sqlite3.IntegrityError) UNIQUE constraint failed: users.email
E       [SQL: INSERT INTO users (username, email, hashed_password) VALUES (?, ?, ?)]
E       [parameters: ('testuser', 'test@example.com', '$2b$12$dalGMZNH31PM6YQpHCRjcenJr53CdpZz.pvTSuByiEtwcB1pywSbe')]
E       (Background on this error at: https://sqlalche.me/e/20/gkpj)

/usr/local/lib/python3.11/site-packages/sqlalchemy/engine/default.py:945: IntegrityError

During handling of the above exception, another exception occurred:

client = <httpx.AsyncClient object at 0x7747750ab810>

    @pytest.mark.anyio
    async def test_create_course(client):
>       await register_user(client, test_user)

app/tests/test_course.py:9: 
_ _ _ _ _ _ _ _ _ _ _ _ _ _ _ _ _ _ _ _ _ _ _ _ _ _ _ _ _ _ _ _ _ _ _ _ _ _ _ _ 
app/tests/utils.py:17: in register_user
    return await client.post("/auth/register", json=user_data)
/usr/local/lib/python3.11/site-packages/httpx/_client.py:1859: in post
    return await self.request(
/usr/local/lib/python3.11/site-packages/httpx/_client.py:1540: in request
    return await self.send(request, auth=auth, follow_redirects=follow_redirects)
/usr/local/lib/python3.11/site-packages/httpx/_client.py:1629: in send
    response = await self._send_handling_auth(
/usr/local/lib/python3.11/site-packages/httpx/_client.py:1657: in _send_handling_auth
    response = await self._send_handling_redirects(
/usr/local/lib/python3.11/site-packages/httpx/_client.py:1694: in _send_handling_redirects
    response = await self._send_single_request(request)
/usr/local/lib/python3.11/site-packages/httpx/_client.py:1730: in _send_single_request
    response = await transport.handle_async_request(request)
/usr/local/lib/python3.11/site-packages/httpx/_transports/asgi.py:170: in handle_async_request
    await self.app(scope, receive, send)
/usr/local/lib/python3.11/site-packages/fastapi/applications.py:1054: in __call__
    await super().__call__(scope, receive, send)
/usr/local/lib/python3.11/site-packages/starlette/applications.py:112: in __call__
    await self.middleware_stack(scope, receive, send)
/usr/local/lib/python3.11/site-packages/starlette/middleware/errors.py:187: in __call__
    raise exc
/usr/local/lib/python3.11/site-packages/starlette/middleware/errors.py:165: in __call__
    await self.app(scope, receive, _send)
/usr/local/lib/python3.11/site-packages/starlette/middleware/exceptions.py:62: in __call__
    await wrap_app_handling_exceptions(self.app, conn)(scope, receive, send)
/usr/local/lib/python3.11/site-packages/starlette/_exception_handler.py:53: in wrapped_app
    raise exc
/usr/local/lib/python3.11/site-packages/starlette/_exception_handler.py:42: in wrapped_app
    await app(scope, receive, sender)
/usr/local/lib/python3.11/site-packages/starlette/routing.py:714: in __call__
    await self.middleware_stack(scope, receive, send)
/usr/local/lib/python3.11/site-packages/starlette/routing.py:734: in app
    await route.handle(scope, receive, send)
/usr/local/lib/python3.11/site-packages/starlette/routing.py:288: in handle
    await self.app(scope, receive, send)
/usr/local/lib/python3.11/site-packages/starlette/routing.py:76: in app
    await wrap_app_handling_exceptions(app, request)(scope, receive, send)
/usr/local/lib/python3.11/site-packages/starlette/_exception_handler.py:53: in wrapped_app
    raise exc
/usr/local/lib/python3.11/site-packages/starlette/_exception_handler.py:42: in wrapped_app
    await app(scope, receive, sender)
/usr/local/lib/python3.11/site-packages/starlette/routing.py:73: in app
    response = await f(request)
/usr/local/lib/python3.11/site-packages/fastapi/routing.py:301: in app
    raw_response = await run_endpoint_function(
/usr/local/lib/python3.11/site-packages/fastapi/routing.py:212: in run_endpoint_function
    return await dependant.call(**values)
app/routers/auth.py:36: in register
    new_user = await user_crud.create_user(db, user_data)
_ _ _ _ _ _ _ _ _ _ _ _ _ _ _ _ _ _ _ _ _ _ _ _ _ _ _ _ _ _ _ _ _ _ _ _ _ _ _ _ 

db = <sqlalchemy.orm.session.Session object at 0x774774efb110>
user = UserCreate(username='testuser', email='test@example.com', password='strongpassword123')

    async def create_user(db: AsyncSession, user: UserCreate):
        hashed_password = pwd_context.hash(user.password)
        db_user = User(
            username=user.username,
            email=user.email,
            hashed_password=hashed_password
        )
        db.add(db_user)
        try:
            await db.commit()
            result = await db.execute(
                select(User).options(selectinload(User.courses)).where(User.id == db_user.id)
            )
            return result.scalar_one()
        except IntegrityError as e:
>           await db.rollback()
E           TypeError: object NoneType can't be used in 'await' expression

app/crud/user.py:54: TypeError
__________________________ test_get_all_courses[trio] __________________________

client = <httpx.AsyncClient object at 0x7747750ab810>

    @pytest.mark.anyio
    async def test_get_all_courses(client):
        # Sin token â†’ 401
        response = await client.get("/courses/")
>       assert response.status_code == 401
E       assert 403 == 401
E        +  where 403 = <Response [403 Forbidden]>.status_code

app/tests/test_course.py:22: AssertionError
_________________________ test_get_course_by_id[trio] __________________________

client = <httpx.AsyncClient object at 0x7747750ab810>

    @pytest.mark.anyio
    async def test_get_course_by_id(client):
>       headers = await get_auth_headers(client, test_user)

app/tests/test_course.py:32: 
_ _ _ _ _ _ _ _ _ _ _ _ _ _ _ _ _ _ _ _ _ _ _ _ _ _ _ _ _ _ _ _ _ _ _ _ _ _ _ _ 
app/tests/utils.py:27: in get_auth_headers
    token = await login_user(client, user_data)
app/tests/utils.py:20: in login_user
    response = await client.post("/auth/login", data={
/usr/local/lib/python3.11/site-packages/httpx/_client.py:1859: in post
    return await self.request(
/usr/local/lib/python3.11/site-packages/httpx/_client.py:1540: in request
    return await self.send(request, auth=auth, follow_redirects=follow_redirects)
/usr/local/lib/python3.11/site-packages/httpx/_client.py:1629: in send
    response = await self._send_handling_auth(
/usr/local/lib/python3.11/site-packages/httpx/_client.py:1657: in _send_handling_auth
    response = await self._send_handling_redirects(
/usr/local/lib/python3.11/site-packages/httpx/_client.py:1694: in _send_handling_redirects
    response = await self._send_single_request(request)
/usr/local/lib/python3.11/site-packages/httpx/_client.py:1730: in _send_single_request
    response = await transport.handle_async_request(request)
/usr/local/lib/python3.11/site-packages/httpx/_transports/asgi.py:170: in handle_async_request
    await self.app(scope, receive, send)
/usr/local/lib/python3.11/site-packages/fastapi/applications.py:1054: in __call__
    await super().__call__(scope, receive, send)
/usr/local/lib/python3.11/site-packages/starlette/applications.py:112: in __call__
    await self.middleware_stack(scope, receive, send)
/usr/local/lib/python3.11/site-packages/starlette/middleware/errors.py:187: in __call__
    raise exc
/usr/local/lib/python3.11/site-packages/starlette/middleware/errors.py:165: in __call__
    await self.app(scope, receive, _send)
/usr/local/lib/python3.11/site-packages/starlette/middleware/exceptions.py:62: in __call__
    await wrap_app_handling_exceptions(self.app, conn)(scope, receive, send)
/usr/local/lib/python3.11/site-packages/starlette/_exception_handler.py:53: in wrapped_app
    raise exc
/usr/local/lib/python3.11/site-packages/starlette/_exception_handler.py:42: in wrapped_app
    await app(scope, receive, sender)
/usr/local/lib/python3.11/site-packages/starlette/routing.py:714: in __call__
    await self.middleware_stack(scope, receive, send)
/usr/local/lib/python3.11/site-packages/starlette/routing.py:734: in app
    await route.handle(scope, receive, send)
/usr/local/lib/python3.11/site-packages/starlette/routing.py:288: in handle
    await self.app(scope, receive, send)
/usr/local/lib/python3.11/site-packages/starlette/routing.py:76: in app
    await wrap_app_handling_exceptions(app, request)(scope, receive, send)
/usr/local/lib/python3.11/site-packages/starlette/_exception_handler.py:53: in wrapped_app
    raise exc
/usr/local/lib/python3.11/site-packages/starlette/_exception_handler.py:42: in wrapped_app
    await app(scope, receive, sender)
/usr/local/lib/python3.11/site-packages/starlette/routing.py:73: in app
    response = await f(request)
/usr/local/lib/python3.11/site-packages/fastapi/routing.py:301: in app
    raw_response = await run_endpoint_function(
/usr/local/lib/python3.11/site-packages/fastapi/routing.py:212: in run_endpoint_function
    return await dependant.call(**values)
app/routers/auth.py:20: in login
    user = await user_crud.authenticate_user(db, form_data.username, form_data.password)
app/crud/user.py:83: in authenticate_user
    user = await get_user_by_email(db, email)
_ _ _ _ _ _ _ _ _ _ _ _ _ _ _ _ _ _ _ _ _ _ _ _ _ _ _ _ _ _ _ _ _ _ _ _ _ _ _ _ 

db = <sqlalchemy.orm.session.Session object at 0x7747741e2090>
email = 'test@example.com'

    async def get_user_by_email(db: AsyncSession, email: str):
>       result = await db.execute(
            select(User).options(selectinload(User.courses)).where(User.email == email)
        )
E       TypeError: object ChunkedIteratorResult can't be used in 'await' expression

app/crud/user.py:26: TypeError
___________________________ test_update_course[trio] ___________________________

client = <httpx.AsyncClient object at 0x7747750ab810>

    @pytest.mark.anyio
    async def test_update_course(client):
>       headers = await get_auth_headers(client, test_user)

app/tests/test_course.py:46: 
_ _ _ _ _ _ _ _ _ _ _ _ _ _ _ _ _ _ _ _ _ _ _ _ _ _ _ _ _ _ _ _ _ _ _ _ _ _ _ _ 
app/tests/utils.py:27: in get_auth_headers
    token = await login_user(client, user_data)
app/tests/utils.py:20: in login_user
    response = await client.post("/auth/login", data={
/usr/local/lib/python3.11/site-packages/httpx/_client.py:1859: in post
    return await self.request(
/usr/local/lib/python3.11/site-packages/httpx/_client.py:1540: in request
    return await self.send(request, auth=auth, follow_redirects=follow_redirects)
/usr/local/lib/python3.11/site-packages/httpx/_client.py:1629: in send
    response = await self._send_handling_auth(
/usr/local/lib/python3.11/site-packages/httpx/_client.py:1657: in _send_handling_auth
    response = await self._send_handling_redirects(
/usr/local/lib/python3.11/site-packages/httpx/_client.py:1694: in _send_handling_redirects
    response = await self._send_single_request(request)
/usr/local/lib/python3.11/site-packages/httpx/_client.py:1730: in _send_single_request
    response = await transport.handle_async_request(request)
/usr/local/lib/python3.11/site-packages/httpx/_transports/asgi.py:170: in handle_async_request
    await self.app(scope, receive, send)
/usr/local/lib/python3.11/site-packages/fastapi/applications.py:1054: in __call__
    await super().__call__(scope, receive, send)
/usr/local/lib/python3.11/site-packages/starlette/applications.py:112: in __call__
    await self.middleware_stack(scope, receive, send)
/usr/local/lib/python3.11/site-packages/starlette/middleware/errors.py:187: in __call__
    raise exc
/usr/local/lib/python3.11/site-packages/starlette/middleware/errors.py:165: in __call__
    await self.app(scope, receive, _send)
/usr/local/lib/python3.11/site-packages/starlette/middleware/exceptions.py:62: in __call__
    await wrap_app_handling_exceptions(self.app, conn)(scope, receive, send)
/usr/local/lib/python3.11/site-packages/starlette/_exception_handler.py:53: in wrapped_app
    raise exc
/usr/local/lib/python3.11/site-packages/starlette/_exception_handler.py:42: in wrapped_app
    await app(scope, receive, sender)
/usr/local/lib/python3.11/site-packages/starlette/routing.py:714: in __call__
    await self.middleware_stack(scope, receive, send)
/usr/local/lib/python3.11/site-packages/starlette/routing.py:734: in app
    await route.handle(scope, receive, send)
/usr/local/lib/python3.11/site-packages/starlette/routing.py:288: in handle
    await self.app(scope, receive, send)
/usr/local/lib/python3.11/site-packages/starlette/routing.py:76: in app
    await wrap_app_handling_exceptions(app, request)(scope, receive, send)
/usr/local/lib/python3.11/site-packages/starlette/_exception_handler.py:53: in wrapped_app
    raise exc
/usr/local/lib/python3.11/site-packages/starlette/_exception_handler.py:42: in wrapped_app
    await app(scope, receive, sender)
/usr/local/lib/python3.11/site-packages/starlette/routing.py:73: in app
    response = await f(request)
/usr/local/lib/python3.11/site-packages/fastapi/routing.py:301: in app
    raw_response = await run_endpoint_function(
/usr/local/lib/python3.11/site-packages/fastapi/routing.py:212: in run_endpoint_function
    return await dependant.call(**values)
app/routers/auth.py:20: in login
    user = await user_crud.authenticate_user(db, form_data.username, form_data.password)
app/crud/user.py:83: in authenticate_user
    user = await get_user_by_email(db, email)
_ _ _ _ _ _ _ _ _ _ _ _ _ _ _ _ _ _ _ _ _ _ _ _ _ _ _ _ _ _ _ _ _ _ _ _ _ _ _ _ 

db = <sqlalchemy.orm.session.Session object at 0x774775272950>
email = 'test@example.com'

    async def get_user_by_email(db: AsyncSession, email: str):
>       result = await db.execute(
            select(User).options(selectinload(User.courses)).where(User.email == email)
        )
E       TypeError: object ChunkedIteratorResult can't be used in 'await' expression

app/crud/user.py:26: TypeError
___________________________ test_delete_course[trio] ___________________________

client = <httpx.AsyncClient object at 0x7747750ab810>

    @pytest.mark.anyio
    async def test_delete_course(client):
>       headers = await get_auth_headers(client, test_user)

app/tests/test_course.py:61: 
_ _ _ _ _ _ _ _ _ _ _ _ _ _ _ _ _ _ _ _ _ _ _ _ _ _ _ _ _ _ _ _ _ _ _ _ _ _ _ _ 
app/tests/utils.py:27: in get_auth_headers
    token = await login_user(client, user_data)
app/tests/utils.py:20: in login_user
    response = await client.post("/auth/login", data={
/usr/local/lib/python3.11/site-packages/httpx/_client.py:1859: in post
    return await self.request(
/usr/local/lib/python3.11/site-packages/httpx/_client.py:1540: in request
    return await self.send(request, auth=auth, follow_redirects=follow_redirects)
/usr/local/lib/python3.11/site-packages/httpx/_client.py:1629: in send
    response = await self._send_handling_auth(
/usr/local/lib/python3.11/site-packages/httpx/_client.py:1657: in _send_handling_auth
    response = await self._send_handling_redirects(
/usr/local/lib/python3.11/site-packages/httpx/_client.py:1694: in _send_handling_redirects
    response = await self._send_single_request(request)
/usr/local/lib/python3.11/site-packages/httpx/_client.py:1730: in _send_single_request
    response = await transport.handle_async_request(request)
/usr/local/lib/python3.11/site-packages/httpx/_transports/asgi.py:170: in handle_async_request
    await self.app(scope, receive, send)
/usr/local/lib/python3.11/site-packages/fastapi/applications.py:1054: in __call__
    await super().__call__(scope, receive, send)
/usr/local/lib/python3.11/site-packages/starlette/applications.py:112: in __call__
    await self.middleware_stack(scope, receive, send)
/usr/local/lib/python3.11/site-packages/starlette/middleware/errors.py:187: in __call__
    raise exc
/usr/local/lib/python3.11/site-packages/starlette/middleware/errors.py:165: in __call__
    await self.app(scope, receive, _send)
/usr/local/lib/python3.11/site-packages/starlette/middleware/exceptions.py:62: in __call__
    await wrap_app_handling_exceptions(self.app, conn)(scope, receive, send)
/usr/local/lib/python3.11/site-packages/starlette/_exception_handler.py:53: in wrapped_app
    raise exc
/usr/local/lib/python3.11/site-packages/starlette/_exception_handler.py:42: in wrapped_app
    await app(scope, receive, sender)
/usr/local/lib/python3.11/site-packages/starlette/routing.py:714: in __call__
    await self.middleware_stack(scope, receive, send)
/usr/local/lib/python3.11/site-packages/starlette/routing.py:734: in app
    await route.handle(scope, receive, send)
/usr/local/lib/python3.11/site-packages/starlette/routing.py:288: in handle
    await self.app(scope, receive, send)
/usr/local/lib/python3.11/site-packages/starlette/routing.py:76: in app
    await wrap_app_handling_exceptions(app, request)(scope, receive, send)
/usr/local/lib/python3.11/site-packages/starlette/_exception_handler.py:53: in wrapped_app
    raise exc
/usr/local/lib/python3.11/site-packages/starlette/_exception_handler.py:42: in wrapped_app
    await app(scope, receive, sender)
/usr/local/lib/python3.11/site-packages/starlette/routing.py:73: in app
    response = await f(request)
/usr/local/lib/python3.11/site-packages/fastapi/routing.py:301: in app
    raw_response = await run_endpoint_function(
/usr/local/lib/python3.11/site-packages/fastapi/routing.py:212: in run_endpoint_function
    return await dependant.call(**values)
app/routers/auth.py:20: in login
    user = await user_crud.authenticate_user(db, form_data.username, form_data.password)
app/crud/user.py:83: in authenticate_user
    user = await get_user_by_email(db, email)
_ _ _ _ _ _ _ _ _ _ _ _ _ _ _ _ _ _ _ _ _ _ _ _ _ _ _ _ _ _ _ _ _ _ _ _ _ _ _ _ 

db = <sqlalchemy.orm.session.Session object at 0x774774a7bbd0>
email = 'test@example.com'

    async def get_user_by_email(db: AsyncSession, email: str):
>       result = await db.execute(
            select(User).options(selectinload(User.courses)).where(User.email == email)
        )
E       TypeError: object ChunkedIteratorResult can't be used in 'await' expression

app/crud/user.py:26: TypeError
_________________________ test_enroll_in_course[trio] __________________________

self = <sqlalchemy.engine.base.Connection object at 0x774774e8e290>
dialect = <sqlalchemy.dialects.sqlite.pysqlite.SQLiteDialect_pysqlite object at 0x77477976fed0>
context = <sqlalchemy.dialects.sqlite.base.SQLiteExecutionContext object at 0x774774e8f6d0>
statement = <sqlalchemy.dialects.sqlite.base.SQLiteCompiler object at 0x7747754ab890>
parameters = [('seconduser', 'second@example.com', '$2b$12$EJWUOBAZRW/3YXPRZPs/8e329CTHgJsCR0xHcBtBCzptwpQ1aYkny')]

    def _exec_single_context(
        self,
        dialect: Dialect,
        context: ExecutionContext,
        statement: Union[str, Compiled],
        parameters: Optional[_AnyMultiExecuteParams],
    ) -> CursorResult[Any]:
        """continue the _execute_context() method for a single DBAPI
        cursor.execute() or cursor.executemany() call.
    
        """
        if dialect.bind_typing is BindTyping.SETINPUTSIZES:
            generic_setinputsizes = context._prepare_set_input_sizes()
    
            if generic_setinputsizes:
                try:
                    dialect.do_set_input_sizes(
                        context.cursor, generic_setinputsizes, context
                    )
                except BaseException as e:
                    self._handle_dbapi_exception(
                        e, str(statement), parameters, None, context
                    )
    
        cursor, str_statement, parameters = (
            context.cursor,
            context.statement,
            context.parameters,
        )
    
        effective_parameters: Optional[_AnyExecuteParams]
    
        if not context.executemany:
            effective_parameters = parameters[0]
        else:
            effective_parameters = parameters
    
        if self._has_events or self.engine._has_events:
            for fn in self.dispatch.before_cursor_execute:
                str_statement, effective_parameters = fn(
                    self,
                    cursor,
                    str_statement,
                    effective_parameters,
                    context,
                    context.executemany,
                )
    
        if self._echo:
            self._log_info(str_statement)
    
            stats = context._get_cache_stats()
    
            if not self.engine.hide_parameters:
                self._log_info(
                    "[%s] %r",
                    stats,
                    sql_util._repr_params(
                        effective_parameters,
                        batches=10,
                        ismulti=context.executemany,
                    ),
                )
            else:
                self._log_info(
                    "[%s] [SQL parameters hidden due to hide_parameters=True]",
                    stats,
                )
    
        evt_handled: bool = False
        try:
            if context.execute_style is ExecuteStyle.EXECUTEMANY:
                effective_parameters = cast(
                    "_CoreMultiExecuteParams", effective_parameters
                )
                if self.dialect._has_events:
                    for fn in self.dialect.dispatch.do_executemany:
                        if fn(
                            cursor,
                            str_statement,
                            effective_parameters,
                            context,
                        ):
                            evt_handled = True
                            break
                if not evt_handled:
                    self.dialect.do_executemany(
                        cursor,
                        str_statement,
                        effective_parameters,
                        context,
                    )
            elif not effective_parameters and context.no_parameters:
                if self.dialect._has_events:
                    for fn in self.dialect.dispatch.do_execute_no_params:
                        if fn(cursor, str_statement, context):
                            evt_handled = True
                            break
                if not evt_handled:
                    self.dialect.do_execute_no_params(
                        cursor, str_statement, context
                    )
            else:
                effective_parameters = cast(
                    "_CoreSingleExecuteParams", effective_parameters
                )
                if self.dialect._has_events:
                    for fn in self.dialect.dispatch.do_execute:
                        if fn(
                            cursor,
                            str_statement,
                            effective_parameters,
                            context,
                        ):
                            evt_handled = True
                            break
                if not evt_handled:
>                   self.dialect.do_execute(
                        cursor, str_statement, effective_parameters, context
                    )

/usr/local/lib/python3.11/site-packages/sqlalchemy/engine/base.py:1964: 
_ _ _ _ _ _ _ _ _ _ _ _ _ _ _ _ _ _ _ _ _ _ _ _ _ _ _ _ _ _ _ _ _ _ _ _ _ _ _ _ 

self = <sqlalchemy.dialects.sqlite.pysqlite.SQLiteDialect_pysqlite object at 0x77477976fed0>
cursor = <sqlite3.Cursor object at 0x774774e3fbc0>
statement = 'INSERT INTO users (username, email, hashed_password) VALUES (?, ?, ?)'
parameters = ('seconduser', 'second@example.com', '$2b$12$EJWUOBAZRW/3YXPRZPs/8e329CTHgJsCR0xHcBtBCzptwpQ1aYkny')
context = <sqlalchemy.dialects.sqlite.base.SQLiteExecutionContext object at 0x774774e8f6d0>

    def do_execute(self, cursor, statement, parameters, context=None):
>       cursor.execute(statement, parameters)
E       sqlite3.IntegrityError: UNIQUE constraint failed: users.email

/usr/local/lib/python3.11/site-packages/sqlalchemy/engine/default.py:945: IntegrityError

The above exception was the direct cause of the following exception:

db = <sqlalchemy.orm.session.Session object at 0x774774e8dfd0>
user = UserCreate(username='seconduser', email='second@example.com', password='anotherpassword123')

    async def create_user(db: AsyncSession, user: UserCreate):
        hashed_password = pwd_context.hash(user.password)
        db_user = User(
            username=user.username,
            email=user.email,
            hashed_password=hashed_password
        )
        db.add(db_user)
        try:
>           await db.commit()

app/crud/user.py:48: 
_ _ _ _ _ _ _ _ _ _ _ _ _ _ _ _ _ _ _ _ _ _ _ _ _ _ _ _ _ _ _ _ _ _ _ _ _ _ _ _ 
/usr/local/lib/python3.11/site-packages/sqlalchemy/orm/session.py:2032: in commit
    trans.commit(_to_root=True)
/usr/local/lib/python3.11/site-packages/sqlalchemy/orm/state_changes.py:139: in _go
    ret_value = fn(self, *arg, **kw)
/usr/local/lib/python3.11/site-packages/sqlalchemy/orm/session.py:1313: in commit
    self._prepare_impl()
/usr/local/lib/python3.11/site-packages/sqlalchemy/orm/state_changes.py:139: in _go
    ret_value = fn(self, *arg, **kw)
/usr/local/lib/python3.11/site-packages/sqlalchemy/orm/session.py:1288: in _prepare_impl
    self.session.flush()
/usr/local/lib/python3.11/site-packages/sqlalchemy/orm/session.py:4353: in flush
    self._flush(objects)
/usr/local/lib/python3.11/site-packages/sqlalchemy/orm/session.py:4488: in _flush
    with util.safe_reraise():
/usr/local/lib/python3.11/site-packages/sqlalchemy/util/langhelpers.py:146: in __exit__
    raise exc_value.with_traceback(exc_tb)
/usr/local/lib/python3.11/site-packages/sqlalchemy/orm/session.py:4449: in _flush
    flush_context.execute()
/usr/local/lib/python3.11/site-packages/sqlalchemy/orm/unitofwork.py:466: in execute
    rec.execute(self)
/usr/local/lib/python3.11/site-packages/sqlalchemy/orm/unitofwork.py:642: in execute
    util.preloaded.orm_persistence.save_obj(
/usr/local/lib/python3.11/site-packages/sqlalchemy/orm/persistence.py:93: in save_obj
    _emit_insert_statements(
/usr/local/lib/python3.11/site-packages/sqlalchemy/orm/persistence.py:1233: in _emit_insert_statements
    result = connection.execute(
/usr/local/lib/python3.11/site-packages/sqlalchemy/engine/base.py:1416: in execute
    return meth(
/usr/local/lib/python3.11/site-packages/sqlalchemy/sql/elements.py:523: in _execute_on_connection
    return connection._execute_clauseelement(
/usr/local/lib/python3.11/site-packages/sqlalchemy/engine/base.py:1638: in _execute_clauseelement
    ret = self._execute_context(
/usr/local/lib/python3.11/site-packages/sqlalchemy/engine/base.py:1843: in _execute_context
    return self._exec_single_context(
/usr/local/lib/python3.11/site-packages/sqlalchemy/engine/base.py:1983: in _exec_single_context
    self._handle_dbapi_exception(
/usr/local/lib/python3.11/site-packages/sqlalchemy/engine/base.py:2352: in _handle_dbapi_exception
    raise sqlalchemy_exception.with_traceback(exc_info[2]) from e
/usr/local/lib/python3.11/site-packages/sqlalchemy/engine/base.py:1964: in _exec_single_context
    self.dialect.do_execute(
_ _ _ _ _ _ _ _ _ _ _ _ _ _ _ _ _ _ _ _ _ _ _ _ _ _ _ _ _ _ _ _ _ _ _ _ _ _ _ _ 

self = <sqlalchemy.dialects.sqlite.pysqlite.SQLiteDialect_pysqlite object at 0x77477976fed0>
cursor = <sqlite3.Cursor object at 0x774774e3fbc0>
statement = 'INSERT INTO users (username, email, hashed_password) VALUES (?, ?, ?)'
parameters = ('seconduser', 'second@example.com', '$2b$12$EJWUOBAZRW/3YXPRZPs/8e329CTHgJsCR0xHcBtBCzptwpQ1aYkny')
context = <sqlalchemy.dialects.sqlite.base.SQLiteExecutionContext object at 0x774774e8f6d0>

    def do_execute(self, cursor, statement, parameters, context=None):
>       cursor.execute(statement, parameters)
E       sqlalchemy.exc.IntegrityError: (sqlite3.IntegrityError) UNIQUE constraint failed: users.email
E       [SQL: INSERT INTO users (username, email, hashed_password) VALUES (?, ?, ?)]
E       [parameters: ('seconduser', 'second@example.com', '$2b$12$EJWUOBAZRW/3YXPRZPs/8e329CTHgJsCR0xHcBtBCzptwpQ1aYkny')]
E       (Background on this error at: https://sqlalche.me/e/20/gkpj)

/usr/local/lib/python3.11/site-packages/sqlalchemy/engine/default.py:945: IntegrityError

During handling of the above exception, another exception occurred:

client = <httpx.AsyncClient object at 0x7747750ab810>

    @pytest.mark.anyio
    async def test_enroll_in_course(client):
>       await register_user(client, test_user_2)

app/tests/test_course.py:78: 
_ _ _ _ _ _ _ _ _ _ _ _ _ _ _ _ _ _ _ _ _ _ _ _ _ _ _ _ _ _ _ _ _ _ _ _ _ _ _ _ 
app/tests/utils.py:17: in register_user
    return await client.post("/auth/register", json=user_data)
/usr/local/lib/python3.11/site-packages/httpx/_client.py:1859: in post
    return await self.request(
/usr/local/lib/python3.11/site-packages/httpx/_client.py:1540: in request
    return await self.send(request, auth=auth, follow_redirects=follow_redirects)
/usr/local/lib/python3.11/site-packages/httpx/_client.py:1629: in send
    response = await self._send_handling_auth(
/usr/local/lib/python3.11/site-packages/httpx/_client.py:1657: in _send_handling_auth
    response = await self._send_handling_redirects(
/usr/local/lib/python3.11/site-packages/httpx/_client.py:1694: in _send_handling_redirects
    response = await self._send_single_request(request)
/usr/local/lib/python3.11/site-packages/httpx/_client.py:1730: in _send_single_request
    response = await transport.handle_async_request(request)
/usr/local/lib/python3.11/site-packages/httpx/_transports/asgi.py:170: in handle_async_request
    await self.app(scope, receive, send)
/usr/local/lib/python3.11/site-packages/fastapi/applications.py:1054: in __call__
    await super().__call__(scope, receive, send)
/usr/local/lib/python3.11/site-packages/starlette/applications.py:112: in __call__
    await self.middleware_stack(scope, receive, send)
/usr/local/lib/python3.11/site-packages/starlette/middleware/errors.py:187: in __call__
    raise exc
/usr/local/lib/python3.11/site-packages/starlette/middleware/errors.py:165: in __call__
    await self.app(scope, receive, _send)
/usr/local/lib/python3.11/site-packages/starlette/middleware/exceptions.py:62: in __call__
    await wrap_app_handling_exceptions(self.app, conn)(scope, receive, send)
/usr/local/lib/python3.11/site-packages/starlette/_exception_handler.py:53: in wrapped_app
    raise exc
/usr/local/lib/python3.11/site-packages/starlette/_exception_handler.py:42: in wrapped_app
    await app(scope, receive, sender)
/usr/local/lib/python3.11/site-packages/starlette/routing.py:714: in __call__
    await self.middleware_stack(scope, receive, send)
/usr/local/lib/python3.11/site-packages/starlette/routing.py:734: in app
    await route.handle(scope, receive, send)
/usr/local/lib/python3.11/site-packages/starlette/routing.py:288: in handle
    await self.app(scope, receive, send)
/usr/local/lib/python3.11/site-packages/starlette/routing.py:76: in app
    await wrap_app_handling_exceptions(app, request)(scope, receive, send)
/usr/local/lib/python3.11/site-packages/starlette/_exception_handler.py:53: in wrapped_app
    raise exc
/usr/local/lib/python3.11/site-packages/starlette/_exception_handler.py:42: in wrapped_app
    await app(scope, receive, sender)
/usr/local/lib/python3.11/site-packages/starlette/routing.py:73: in app
    response = await f(request)
/usr/local/lib/python3.11/site-packages/fastapi/routing.py:301: in app
    raw_response = await run_endpoint_function(
/usr/local/lib/python3.11/site-packages/fastapi/routing.py:212: in run_endpoint_function
    return await dependant.call(**values)
app/routers/auth.py:36: in register
    new_user = await user_crud.create_user(db, user_data)
_ _ _ _ _ _ _ _ _ _ _ _ _ _ _ _ _ _ _ _ _ _ _ _ _ _ _ _ _ _ _ _ _ _ _ _ _ _ _ _ 

db = <sqlalchemy.orm.session.Session object at 0x774774e8dfd0>
user = UserCreate(username='seconduser', email='second@example.com', password='anotherpassword123')

    async def create_user(db: AsyncSession, user: UserCreate):
        hashed_password = pwd_context.hash(user.password)
        db_user = User(
            username=user.username,
            email=user.email,
            hashed_password=hashed_password
        )
        db.add(db_user)
        try:
            await db.commit()
            result = await db.execute(
                select(User).options(selectinload(User.courses)).where(User.id == db_user.id)
            )
            return result.scalar_one()
        except IntegrityError as e:
>           await db.rollback()
E           TypeError: object NoneType can't be used in 'await' expression

app/crud/user.py:54: TypeError
_______________________ test_get_enrolled_courses[trio] ________________________

client = <httpx.AsyncClient object at 0x7747750ab810>

    @pytest.mark.anyio
    async def test_get_enrolled_courses(client):
>       headers = await get_auth_headers(client, test_user_2)

app/tests/test_course.py:98: 
_ _ _ _ _ _ _ _ _ _ _ _ _ _ _ _ _ _ _ _ _ _ _ _ _ _ _ _ _ _ _ _ _ _ _ _ _ _ _ _ 
app/tests/utils.py:27: in get_auth_headers
    token = await login_user(client, user_data)
app/tests/utils.py:20: in login_user
    response = await client.post("/auth/login", data={
/usr/local/lib/python3.11/site-packages/httpx/_client.py:1859: in post
    return await self.request(
/usr/local/lib/python3.11/site-packages/httpx/_client.py:1540: in request
    return await self.send(request, auth=auth, follow_redirects=follow_redirects)
/usr/local/lib/python3.11/site-packages/httpx/_client.py:1629: in send
    response = await self._send_handling_auth(
/usr/local/lib/python3.11/site-packages/httpx/_client.py:1657: in _send_handling_auth
    response = await self._send_handling_redirects(
/usr/local/lib/python3.11/site-packages/httpx/_client.py:1694: in _send_handling_redirects
    response = await self._send_single_request(request)
/usr/local/lib/python3.11/site-packages/httpx/_client.py:1730: in _send_single_request
    response = await transport.handle_async_request(request)
/usr/local/lib/python3.11/site-packages/httpx/_transports/asgi.py:170: in handle_async_request
    await self.app(scope, receive, send)
/usr/local/lib/python3.11/site-packages/fastapi/applications.py:1054: in __call__
    await super().__call__(scope, receive, send)
/usr/local/lib/python3.11/site-packages/starlette/applications.py:112: in __call__
    await self.middleware_stack(scope, receive, send)
/usr/local/lib/python3.11/site-packages/starlette/middleware/errors.py:187: in __call__
    raise exc
/usr/local/lib/python3.11/site-packages/starlette/middleware/errors.py:165: in __call__
    await self.app(scope, receive, _send)
/usr/local/lib/python3.11/site-packages/starlette/middleware/exceptions.py:62: in __call__
    await wrap_app_handling_exceptions(self.app, conn)(scope, receive, send)
/usr/local/lib/python3.11/site-packages/starlette/_exception_handler.py:53: in wrapped_app
    raise exc
/usr/local/lib/python3.11/site-packages/starlette/_exception_handler.py:42: in wrapped_app
    await app(scope, receive, sender)
/usr/local/lib/python3.11/site-packages/starlette/routing.py:714: in __call__
    await self.middleware_stack(scope, receive, send)
/usr/local/lib/python3.11/site-packages/starlette/routing.py:734: in app
    await route.handle(scope, receive, send)
/usr/local/lib/python3.11/site-packages/starlette/routing.py:288: in handle
    await self.app(scope, receive, send)
/usr/local/lib/python3.11/site-packages/starlette/routing.py:76: in app
    await wrap_app_handling_exceptions(app, request)(scope, receive, send)
/usr/local/lib/python3.11/site-packages/starlette/_exception_handler.py:53: in wrapped_app
    raise exc
/usr/local/lib/python3.11/site-packages/starlette/_exception_handler.py:42: in wrapped_app
    await app(scope, receive, sender)
/usr/local/lib/python3.11/site-packages/starlette/routing.py:73: in app
    response = await f(request)
/usr/local/lib/python3.11/site-packages/fastapi/routing.py:301: in app
    raw_response = await run_endpoint_function(
/usr/local/lib/python3.11/site-packages/fastapi/routing.py:212: in run_endpoint_function
    return await dependant.call(**values)
app/routers/auth.py:20: in login
    user = await user_crud.authenticate_user(db, form_data.username, form_data.password)
app/crud/user.py:83: in authenticate_user
    user = await get_user_by_email(db, email)
_ _ _ _ _ _ _ _ _ _ _ _ _ _ _ _ _ _ _ _ _ _ _ _ _ _ _ _ _ _ _ _ _ _ _ _ _ _ _ _ 

db = <sqlalchemy.orm.session.Session object at 0x77477478b310>
email = 'second@example.com'

    async def get_user_by_email(db: AsyncSession, email: str):
>       result = await db.execute(
            select(User).options(selectinload(User.courses)).where(User.email == email)
        )
E       TypeError: object ChunkedIteratorResult can't be used in 'await' expression

app/crud/user.py:26: TypeError
_____________________ test_concurrent_enrollments[asyncio] _____________________

client = <httpx.AsyncClient object at 0x7747750f5a50>

    @pytest.mark.anyio
    async def test_concurrent_enrollments(client):
        # Crear usuario base y curso
>       await register_user(client, test_user)

app/tests/test_courses_concurrency.py:11: 
_ _ _ _ _ _ _ _ _ _ _ _ _ _ _ _ _ _ _ _ _ _ _ _ _ _ _ _ _ _ _ _ _ _ _ _ _ _ _ _ 
app/tests/utils.py:17: in register_user
    return await client.post("/auth/register", json=user_data)
/usr/local/lib/python3.11/site-packages/httpx/_client.py:1859: in post
    return await self.request(
/usr/local/lib/python3.11/site-packages/httpx/_client.py:1540: in request
    return await self.send(request, auth=auth, follow_redirects=follow_redirects)
/usr/local/lib/python3.11/site-packages/httpx/_client.py:1629: in send
    response = await self._send_handling_auth(
/usr/local/lib/python3.11/site-packages/httpx/_client.py:1657: in _send_handling_auth
    response = await self._send_handling_redirects(
/usr/local/lib/python3.11/site-packages/httpx/_client.py:1694: in _send_handling_redirects
    response = await self._send_single_request(request)
/usr/local/lib/python3.11/site-packages/httpx/_client.py:1730: in _send_single_request
    response = await transport.handle_async_request(request)
/usr/local/lib/python3.11/site-packages/httpx/_transports/asgi.py:170: in handle_async_request
    await self.app(scope, receive, send)
/usr/local/lib/python3.11/site-packages/fastapi/applications.py:1054: in __call__
    await super().__call__(scope, receive, send)
/usr/local/lib/python3.11/site-packages/starlette/applications.py:112: in __call__
    await self.middleware_stack(scope, receive, send)
/usr/local/lib/python3.11/site-packages/starlette/middleware/errors.py:187: in __call__
    raise exc
/usr/local/lib/python3.11/site-packages/starlette/middleware/errors.py:165: in __call__
    await self.app(scope, receive, _send)
/usr/local/lib/python3.11/site-packages/starlette/middleware/exceptions.py:62: in __call__
    await wrap_app_handling_exceptions(self.app, conn)(scope, receive, send)
/usr/local/lib/python3.11/site-packages/starlette/_exception_handler.py:53: in wrapped_app
    raise exc
/usr/local/lib/python3.11/site-packages/starlette/_exception_handler.py:42: in wrapped_app
    await app(scope, receive, sender)
/usr/local/lib/python3.11/site-packages/starlette/routing.py:714: in __call__
    await self.middleware_stack(scope, receive, send)
/usr/local/lib/python3.11/site-packages/starlette/routing.py:734: in app
    await route.handle(scope, receive, send)
/usr/local/lib/python3.11/site-packages/starlette/routing.py:288: in handle
    await self.app(scope, receive, send)
/usr/local/lib/python3.11/site-packages/starlette/routing.py:76: in app
    await wrap_app_handling_exceptions(app, request)(scope, receive, send)
/usr/local/lib/python3.11/site-packages/starlette/_exception_handler.py:53: in wrapped_app
    raise exc
/usr/local/lib/python3.11/site-packages/starlette/_exception_handler.py:42: in wrapped_app
    await app(scope, receive, sender)
/usr/local/lib/python3.11/site-packages/starlette/routing.py:73: in app
    response = await f(request)
/usr/local/lib/python3.11/site-packages/fastapi/routing.py:301: in app
    raw_response = await run_endpoint_function(
/usr/local/lib/python3.11/site-packages/fastapi/routing.py:212: in run_endpoint_function
    return await dependant.call(**values)
app/routers/auth.py:36: in register
    new_user = await user_crud.create_user(db, user_data)
_ _ _ _ _ _ _ _ _ _ _ _ _ _ _ _ _ _ _ _ _ _ _ _ _ _ _ _ _ _ _ _ _ _ _ _ _ _ _ _ 

db = <sqlalchemy.orm.session.Session object at 0x7747750f6b10>
user = UserCreate(username='testuser', email='test@example.com', password='strongpassword123')

    async def create_user(db: AsyncSession, user: UserCreate):
        hashed_password = pwd_context.hash(user.password)
        db_user = User(
            username=user.username,
            email=user.email,
            hashed_password=hashed_password
        )
        db.add(db_user)
        try:
>           await db.commit()
E           TypeError: object NoneType can't be used in 'await' expression

app/crud/user.py:48: TypeError
______________________ test_concurrent_enrollments[trio] _______________________

self = <sqlalchemy.engine.base.Connection object at 0x77477524d410>
dialect = <sqlalchemy.dialects.sqlite.pysqlite.SQLiteDialect_pysqlite object at 0x77477976fed0>
context = <sqlalchemy.dialects.sqlite.base.SQLiteExecutionContext object at 0x77477524fa90>
statement = <sqlalchemy.dialects.sqlite.base.SQLiteCompiler object at 0x7747754ab890>
parameters = [('testuser', 'test@example.com', '$2b$12$sRSqHhFtVsxP8y74apW5dOaGKQhDOX0qaZrqqR7cllt.fb68HUNYi')]

    def _exec_single_context(
        self,
        dialect: Dialect,
        context: ExecutionContext,
        statement: Union[str, Compiled],
        parameters: Optional[_AnyMultiExecuteParams],
    ) -> CursorResult[Any]:
        """continue the _execute_context() method for a single DBAPI
        cursor.execute() or cursor.executemany() call.
    
        """
        if dialect.bind_typing is BindTyping.SETINPUTSIZES:
            generic_setinputsizes = context._prepare_set_input_sizes()
    
            if generic_setinputsizes:
                try:
                    dialect.do_set_input_sizes(
                        context.cursor, generic_setinputsizes, context
                    )
                except BaseException as e:
                    self._handle_dbapi_exception(
                        e, str(statement), parameters, None, context
                    )
    
        cursor, str_statement, parameters = (
            context.cursor,
            context.statement,
            context.parameters,
        )
    
        effective_parameters: Optional[_AnyExecuteParams]
    
        if not context.executemany:
            effective_parameters = parameters[0]
        else:
            effective_parameters = parameters
    
        if self._has_events or self.engine._has_events:
            for fn in self.dispatch.before_cursor_execute:
                str_statement, effective_parameters = fn(
                    self,
                    cursor,
                    str_statement,
                    effective_parameters,
                    context,
                    context.executemany,
                )
    
        if self._echo:
            self._log_info(str_statement)
    
            stats = context._get_cache_stats()
    
            if not self.engine.hide_parameters:
                self._log_info(
                    "[%s] %r",
                    stats,
                    sql_util._repr_params(
                        effective_parameters,
                        batches=10,
                        ismulti=context.executemany,
                    ),
                )
            else:
                self._log_info(
                    "[%s] [SQL parameters hidden due to hide_parameters=True]",
                    stats,
                )
    
        evt_handled: bool = False
        try:
            if context.execute_style is ExecuteStyle.EXECUTEMANY:
                effective_parameters = cast(
                    "_CoreMultiExecuteParams", effective_parameters
                )
                if self.dialect._has_events:
                    for fn in self.dialect.dispatch.do_executemany:
                        if fn(
                            cursor,
                            str_statement,
                            effective_parameters,
                            context,
                        ):
                            evt_handled = True
                            break
                if not evt_handled:
                    self.dialect.do_executemany(
                        cursor,
                        str_statement,
                        effective_parameters,
                        context,
                    )
            elif not effective_parameters and context.no_parameters:
                if self.dialect._has_events:
                    for fn in self.dialect.dispatch.do_execute_no_params:
                        if fn(cursor, str_statement, context):
                            evt_handled = True
                            break
                if not evt_handled:
                    self.dialect.do_execute_no_params(
                        cursor, str_statement, context
                    )
            else:
                effective_parameters = cast(
                    "_CoreSingleExecuteParams", effective_parameters
                )
                if self.dialect._has_events:
                    for fn in self.dialect.dispatch.do_execute:
                        if fn(
                            cursor,
                            str_statement,
                            effective_parameters,
                            context,
                        ):
                            evt_handled = True
                            break
                if not evt_handled:
>                   self.dialect.do_execute(
                        cursor, str_statement, effective_parameters, context
                    )

/usr/local/lib/python3.11/site-packages/sqlalchemy/engine/base.py:1964: 
_ _ _ _ _ _ _ _ _ _ _ _ _ _ _ _ _ _ _ _ _ _ _ _ _ _ _ _ _ _ _ _ _ _ _ _ _ _ _ _ 

self = <sqlalchemy.dialects.sqlite.pysqlite.SQLiteDialect_pysqlite object at 0x77477976fed0>
cursor = <sqlite3.Cursor object at 0x774774e3cf40>
statement = 'INSERT INTO users (username, email, hashed_password) VALUES (?, ?, ?)'
parameters = ('testuser', 'test@example.com', '$2b$12$sRSqHhFtVsxP8y74apW5dOaGKQhDOX0qaZrqqR7cllt.fb68HUNYi')
context = <sqlalchemy.dialects.sqlite.base.SQLiteExecutionContext object at 0x77477524fa90>

    def do_execute(self, cursor, statement, parameters, context=None):
>       cursor.execute(statement, parameters)
E       sqlite3.IntegrityError: UNIQUE constraint failed: users.email

/usr/local/lib/python3.11/site-packages/sqlalchemy/engine/default.py:945: IntegrityError

The above exception was the direct cause of the following exception:

db = <sqlalchemy.orm.session.Session object at 0x77477524d210>
user = UserCreate(username='testuser', email='test@example.com', password='strongpassword123')

    async def create_user(db: AsyncSession, user: UserCreate):
        hashed_password = pwd_context.hash(user.password)
        db_user = User(
            username=user.username,
            email=user.email,
            hashed_password=hashed_password
        )
        db.add(db_user)
        try:
>           await db.commit()

app/crud/user.py:48: 
_ _ _ _ _ _ _ _ _ _ _ _ _ _ _ _ _ _ _ _ _ _ _ _ _ _ _ _ _ _ _ _ _ _ _ _ _ _ _ _ 
/usr/local/lib/python3.11/site-packages/sqlalchemy/orm/session.py:2032: in commit
    trans.commit(_to_root=True)
/usr/local/lib/python3.11/site-packages/sqlalchemy/orm/state_changes.py:139: in _go
    ret_value = fn(self, *arg, **kw)
/usr/local/lib/python3.11/site-packages/sqlalchemy/orm/session.py:1313: in commit
    self._prepare_impl()
/usr/local/lib/python3.11/site-packages/sqlalchemy/orm/state_changes.py:139: in _go
    ret_value = fn(self, *arg, **kw)
/usr/local/lib/python3.11/site-packages/sqlalchemy/orm/session.py:1288: in _prepare_impl
    self.session.flush()
/usr/local/lib/python3.11/site-packages/sqlalchemy/orm/session.py:4353: in flush
    self._flush(objects)
/usr/local/lib/python3.11/site-packages/sqlalchemy/orm/session.py:4488: in _flush
    with util.safe_reraise():
/usr/local/lib/python3.11/site-packages/sqlalchemy/util/langhelpers.py:146: in __exit__
    raise exc_value.with_traceback(exc_tb)
/usr/local/lib/python3.11/site-packages/sqlalchemy/orm/session.py:4449: in _flush
    flush_context.execute()
/usr/local/lib/python3.11/site-packages/sqlalchemy/orm/unitofwork.py:466: in execute
    rec.execute(self)
/usr/local/lib/python3.11/site-packages/sqlalchemy/orm/unitofwork.py:642: in execute
    util.preloaded.orm_persistence.save_obj(
/usr/local/lib/python3.11/site-packages/sqlalchemy/orm/persistence.py:93: in save_obj
    _emit_insert_statements(
/usr/local/lib/python3.11/site-packages/sqlalchemy/orm/persistence.py:1233: in _emit_insert_statements
    result = connection.execute(
/usr/local/lib/python3.11/site-packages/sqlalchemy/engine/base.py:1416: in execute
    return meth(
/usr/local/lib/python3.11/site-packages/sqlalchemy/sql/elements.py:523: in _execute_on_connection
    return connection._execute_clauseelement(
/usr/local/lib/python3.11/site-packages/sqlalchemy/engine/base.py:1638: in _execute_clauseelement
    ret = self._execute_context(
/usr/local/lib/python3.11/site-packages/sqlalchemy/engine/base.py:1843: in _execute_context
    return self._exec_single_context(
/usr/local/lib/python3.11/site-packages/sqlalchemy/engine/base.py:1983: in _exec_single_context
    self._handle_dbapi_exception(
/usr/local/lib/python3.11/site-packages/sqlalchemy/engine/base.py:2352: in _handle_dbapi_exception
    raise sqlalchemy_exception.with_traceback(exc_info[2]) from e
/usr/local/lib/python3.11/site-packages/sqlalchemy/engine/base.py:1964: in _exec_single_context
    self.dialect.do_execute(
_ _ _ _ _ _ _ _ _ _ _ _ _ _ _ _ _ _ _ _ _ _ _ _ _ _ _ _ _ _ _ _ _ _ _ _ _ _ _ _ 

self = <sqlalchemy.dialects.sqlite.pysqlite.SQLiteDialect_pysqlite object at 0x77477976fed0>
cursor = <sqlite3.Cursor object at 0x774774e3cf40>
statement = 'INSERT INTO users (username, email, hashed_password) VALUES (?, ?, ?)'
parameters = ('testuser', 'test@example.com', '$2b$12$sRSqHhFtVsxP8y74apW5dOaGKQhDOX0qaZrqqR7cllt.fb68HUNYi')
context = <sqlalchemy.dialects.sqlite.base.SQLiteExecutionContext object at 0x77477524fa90>

    def do_execute(self, cursor, statement, parameters, context=None):
>       cursor.execute(statement, parameters)
E       sqlalchemy.exc.IntegrityError: (sqlite3.IntegrityError) UNIQUE constraint failed: users.email
E       [SQL: INSERT INTO users (username, email, hashed_password) VALUES (?, ?, ?)]
E       [parameters: ('testuser', 'test@example.com', '$2b$12$sRSqHhFtVsxP8y74apW5dOaGKQhDOX0qaZrqqR7cllt.fb68HUNYi')]
E       (Background on this error at: https://sqlalche.me/e/20/gkpj)

/usr/local/lib/python3.11/site-packages/sqlalchemy/engine/default.py:945: IntegrityError

During handling of the above exception, another exception occurred:

client = <httpx.AsyncClient object at 0x7747750f5a50>

    @pytest.mark.anyio
    async def test_concurrent_enrollments(client):
        # Crear usuario base y curso
>       await register_user(client, test_user)

app/tests/test_courses_concurrency.py:11: 
_ _ _ _ _ _ _ _ _ _ _ _ _ _ _ _ _ _ _ _ _ _ _ _ _ _ _ _ _ _ _ _ _ _ _ _ _ _ _ _ 
app/tests/utils.py:17: in register_user
    return await client.post("/auth/register", json=user_data)
/usr/local/lib/python3.11/site-packages/httpx/_client.py:1859: in post
    return await self.request(
/usr/local/lib/python3.11/site-packages/httpx/_client.py:1540: in request
    return await self.send(request, auth=auth, follow_redirects=follow_redirects)
/usr/local/lib/python3.11/site-packages/httpx/_client.py:1629: in send
    response = await self._send_handling_auth(
/usr/local/lib/python3.11/site-packages/httpx/_client.py:1657: in _send_handling_auth
    response = await self._send_handling_redirects(
/usr/local/lib/python3.11/site-packages/httpx/_client.py:1694: in _send_handling_redirects
    response = await self._send_single_request(request)
/usr/local/lib/python3.11/site-packages/httpx/_client.py:1730: in _send_single_request
    response = await transport.handle_async_request(request)
/usr/local/lib/python3.11/site-packages/httpx/_transports/asgi.py:170: in handle_async_request
    await self.app(scope, receive, send)
/usr/local/lib/python3.11/site-packages/fastapi/applications.py:1054: in __call__
    await super().__call__(scope, receive, send)
/usr/local/lib/python3.11/site-packages/starlette/applications.py:112: in __call__
    await self.middleware_stack(scope, receive, send)
/usr/local/lib/python3.11/site-packages/starlette/middleware/errors.py:187: in __call__
    raise exc
/usr/local/lib/python3.11/site-packages/starlette/middleware/errors.py:165: in __call__
    await self.app(scope, receive, _send)
/usr/local/lib/python3.11/site-packages/starlette/middleware/exceptions.py:62: in __call__
    await wrap_app_handling_exceptions(self.app, conn)(scope, receive, send)
/usr/local/lib/python3.11/site-packages/starlette/_exception_handler.py:53: in wrapped_app
    raise exc
/usr/local/lib/python3.11/site-packages/starlette/_exception_handler.py:42: in wrapped_app
    await app(scope, receive, sender)
/usr/local/lib/python3.11/site-packages/starlette/routing.py:714: in __call__
    await self.middleware_stack(scope, receive, send)
/usr/local/lib/python3.11/site-packages/starlette/routing.py:734: in app
    await route.handle(scope, receive, send)
/usr/local/lib/python3.11/site-packages/starlette/routing.py:288: in handle
    await self.app(scope, receive, send)
/usr/local/lib/python3.11/site-packages/starlette/routing.py:76: in app
    await wrap_app_handling_exceptions(app, request)(scope, receive, send)
/usr/local/lib/python3.11/site-packages/starlette/_exception_handler.py:53: in wrapped_app
    raise exc
/usr/local/lib/python3.11/site-packages/starlette/_exception_handler.py:42: in wrapped_app
    await app(scope, receive, sender)
/usr/local/lib/python3.11/site-packages/starlette/routing.py:73: in app
    response = await f(request)
/usr/local/lib/python3.11/site-packages/fastapi/routing.py:301: in app
    raw_response = await run_endpoint_function(
/usr/local/lib/python3.11/site-packages/fastapi/routing.py:212: in run_endpoint_function
    return await dependant.call(**values)
app/routers/auth.py:36: in register
    new_user = await user_crud.create_user(db, user_data)
_ _ _ _ _ _ _ _ _ _ _ _ _ _ _ _ _ _ _ _ _ _ _ _ _ _ _ _ _ _ _ _ _ _ _ _ _ _ _ _ 

db = <sqlalchemy.orm.session.Session object at 0x77477524d210>
user = UserCreate(username='testuser', email='test@example.com', password='strongpassword123')

    async def create_user(db: AsyncSession, user: UserCreate):
        hashed_password = pwd_context.hash(user.password)
        db_user = User(
            username=user.username,
            email=user.email,
            hashed_password=hashed_password
        )
        db.add(db_user)
        try:
            await db.commit()
            result = await db.execute(
                select(User).options(selectinload(User.courses)).where(User.id == db_user.id)
            )
            return result.scalar_one()
        except IntegrityError as e:
>           await db.rollback()
E           TypeError: object NoneType can't be used in 'await' expression

app/crud/user.py:54: TypeError
_____________________________ test_get_me[asyncio] _____________________________

client = <httpx.AsyncClient object at 0x7747744d5c50>

    @pytest.mark.anyio
    async def test_get_me(client):
>       await register_user(client)  # nos aseguramos de que el user exista

app/tests/test_users.py:7: 
_ _ _ _ _ _ _ _ _ _ _ _ _ _ _ _ _ _ _ _ _ _ _ _ _ _ _ _ _ _ _ _ _ _ _ _ _ _ _ _ 
app/tests/utils.py:17: in register_user
    return await client.post("/auth/register", json=user_data)
/usr/local/lib/python3.11/site-packages/httpx/_client.py:1859: in post
    return await self.request(
/usr/local/lib/python3.11/site-packages/httpx/_client.py:1540: in request
    return await self.send(request, auth=auth, follow_redirects=follow_redirects)
/usr/local/lib/python3.11/site-packages/httpx/_client.py:1629: in send
    response = await self._send_handling_auth(
/usr/local/lib/python3.11/site-packages/httpx/_client.py:1657: in _send_handling_auth
    response = await self._send_handling_redirects(
/usr/local/lib/python3.11/site-packages/httpx/_client.py:1694: in _send_handling_redirects
    response = await self._send_single_request(request)
/usr/local/lib/python3.11/site-packages/httpx/_client.py:1730: in _send_single_request
    response = await transport.handle_async_request(request)
/usr/local/lib/python3.11/site-packages/httpx/_transports/asgi.py:170: in handle_async_request
    await self.app(scope, receive, send)
/usr/local/lib/python3.11/site-packages/fastapi/applications.py:1054: in __call__
    await super().__call__(scope, receive, send)
/usr/local/lib/python3.11/site-packages/starlette/applications.py:112: in __call__
    await self.middleware_stack(scope, receive, send)
/usr/local/lib/python3.11/site-packages/starlette/middleware/errors.py:187: in __call__
    raise exc
/usr/local/lib/python3.11/site-packages/starlette/middleware/errors.py:165: in __call__
    await self.app(scope, receive, _send)
/usr/local/lib/python3.11/site-packages/starlette/middleware/exceptions.py:62: in __call__
    await wrap_app_handling_exceptions(self.app, conn)(scope, receive, send)
/usr/local/lib/python3.11/site-packages/starlette/_exception_handler.py:53: in wrapped_app
    raise exc
/usr/local/lib/python3.11/site-packages/starlette/_exception_handler.py:42: in wrapped_app
    await app(scope, receive, sender)
/usr/local/lib/python3.11/site-packages/starlette/routing.py:714: in __call__
    await self.middleware_stack(scope, receive, send)
/usr/local/lib/python3.11/site-packages/starlette/routing.py:734: in app
    await route.handle(scope, receive, send)
/usr/local/lib/python3.11/site-packages/starlette/routing.py:288: in handle
    await self.app(scope, receive, send)
/usr/local/lib/python3.11/site-packages/starlette/routing.py:76: in app
    await wrap_app_handling_exceptions(app, request)(scope, receive, send)
/usr/local/lib/python3.11/site-packages/starlette/_exception_handler.py:53: in wrapped_app
    raise exc
/usr/local/lib/python3.11/site-packages/starlette/_exception_handler.py:42: in wrapped_app
    await app(scope, receive, sender)
/usr/local/lib/python3.11/site-packages/starlette/routing.py:73: in app
    response = await f(request)
/usr/local/lib/python3.11/site-packages/fastapi/routing.py:301: in app
    raw_response = await run_endpoint_function(
/usr/local/lib/python3.11/site-packages/fastapi/routing.py:212: in run_endpoint_function
    return await dependant.call(**values)
app/routers/auth.py:36: in register
    new_user = await user_crud.create_user(db, user_data)
_ _ _ _ _ _ _ _ _ _ _ _ _ _ _ _ _ _ _ _ _ _ _ _ _ _ _ _ _ _ _ _ _ _ _ _ _ _ _ _ 

db = <sqlalchemy.orm.session.Session object at 0x7747744d7d90>
user = UserCreate(username='testuser', email='test@example.com', password='strongpassword123')

    async def create_user(db: AsyncSession, user: UserCreate):
        hashed_password = pwd_context.hash(user.password)
        db_user = User(
            username=user.username,
            email=user.email,
            hashed_password=hashed_password
        )
        db.add(db_user)
        try:
>           await db.commit()
E           TypeError: object NoneType can't be used in 'await' expression

app/crud/user.py:48: TypeError
______________________ test_get_me_unauthorized[asyncio] _______________________

client = <httpx.AsyncClient object at 0x7747744d5c50>

    @pytest.mark.anyio
    async def test_get_me_unauthorized(client):
        response = await client.get("/users/me")
>       assert response.status_code == 401
E       assert 403 == 401
E        +  where 403 = <Response [403 Forbidden]>.status_code

app/tests/test_users.py:19: AssertionError
_________________________ test_get_all_users[asyncio] __________________________

self = <sqlalchemy.engine.base.Connection object at 0x774774d3f890>
dialect = <sqlalchemy.dialects.sqlite.pysqlite.SQLiteDialect_pysqlite object at 0x77477976fed0>
context = <sqlalchemy.dialects.sqlite.base.SQLiteExecutionContext object at 0x774774d3e650>
statement = <sqlalchemy.dialects.sqlite.base.SQLiteCompiler object at 0x7747754ab890>
parameters = [('testuser', 'test@example.com', '$2b$12$4CnU4CT4pGdb2S9pvgOvCOlLermhIj6BgQFSmF32RneKE1vzDdUPm')]

    def _exec_single_context(
        self,
        dialect: Dialect,
        context: ExecutionContext,
        statement: Union[str, Compiled],
        parameters: Optional[_AnyMultiExecuteParams],
    ) -> CursorResult[Any]:
        """continue the _execute_context() method for a single DBAPI
        cursor.execute() or cursor.executemany() call.
    
        """
        if dialect.bind_typing is BindTyping.SETINPUTSIZES:
            generic_setinputsizes = context._prepare_set_input_sizes()
    
            if generic_setinputsizes:
                try:
                    dialect.do_set_input_sizes(
                        context.cursor, generic_setinputsizes, context
                    )
                except BaseException as e:
                    self._handle_dbapi_exception(
                        e, str(statement), parameters, None, context
                    )
    
        cursor, str_statement, parameters = (
            context.cursor,
            context.statement,
            context.parameters,
        )
    
        effective_parameters: Optional[_AnyExecuteParams]
    
        if not context.executemany:
            effective_parameters = parameters[0]
        else:
            effective_parameters = parameters
    
        if self._has_events or self.engine._has_events:
            for fn in self.dispatch.before_cursor_execute:
                str_statement, effective_parameters = fn(
                    self,
                    cursor,
                    str_statement,
                    effective_parameters,
                    context,
                    context.executemany,
                )
    
        if self._echo:
            self._log_info(str_statement)
    
            stats = context._get_cache_stats()
    
            if not self.engine.hide_parameters:
                self._log_info(
                    "[%s] %r",
                    stats,
                    sql_util._repr_params(
                        effective_parameters,
                        batches=10,
                        ismulti=context.executemany,
                    ),
                )
            else:
                self._log_info(
                    "[%s] [SQL parameters hidden due to hide_parameters=True]",
                    stats,
                )
    
        evt_handled: bool = False
        try:
            if context.execute_style is ExecuteStyle.EXECUTEMANY:
                effective_parameters = cast(
                    "_CoreMultiExecuteParams", effective_parameters
                )
                if self.dialect._has_events:
                    for fn in self.dialect.dispatch.do_executemany:
                        if fn(
                            cursor,
                            str_statement,
                            effective_parameters,
                            context,
                        ):
                            evt_handled = True
                            break
                if not evt_handled:
                    self.dialect.do_executemany(
                        cursor,
                        str_statement,
                        effective_parameters,
                        context,
                    )
            elif not effective_parameters and context.no_parameters:
                if self.dialect._has_events:
                    for fn in self.dialect.dispatch.do_execute_no_params:
                        if fn(cursor, str_statement, context):
                            evt_handled = True
                            break
                if not evt_handled:
                    self.dialect.do_execute_no_params(
                        cursor, str_statement, context
                    )
            else:
                effective_parameters = cast(
                    "_CoreSingleExecuteParams", effective_parameters
                )
                if self.dialect._has_events:
                    for fn in self.dialect.dispatch.do_execute:
                        if fn(
                            cursor,
                            str_statement,
                            effective_parameters,
                            context,
                        ):
                            evt_handled = True
                            break
                if not evt_handled:
>                   self.dialect.do_execute(
                        cursor, str_statement, effective_parameters, context
                    )

/usr/local/lib/python3.11/site-packages/sqlalchemy/engine/base.py:1964: 
_ _ _ _ _ _ _ _ _ _ _ _ _ _ _ _ _ _ _ _ _ _ _ _ _ _ _ _ _ _ _ _ _ _ _ _ _ _ _ _ 

self = <sqlalchemy.dialects.sqlite.pysqlite.SQLiteDialect_pysqlite object at 0x77477976fed0>
cursor = <sqlite3.Cursor object at 0x774775353040>
statement = 'INSERT INTO users (username, email, hashed_password) VALUES (?, ?, ?)'
parameters = ('testuser', 'test@example.com', '$2b$12$4CnU4CT4pGdb2S9pvgOvCOlLermhIj6BgQFSmF32RneKE1vzDdUPm')
context = <sqlalchemy.dialects.sqlite.base.SQLiteExecutionContext object at 0x774774d3e650>

    def do_execute(self, cursor, statement, parameters, context=None):
>       cursor.execute(statement, parameters)
E       sqlite3.IntegrityError: UNIQUE constraint failed: users.email

/usr/local/lib/python3.11/site-packages/sqlalchemy/engine/default.py:945: IntegrityError

The above exception was the direct cause of the following exception:

db = <sqlalchemy.orm.session.Session object at 0x7747751252d0>
user = UserCreate(username='testuser', email='test@example.com', password='strongpassword123')

    async def create_user(db: AsyncSession, user: UserCreate):
        hashed_password = pwd_context.hash(user.password)
        db_user = User(
            username=user.username,
            email=user.email,
            hashed_password=hashed_password
        )
        db.add(db_user)
        try:
>           await db.commit()

app/crud/user.py:48: 
_ _ _ _ _ _ _ _ _ _ _ _ _ _ _ _ _ _ _ _ _ _ _ _ _ _ _ _ _ _ _ _ _ _ _ _ _ _ _ _ 
/usr/local/lib/python3.11/site-packages/sqlalchemy/orm/session.py:2032: in commit
    trans.commit(_to_root=True)
/usr/local/lib/python3.11/site-packages/sqlalchemy/orm/state_changes.py:139: in _go
    ret_value = fn(self, *arg, **kw)
/usr/local/lib/python3.11/site-packages/sqlalchemy/orm/session.py:1313: in commit
    self._prepare_impl()
/usr/local/lib/python3.11/site-packages/sqlalchemy/orm/state_changes.py:139: in _go
    ret_value = fn(self, *arg, **kw)
/usr/local/lib/python3.11/site-packages/sqlalchemy/orm/session.py:1288: in _prepare_impl
    self.session.flush()
/usr/local/lib/python3.11/site-packages/sqlalchemy/orm/session.py:4353: in flush
    self._flush(objects)
/usr/local/lib/python3.11/site-packages/sqlalchemy/orm/session.py:4488: in _flush
    with util.safe_reraise():
/usr/local/lib/python3.11/site-packages/sqlalchemy/util/langhelpers.py:146: in __exit__
    raise exc_value.with_traceback(exc_tb)
/usr/local/lib/python3.11/site-packages/sqlalchemy/orm/session.py:4449: in _flush
    flush_context.execute()
/usr/local/lib/python3.11/site-packages/sqlalchemy/orm/unitofwork.py:466: in execute
    rec.execute(self)
/usr/local/lib/python3.11/site-packages/sqlalchemy/orm/unitofwork.py:642: in execute
    util.preloaded.orm_persistence.save_obj(
/usr/local/lib/python3.11/site-packages/sqlalchemy/orm/persistence.py:93: in save_obj
    _emit_insert_statements(
/usr/local/lib/python3.11/site-packages/sqlalchemy/orm/persistence.py:1233: in _emit_insert_statements
    result = connection.execute(
/usr/local/lib/python3.11/site-packages/sqlalchemy/engine/base.py:1416: in execute
    return meth(
/usr/local/lib/python3.11/site-packages/sqlalchemy/sql/elements.py:523: in _execute_on_connection
    return connection._execute_clauseelement(
/usr/local/lib/python3.11/site-packages/sqlalchemy/engine/base.py:1638: in _execute_clauseelement
    ret = self._execute_context(
/usr/local/lib/python3.11/site-packages/sqlalchemy/engine/base.py:1843: in _execute_context
    return self._exec_single_context(
/usr/local/lib/python3.11/site-packages/sqlalchemy/engine/base.py:1983: in _exec_single_context
    self._handle_dbapi_exception(
/usr/local/lib/python3.11/site-packages/sqlalchemy/engine/base.py:2352: in _handle_dbapi_exception
    raise sqlalchemy_exception.with_traceback(exc_info[2]) from e
/usr/local/lib/python3.11/site-packages/sqlalchemy/engine/base.py:1964: in _exec_single_context
    self.dialect.do_execute(
_ _ _ _ _ _ _ _ _ _ _ _ _ _ _ _ _ _ _ _ _ _ _ _ _ _ _ _ _ _ _ _ _ _ _ _ _ _ _ _ 

self = <sqlalchemy.dialects.sqlite.pysqlite.SQLiteDialect_pysqlite object at 0x77477976fed0>
cursor = <sqlite3.Cursor object at 0x774775353040>
statement = 'INSERT INTO users (username, email, hashed_password) VALUES (?, ?, ?)'
parameters = ('testuser', 'test@example.com', '$2b$12$4CnU4CT4pGdb2S9pvgOvCOlLermhIj6BgQFSmF32RneKE1vzDdUPm')
context = <sqlalchemy.dialects.sqlite.base.SQLiteExecutionContext object at 0x774774d3e650>

    def do_execute(self, cursor, statement, parameters, context=None):
>       cursor.execute(statement, parameters)
E       sqlalchemy.exc.IntegrityError: (sqlite3.IntegrityError) UNIQUE constraint failed: users.email
E       [SQL: INSERT INTO users (username, email, hashed_password) VALUES (?, ?, ?)]
E       [parameters: ('testuser', 'test@example.com', '$2b$12$4CnU4CT4pGdb2S9pvgOvCOlLermhIj6BgQFSmF32RneKE1vzDdUPm')]
E       (Background on this error at: https://sqlalche.me/e/20/gkpj)

/usr/local/lib/python3.11/site-packages/sqlalchemy/engine/default.py:945: IntegrityError

During handling of the above exception, another exception occurred:

client = <httpx.AsyncClient object at 0x7747744d5c50>

    @pytest.mark.anyio
    async def test_get_all_users(client):
        # Registrar dos usuarios
>       await register_user(client, test_user)

app/tests/test_users.py:24: 
_ _ _ _ _ _ _ _ _ _ _ _ _ _ _ _ _ _ _ _ _ _ _ _ _ _ _ _ _ _ _ _ _ _ _ _ _ _ _ _ 
app/tests/utils.py:17: in register_user
    return await client.post("/auth/register", json=user_data)
/usr/local/lib/python3.11/site-packages/httpx/_client.py:1859: in post
    return await self.request(
/usr/local/lib/python3.11/site-packages/httpx/_client.py:1540: in request
    return await self.send(request, auth=auth, follow_redirects=follow_redirects)
/usr/local/lib/python3.11/site-packages/httpx/_client.py:1629: in send
    response = await self._send_handling_auth(
/usr/local/lib/python3.11/site-packages/httpx/_client.py:1657: in _send_handling_auth
    response = await self._send_handling_redirects(
/usr/local/lib/python3.11/site-packages/httpx/_client.py:1694: in _send_handling_redirects
    response = await self._send_single_request(request)
/usr/local/lib/python3.11/site-packages/httpx/_client.py:1730: in _send_single_request
    response = await transport.handle_async_request(request)
/usr/local/lib/python3.11/site-packages/httpx/_transports/asgi.py:170: in handle_async_request
    await self.app(scope, receive, send)
/usr/local/lib/python3.11/site-packages/fastapi/applications.py:1054: in __call__
    await super().__call__(scope, receive, send)
/usr/local/lib/python3.11/site-packages/starlette/applications.py:112: in __call__
    await self.middleware_stack(scope, receive, send)
/usr/local/lib/python3.11/site-packages/starlette/middleware/errors.py:187: in __call__
    raise exc
/usr/local/lib/python3.11/site-packages/starlette/middleware/errors.py:165: in __call__
    await self.app(scope, receive, _send)
/usr/local/lib/python3.11/site-packages/starlette/middleware/exceptions.py:62: in __call__
    await wrap_app_handling_exceptions(self.app, conn)(scope, receive, send)
/usr/local/lib/python3.11/site-packages/starlette/_exception_handler.py:53: in wrapped_app
    raise exc
/usr/local/lib/python3.11/site-packages/starlette/_exception_handler.py:42: in wrapped_app
    await app(scope, receive, sender)
/usr/local/lib/python3.11/site-packages/starlette/routing.py:714: in __call__
    await self.middleware_stack(scope, receive, send)
/usr/local/lib/python3.11/site-packages/starlette/routing.py:734: in app
    await route.handle(scope, receive, send)
/usr/local/lib/python3.11/site-packages/starlette/routing.py:288: in handle
    await self.app(scope, receive, send)
/usr/local/lib/python3.11/site-packages/starlette/routing.py:76: in app
    await wrap_app_handling_exceptions(app, request)(scope, receive, send)
/usr/local/lib/python3.11/site-packages/starlette/_exception_handler.py:53: in wrapped_app
    raise exc
/usr/local/lib/python3.11/site-packages/starlette/_exception_handler.py:42: in wrapped_app
    await app(scope, receive, sender)
/usr/local/lib/python3.11/site-packages/starlette/routing.py:73: in app
    response = await f(request)
/usr/local/lib/python3.11/site-packages/fastapi/routing.py:301: in app
    raw_response = await run_endpoint_function(
/usr/local/lib/python3.11/site-packages/fastapi/routing.py:212: in run_endpoint_function
    return await dependant.call(**values)
app/routers/auth.py:36: in register
    new_user = await user_crud.create_user(db, user_data)
_ _ _ _ _ _ _ _ _ _ _ _ _ _ _ _ _ _ _ _ _ _ _ _ _ _ _ _ _ _ _ _ _ _ _ _ _ _ _ _ 

db = <sqlalchemy.orm.session.Session object at 0x7747751252d0>
user = UserCreate(username='testuser', email='test@example.com', password='strongpassword123')

    async def create_user(db: AsyncSession, user: UserCreate):
        hashed_password = pwd_context.hash(user.password)
        db_user = User(
            username=user.username,
            email=user.email,
            hashed_password=hashed_password
        )
        db.add(db_user)
        try:
            await db.commit()
            result = await db.execute(
                select(User).options(selectinload(User.courses)).where(User.id == db_user.id)
            )
            return result.scalar_one()
        except IntegrityError as e:
>           await db.rollback()
E           TypeError: object NoneType can't be used in 'await' expression

app/crud/user.py:54: TypeError
___________________ test_get_all_users_unauthorized[asyncio] ___________________

client = <httpx.AsyncClient object at 0x7747744d5c50>

    @pytest.mark.anyio
    async def test_get_all_users_unauthorized(client):
        response = await client.get("/users/")
>       assert response.status_code == 401
E       assert 403 == 401
E        +  where 403 = <Response [403 Forbidden]>.status_code

app/tests/test_users.py:38: AssertionError
_________________________ test_get_user_by_id[asyncio] _________________________

client = <httpx.AsyncClient object at 0x7747744d5c50>

    @pytest.mark.anyio
    async def test_get_user_by_id(client):
>       headers = await get_auth_headers(client, test_user)

app/tests/test_users.py:42: 
_ _ _ _ _ _ _ _ _ _ _ _ _ _ _ _ _ _ _ _ _ _ _ _ _ _ _ _ _ _ _ _ _ _ _ _ _ _ _ _ 
app/tests/utils.py:27: in get_auth_headers
    token = await login_user(client, user_data)
app/tests/utils.py:20: in login_user
    response = await client.post("/auth/login", data={
/usr/local/lib/python3.11/site-packages/httpx/_client.py:1859: in post
    return await self.request(
/usr/local/lib/python3.11/site-packages/httpx/_client.py:1540: in request
    return await self.send(request, auth=auth, follow_redirects=follow_redirects)
/usr/local/lib/python3.11/site-packages/httpx/_client.py:1629: in send
    response = await self._send_handling_auth(
/usr/local/lib/python3.11/site-packages/httpx/_client.py:1657: in _send_handling_auth
    response = await self._send_handling_redirects(
/usr/local/lib/python3.11/site-packages/httpx/_client.py:1694: in _send_handling_redirects
    response = await self._send_single_request(request)
/usr/local/lib/python3.11/site-packages/httpx/_client.py:1730: in _send_single_request
    response = await transport.handle_async_request(request)
/usr/local/lib/python3.11/site-packages/httpx/_transports/asgi.py:170: in handle_async_request
    await self.app(scope, receive, send)
/usr/local/lib/python3.11/site-packages/fastapi/applications.py:1054: in __call__
    await super().__call__(scope, receive, send)
/usr/local/lib/python3.11/site-packages/starlette/applications.py:112: in __call__
    await self.middleware_stack(scope, receive, send)
/usr/local/lib/python3.11/site-packages/starlette/middleware/errors.py:187: in __call__
    raise exc
/usr/local/lib/python3.11/site-packages/starlette/middleware/errors.py:165: in __call__
    await self.app(scope, receive, _send)
/usr/local/lib/python3.11/site-packages/starlette/middleware/exceptions.py:62: in __call__
    await wrap_app_handling_exceptions(self.app, conn)(scope, receive, send)
/usr/local/lib/python3.11/site-packages/starlette/_exception_handler.py:53: in wrapped_app
    raise exc
/usr/local/lib/python3.11/site-packages/starlette/_exception_handler.py:42: in wrapped_app
    await app(scope, receive, sender)
/usr/local/lib/python3.11/site-packages/starlette/routing.py:714: in __call__
    await self.middleware_stack(scope, receive, send)
/usr/local/lib/python3.11/site-packages/starlette/routing.py:734: in app
    await route.handle(scope, receive, send)
/usr/local/lib/python3.11/site-packages/starlette/routing.py:288: in handle
    await self.app(scope, receive, send)
/usr/local/lib/python3.11/site-packages/starlette/routing.py:76: in app
    await wrap_app_handling_exceptions(app, request)(scope, receive, send)
/usr/local/lib/python3.11/site-packages/starlette/_exception_handler.py:53: in wrapped_app
    raise exc
/usr/local/lib/python3.11/site-packages/starlette/_exception_handler.py:42: in wrapped_app
    await app(scope, receive, sender)
/usr/local/lib/python3.11/site-packages/starlette/routing.py:73: in app
    response = await f(request)
/usr/local/lib/python3.11/site-packages/fastapi/routing.py:301: in app
    raw_response = await run_endpoint_function(
/usr/local/lib/python3.11/site-packages/fastapi/routing.py:212: in run_endpoint_function
    return await dependant.call(**values)
app/routers/auth.py:20: in login
    user = await user_crud.authenticate_user(db, form_data.username, form_data.password)
app/crud/user.py:83: in authenticate_user
    user = await get_user_by_email(db, email)
_ _ _ _ _ _ _ _ _ _ _ _ _ _ _ _ _ _ _ _ _ _ _ _ _ _ _ _ _ _ _ _ _ _ _ _ _ _ _ _ 

db = <sqlalchemy.orm.session.Session object at 0x774775378890>
email = 'test@example.com'

    async def get_user_by_email(db: AsyncSession, email: str):
>       result = await db.execute(
            select(User).options(selectinload(User.courses)).where(User.email == email)
        )
E       TypeError: object ChunkedIteratorResult can't be used in 'await' expression

app/crud/user.py:26: TypeError
__________________ test_get_user_by_id_unauthorized[asyncio] ___________________

client = <httpx.AsyncClient object at 0x7747744d5c50>

    @pytest.mark.anyio
    async def test_get_user_by_id_unauthorized(client):
        response = await client.get("/users/1")
>       assert response.status_code == 401
E       assert 403 == 401
E        +  where 403 = <Response [403 Forbidden]>.status_code

app/tests/test_users.py:54: AssertionError
__________________________ test_update_user[asyncio] ___________________________

client = <httpx.AsyncClient object at 0x7747744d5c50>

    @pytest.mark.anyio
    async def test_update_user(client):
>       headers = await get_auth_headers(client, test_user)

app/tests/test_users.py:58: 
_ _ _ _ _ _ _ _ _ _ _ _ _ _ _ _ _ _ _ _ _ _ _ _ _ _ _ _ _ _ _ _ _ _ _ _ _ _ _ _ 
app/tests/utils.py:27: in get_auth_headers
    token = await login_user(client, user_data)
app/tests/utils.py:20: in login_user
    response = await client.post("/auth/login", data={
/usr/local/lib/python3.11/site-packages/httpx/_client.py:1859: in post
    return await self.request(
/usr/local/lib/python3.11/site-packages/httpx/_client.py:1540: in request
    return await self.send(request, auth=auth, follow_redirects=follow_redirects)
/usr/local/lib/python3.11/site-packages/httpx/_client.py:1629: in send
    response = await self._send_handling_auth(
/usr/local/lib/python3.11/site-packages/httpx/_client.py:1657: in _send_handling_auth
    response = await self._send_handling_redirects(
/usr/local/lib/python3.11/site-packages/httpx/_client.py:1694: in _send_handling_redirects
    response = await self._send_single_request(request)
/usr/local/lib/python3.11/site-packages/httpx/_client.py:1730: in _send_single_request
    response = await transport.handle_async_request(request)
/usr/local/lib/python3.11/site-packages/httpx/_transports/asgi.py:170: in handle_async_request
    await self.app(scope, receive, send)
/usr/local/lib/python3.11/site-packages/fastapi/applications.py:1054: in __call__
    await super().__call__(scope, receive, send)
/usr/local/lib/python3.11/site-packages/starlette/applications.py:112: in __call__
    await self.middleware_stack(scope, receive, send)
/usr/local/lib/python3.11/site-packages/starlette/middleware/errors.py:187: in __call__
    raise exc
/usr/local/lib/python3.11/site-packages/starlette/middleware/errors.py:165: in __call__
    await self.app(scope, receive, _send)
/usr/local/lib/python3.11/site-packages/starlette/middleware/exceptions.py:62: in __call__
    await wrap_app_handling_exceptions(self.app, conn)(scope, receive, send)
/usr/local/lib/python3.11/site-packages/starlette/_exception_handler.py:53: in wrapped_app
    raise exc
/usr/local/lib/python3.11/site-packages/starlette/_exception_handler.py:42: in wrapped_app
    await app(scope, receive, sender)
/usr/local/lib/python3.11/site-packages/starlette/routing.py:714: in __call__
    await self.middleware_stack(scope, receive, send)
/usr/local/lib/python3.11/site-packages/starlette/routing.py:734: in app
    await route.handle(scope, receive, send)
/usr/local/lib/python3.11/site-packages/starlette/routing.py:288: in handle
    await self.app(scope, receive, send)
/usr/local/lib/python3.11/site-packages/starlette/routing.py:76: in app
    await wrap_app_handling_exceptions(app, request)(scope, receive, send)
/usr/local/lib/python3.11/site-packages/starlette/_exception_handler.py:53: in wrapped_app
    raise exc
/usr/local/lib/python3.11/site-packages/starlette/_exception_handler.py:42: in wrapped_app
    await app(scope, receive, sender)
/usr/local/lib/python3.11/site-packages/starlette/routing.py:73: in app
    response = await f(request)
/usr/local/lib/python3.11/site-packages/fastapi/routing.py:301: in app
    raw_response = await run_endpoint_function(
/usr/local/lib/python3.11/site-packages/fastapi/routing.py:212: in run_endpoint_function
    return await dependant.call(**values)
app/routers/auth.py:20: in login
    user = await user_crud.authenticate_user(db, form_data.username, form_data.password)
app/crud/user.py:83: in authenticate_user
    user = await get_user_by_email(db, email)
_ _ _ _ _ _ _ _ _ _ _ _ _ _ _ _ _ _ _ _ _ _ _ _ _ _ _ _ _ _ _ _ _ _ _ _ _ _ _ _ 

db = <sqlalchemy.orm.session.Session object at 0x7747740bb9d0>
email = 'test@example.com'

    async def get_user_by_email(db: AsyncSession, email: str):
>       result = await db.execute(
            select(User).options(selectinload(User.courses)).where(User.email == email)
        )
E       TypeError: object ChunkedIteratorResult can't be used in 'await' expression

app/crud/user.py:26: TypeError
____________________ test_update_user_unauthorized[asyncio] ____________________

client = <httpx.AsyncClient object at 0x7747744d5c50>

    @pytest.mark.anyio
    async def test_update_user_unauthorized(client):
        response = await client.put("/users/1", json={"username": "malicious"})
>       assert response.status_code == 401
E       assert 403 == 401
E        +  where 403 = <Response [403 Forbidden]>.status_code

app/tests/test_users.py:73: AssertionError
__________________________ test_delete_user[asyncio] ___________________________

client = <httpx.AsyncClient object at 0x7747744d5c50>

    @pytest.mark.anyio
    async def test_delete_user(client):
>       await register_user(client, test_user_2)

app/tests/test_users.py:77: 
_ _ _ _ _ _ _ _ _ _ _ _ _ _ _ _ _ _ _ _ _ _ _ _ _ _ _ _ _ _ _ _ _ _ _ _ _ _ _ _ 
app/tests/utils.py:17: in register_user
    return await client.post("/auth/register", json=user_data)
/usr/local/lib/python3.11/site-packages/httpx/_client.py:1859: in post
    return await self.request(
/usr/local/lib/python3.11/site-packages/httpx/_client.py:1540: in request
    return await self.send(request, auth=auth, follow_redirects=follow_redirects)
/usr/local/lib/python3.11/site-packages/httpx/_client.py:1629: in send
    response = await self._send_handling_auth(
/usr/local/lib/python3.11/site-packages/httpx/_client.py:1657: in _send_handling_auth
    response = await self._send_handling_redirects(
/usr/local/lib/python3.11/site-packages/httpx/_client.py:1694: in _send_handling_redirects
    response = await self._send_single_request(request)
/usr/local/lib/python3.11/site-packages/httpx/_client.py:1730: in _send_single_request
    response = await transport.handle_async_request(request)
/usr/local/lib/python3.11/site-packages/httpx/_transports/asgi.py:170: in handle_async_request
    await self.app(scope, receive, send)
/usr/local/lib/python3.11/site-packages/fastapi/applications.py:1054: in __call__
    await super().__call__(scope, receive, send)
/usr/local/lib/python3.11/site-packages/starlette/applications.py:112: in __call__
    await self.middleware_stack(scope, receive, send)
/usr/local/lib/python3.11/site-packages/starlette/middleware/errors.py:187: in __call__
    raise exc
/usr/local/lib/python3.11/site-packages/starlette/middleware/errors.py:165: in __call__
    await self.app(scope, receive, _send)
/usr/local/lib/python3.11/site-packages/starlette/middleware/exceptions.py:62: in __call__
    await wrap_app_handling_exceptions(self.app, conn)(scope, receive, send)
/usr/local/lib/python3.11/site-packages/starlette/_exception_handler.py:53: in wrapped_app
    raise exc
/usr/local/lib/python3.11/site-packages/starlette/_exception_handler.py:42: in wrapped_app
    await app(scope, receive, sender)
/usr/local/lib/python3.11/site-packages/starlette/routing.py:714: in __call__
    await self.middleware_stack(scope, receive, send)
/usr/local/lib/python3.11/site-packages/starlette/routing.py:734: in app
    await route.handle(scope, receive, send)
/usr/local/lib/python3.11/site-packages/starlette/routing.py:288: in handle
    await self.app(scope, receive, send)
/usr/local/lib/python3.11/site-packages/starlette/routing.py:76: in app
    await wrap_app_handling_exceptions(app, request)(scope, receive, send)
/usr/local/lib/python3.11/site-packages/starlette/_exception_handler.py:53: in wrapped_app
    raise exc
/usr/local/lib/python3.11/site-packages/starlette/_exception_handler.py:42: in wrapped_app
    await app(scope, receive, sender)
/usr/local/lib/python3.11/site-packages/starlette/routing.py:73: in app
    response = await f(request)
/usr/local/lib/python3.11/site-packages/fastapi/routing.py:301: in app
    raw_response = await run_endpoint_function(
/usr/local/lib/python3.11/site-packages/fastapi/routing.py:212: in run_endpoint_function
    return await dependant.call(**values)
app/routers/auth.py:36: in register
    new_user = await user_crud.create_user(db, user_data)
_ _ _ _ _ _ _ _ _ _ _ _ _ _ _ _ _ _ _ _ _ _ _ _ _ _ _ _ _ _ _ _ _ _ _ _ _ _ _ _ 

db = <sqlalchemy.orm.session.Session object at 0x774774fc5350>
user = UserCreate(username='seconduser', email='second@example.com', password='anotherpassword123')

    async def create_user(db: AsyncSession, user: UserCreate):
        hashed_password = pwd_context.hash(user.password)
        db_user = User(
            username=user.username,
            email=user.email,
            hashed_password=hashed_password
        )
        db.add(db_user)
        try:
>           await db.commit()
E           TypeError: object NoneType can't be used in 'await' expression

app/crud/user.py:48: TypeError
____________________ test_delete_user_unauthorized[asyncio] ____________________

client = <httpx.AsyncClient object at 0x7747744d5c50>

    @pytest.mark.anyio
    async def test_delete_user_unauthorized(client):
        response = await client.delete("/users/1")
>       assert response.status_code == 401
E       assert 405 == 401
E        +  where 405 = <Response [405 Method Not Allowed]>.status_code

app/tests/test_users.py:93: AssertionError
______________________________ test_get_me[trio] _______________________________

self = <sqlalchemy.engine.base.Connection object at 0x774774f08e10>
dialect = <sqlalchemy.dialects.sqlite.pysqlite.SQLiteDialect_pysqlite object at 0x77477976fed0>
context = <sqlalchemy.dialects.sqlite.base.SQLiteExecutionContext object at 0x774774f0b0d0>
statement = <sqlalchemy.dialects.sqlite.base.SQLiteCompiler object at 0x7747754ab890>
parameters = [('testuser', 'test@example.com', '$2b$12$UE9jaSwucOR0/HruY/dMR.qWLcev8xK/hGSjbMe8KlpcAfMBCu.3K')]

    def _exec_single_context(
        self,
        dialect: Dialect,
        context: ExecutionContext,
        statement: Union[str, Compiled],
        parameters: Optional[_AnyMultiExecuteParams],
    ) -> CursorResult[Any]:
        """continue the _execute_context() method for a single DBAPI
        cursor.execute() or cursor.executemany() call.
    
        """
        if dialect.bind_typing is BindTyping.SETINPUTSIZES:
            generic_setinputsizes = context._prepare_set_input_sizes()
    
            if generic_setinputsizes:
                try:
                    dialect.do_set_input_sizes(
                        context.cursor, generic_setinputsizes, context
                    )
                except BaseException as e:
                    self._handle_dbapi_exception(
                        e, str(statement), parameters, None, context
                    )
    
        cursor, str_statement, parameters = (
            context.cursor,
            context.statement,
            context.parameters,
        )
    
        effective_parameters: Optional[_AnyExecuteParams]
    
        if not context.executemany:
            effective_parameters = parameters[0]
        else:
            effective_parameters = parameters
    
        if self._has_events or self.engine._has_events:
            for fn in self.dispatch.before_cursor_execute:
                str_statement, effective_parameters = fn(
                    self,
                    cursor,
                    str_statement,
                    effective_parameters,
                    context,
                    context.executemany,
                )
    
        if self._echo:
            self._log_info(str_statement)
    
            stats = context._get_cache_stats()
    
            if not self.engine.hide_parameters:
                self._log_info(
                    "[%s] %r",
                    stats,
                    sql_util._repr_params(
                        effective_parameters,
                        batches=10,
                        ismulti=context.executemany,
                    ),
                )
            else:
                self._log_info(
                    "[%s] [SQL parameters hidden due to hide_parameters=True]",
                    stats,
                )
    
        evt_handled: bool = False
        try:
            if context.execute_style is ExecuteStyle.EXECUTEMANY:
                effective_parameters = cast(
                    "_CoreMultiExecuteParams", effective_parameters
                )
                if self.dialect._has_events:
                    for fn in self.dialect.dispatch.do_executemany:
                        if fn(
                            cursor,
                            str_statement,
                            effective_parameters,
                            context,
                        ):
                            evt_handled = True
                            break
                if not evt_handled:
                    self.dialect.do_executemany(
                        cursor,
                        str_statement,
                        effective_parameters,
                        context,
                    )
            elif not effective_parameters and context.no_parameters:
                if self.dialect._has_events:
                    for fn in self.dialect.dispatch.do_execute_no_params:
                        if fn(cursor, str_statement, context):
                            evt_handled = True
                            break
                if not evt_handled:
                    self.dialect.do_execute_no_params(
                        cursor, str_statement, context
                    )
            else:
                effective_parameters = cast(
                    "_CoreSingleExecuteParams", effective_parameters
                )
                if self.dialect._has_events:
                    for fn in self.dialect.dispatch.do_execute:
                        if fn(
                            cursor,
                            str_statement,
                            effective_parameters,
                            context,
                        ):
                            evt_handled = True
                            break
                if not evt_handled:
>                   self.dialect.do_execute(
                        cursor, str_statement, effective_parameters, context
                    )

/usr/local/lib/python3.11/site-packages/sqlalchemy/engine/base.py:1964: 
_ _ _ _ _ _ _ _ _ _ _ _ _ _ _ _ _ _ _ _ _ _ _ _ _ _ _ _ _ _ _ _ _ _ _ _ _ _ _ _ 

self = <sqlalchemy.dialects.sqlite.pysqlite.SQLiteDialect_pysqlite object at 0x77477976fed0>
cursor = <sqlite3.Cursor object at 0x7747752798c0>
statement = 'INSERT INTO users (username, email, hashed_password) VALUES (?, ?, ?)'
parameters = ('testuser', 'test@example.com', '$2b$12$UE9jaSwucOR0/HruY/dMR.qWLcev8xK/hGSjbMe8KlpcAfMBCu.3K')
context = <sqlalchemy.dialects.sqlite.base.SQLiteExecutionContext object at 0x774774f0b0d0>

    def do_execute(self, cursor, statement, parameters, context=None):
>       cursor.execute(statement, parameters)
E       sqlite3.IntegrityError: UNIQUE constraint failed: users.email

/usr/local/lib/python3.11/site-packages/sqlalchemy/engine/default.py:945: IntegrityError

The above exception was the direct cause of the following exception:

db = <sqlalchemy.orm.session.Session object at 0x774774f08650>
user = UserCreate(username='testuser', email='test@example.com', password='strongpassword123')

    async def create_user(db: AsyncSession, user: UserCreate):
        hashed_password = pwd_context.hash(user.password)
        db_user = User(
            username=user.username,
            email=user.email,
            hashed_password=hashed_password
        )
        db.add(db_user)
        try:
>           await db.commit()

app/crud/user.py:48: 
_ _ _ _ _ _ _ _ _ _ _ _ _ _ _ _ _ _ _ _ _ _ _ _ _ _ _ _ _ _ _ _ _ _ _ _ _ _ _ _ 
/usr/local/lib/python3.11/site-packages/sqlalchemy/orm/session.py:2032: in commit
    trans.commit(_to_root=True)
/usr/local/lib/python3.11/site-packages/sqlalchemy/orm/state_changes.py:139: in _go
    ret_value = fn(self, *arg, **kw)
/usr/local/lib/python3.11/site-packages/sqlalchemy/orm/session.py:1313: in commit
    self._prepare_impl()
/usr/local/lib/python3.11/site-packages/sqlalchemy/orm/state_changes.py:139: in _go
    ret_value = fn(self, *arg, **kw)
/usr/local/lib/python3.11/site-packages/sqlalchemy/orm/session.py:1288: in _prepare_impl
    self.session.flush()
/usr/local/lib/python3.11/site-packages/sqlalchemy/orm/session.py:4353: in flush
    self._flush(objects)
/usr/local/lib/python3.11/site-packages/sqlalchemy/orm/session.py:4488: in _flush
    with util.safe_reraise():
/usr/local/lib/python3.11/site-packages/sqlalchemy/util/langhelpers.py:146: in __exit__
    raise exc_value.with_traceback(exc_tb)
/usr/local/lib/python3.11/site-packages/sqlalchemy/orm/session.py:4449: in _flush
    flush_context.execute()
/usr/local/lib/python3.11/site-packages/sqlalchemy/orm/unitofwork.py:466: in execute
    rec.execute(self)
/usr/local/lib/python3.11/site-packages/sqlalchemy/orm/unitofwork.py:642: in execute
    util.preloaded.orm_persistence.save_obj(
/usr/local/lib/python3.11/site-packages/sqlalchemy/orm/persistence.py:93: in save_obj
    _emit_insert_statements(
/usr/local/lib/python3.11/site-packages/sqlalchemy/orm/persistence.py:1233: in _emit_insert_statements
    result = connection.execute(
/usr/local/lib/python3.11/site-packages/sqlalchemy/engine/base.py:1416: in execute
    return meth(
/usr/local/lib/python3.11/site-packages/sqlalchemy/sql/elements.py:523: in _execute_on_connection
    return connection._execute_clauseelement(
/usr/local/lib/python3.11/site-packages/sqlalchemy/engine/base.py:1638: in _execute_clauseelement
    ret = self._execute_context(
/usr/local/lib/python3.11/site-packages/sqlalchemy/engine/base.py:1843: in _execute_context
    return self._exec_single_context(
/usr/local/lib/python3.11/site-packages/sqlalchemy/engine/base.py:1983: in _exec_single_context
    self._handle_dbapi_exception(
/usr/local/lib/python3.11/site-packages/sqlalchemy/engine/base.py:2352: in _handle_dbapi_exception
    raise sqlalchemy_exception.with_traceback(exc_info[2]) from e
/usr/local/lib/python3.11/site-packages/sqlalchemy/engine/base.py:1964: in _exec_single_context
    self.dialect.do_execute(
_ _ _ _ _ _ _ _ _ _ _ _ _ _ _ _ _ _ _ _ _ _ _ _ _ _ _ _ _ _ _ _ _ _ _ _ _ _ _ _ 

self = <sqlalchemy.dialects.sqlite.pysqlite.SQLiteDialect_pysqlite object at 0x77477976fed0>
cursor = <sqlite3.Cursor object at 0x7747752798c0>
statement = 'INSERT INTO users (username, email, hashed_password) VALUES (?, ?, ?)'
parameters = ('testuser', 'test@example.com', '$2b$12$UE9jaSwucOR0/HruY/dMR.qWLcev8xK/hGSjbMe8KlpcAfMBCu.3K')
context = <sqlalchemy.dialects.sqlite.base.SQLiteExecutionContext object at 0x774774f0b0d0>

    def do_execute(self, cursor, statement, parameters, context=None):
>       cursor.execute(statement, parameters)
E       sqlalchemy.exc.IntegrityError: (sqlite3.IntegrityError) UNIQUE constraint failed: users.email
E       [SQL: INSERT INTO users (username, email, hashed_password) VALUES (?, ?, ?)]
E       [parameters: ('testuser', 'test@example.com', '$2b$12$UE9jaSwucOR0/HruY/dMR.qWLcev8xK/hGSjbMe8KlpcAfMBCu.3K')]
E       (Background on this error at: https://sqlalche.me/e/20/gkpj)

/usr/local/lib/python3.11/site-packages/sqlalchemy/engine/default.py:945: IntegrityError

During handling of the above exception, another exception occurred:

client = <httpx.AsyncClient object at 0x7747744d5c50>

    @pytest.mark.anyio
    async def test_get_me(client):
>       await register_user(client)  # nos aseguramos de que el user exista

app/tests/test_users.py:7: 
_ _ _ _ _ _ _ _ _ _ _ _ _ _ _ _ _ _ _ _ _ _ _ _ _ _ _ _ _ _ _ _ _ _ _ _ _ _ _ _ 
app/tests/utils.py:17: in register_user
    return await client.post("/auth/register", json=user_data)
/usr/local/lib/python3.11/site-packages/httpx/_client.py:1859: in post
    return await self.request(
/usr/local/lib/python3.11/site-packages/httpx/_client.py:1540: in request
    return await self.send(request, auth=auth, follow_redirects=follow_redirects)
/usr/local/lib/python3.11/site-packages/httpx/_client.py:1629: in send
    response = await self._send_handling_auth(
/usr/local/lib/python3.11/site-packages/httpx/_client.py:1657: in _send_handling_auth
    response = await self._send_handling_redirects(
/usr/local/lib/python3.11/site-packages/httpx/_client.py:1694: in _send_handling_redirects
    response = await self._send_single_request(request)
/usr/local/lib/python3.11/site-packages/httpx/_client.py:1730: in _send_single_request
    response = await transport.handle_async_request(request)
/usr/local/lib/python3.11/site-packages/httpx/_transports/asgi.py:170: in handle_async_request
    await self.app(scope, receive, send)
/usr/local/lib/python3.11/site-packages/fastapi/applications.py:1054: in __call__
    await super().__call__(scope, receive, send)
/usr/local/lib/python3.11/site-packages/starlette/applications.py:112: in __call__
    await self.middleware_stack(scope, receive, send)
/usr/local/lib/python3.11/site-packages/starlette/middleware/errors.py:187: in __call__
    raise exc
/usr/local/lib/python3.11/site-packages/starlette/middleware/errors.py:165: in __call__
    await self.app(scope, receive, _send)
/usr/local/lib/python3.11/site-packages/starlette/middleware/exceptions.py:62: in __call__
    await wrap_app_handling_exceptions(self.app, conn)(scope, receive, send)
/usr/local/lib/python3.11/site-packages/starlette/_exception_handler.py:53: in wrapped_app
    raise exc
/usr/local/lib/python3.11/site-packages/starlette/_exception_handler.py:42: in wrapped_app
    await app(scope, receive, sender)
/usr/local/lib/python3.11/site-packages/starlette/routing.py:714: in __call__
    await self.middleware_stack(scope, receive, send)
/usr/local/lib/python3.11/site-packages/starlette/routing.py:734: in app
    await route.handle(scope, receive, send)
/usr/local/lib/python3.11/site-packages/starlette/routing.py:288: in handle
    await self.app(scope, receive, send)
/usr/local/lib/python3.11/site-packages/starlette/routing.py:76: in app
    await wrap_app_handling_exceptions(app, request)(scope, receive, send)
/usr/local/lib/python3.11/site-packages/starlette/_exception_handler.py:53: in wrapped_app
    raise exc
/usr/local/lib/python3.11/site-packages/starlette/_exception_handler.py:42: in wrapped_app
    await app(scope, receive, sender)
/usr/local/lib/python3.11/site-packages/starlette/routing.py:73: in app
    response = await f(request)
/usr/local/lib/python3.11/site-packages/fastapi/routing.py:301: in app
    raw_response = await run_endpoint_function(
/usr/local/lib/python3.11/site-packages/fastapi/routing.py:212: in run_endpoint_function
    return await dependant.call(**values)
app/routers/auth.py:36: in register
    new_user = await user_crud.create_user(db, user_data)
_ _ _ _ _ _ _ _ _ _ _ _ _ _ _ _ _ _ _ _ _ _ _ _ _ _ _ _ _ _ _ _ _ _ _ _ _ _ _ _ 

db = <sqlalchemy.orm.session.Session object at 0x774774f08650>
user = UserCreate(username='testuser', email='test@example.com', password='strongpassword123')

    async def create_user(db: AsyncSession, user: UserCreate):
        hashed_password = pwd_context.hash(user.password)
        db_user = User(
            username=user.username,
            email=user.email,
            hashed_password=hashed_password
        )
        db.add(db_user)
        try:
            await db.commit()
            result = await db.execute(
                select(User).options(selectinload(User.courses)).where(User.id == db_user.id)
            )
            return result.scalar_one()
        except IntegrityError as e:
>           await db.rollback()
E           TypeError: object NoneType can't be used in 'await' expression

app/crud/user.py:54: TypeError
________________________ test_get_me_unauthorized[trio] ________________________

client = <httpx.AsyncClient object at 0x7747744d5c50>

    @pytest.mark.anyio
    async def test_get_me_unauthorized(client):
        response = await client.get("/users/me")
>       assert response.status_code == 401
E       assert 403 == 401
E        +  where 403 = <Response [403 Forbidden]>.status_code

app/tests/test_users.py:19: AssertionError
___________________________ test_get_all_users[trio] ___________________________

self = <sqlalchemy.engine.base.Connection object at 0x7747744c8e10>
dialect = <sqlalchemy.dialects.sqlite.pysqlite.SQLiteDialect_pysqlite object at 0x77477976fed0>
context = <sqlalchemy.dialects.sqlite.base.SQLiteExecutionContext object at 0x7747744ca810>
statement = <sqlalchemy.dialects.sqlite.base.SQLiteCompiler object at 0x7747754ab890>
parameters = [('testuser', 'test@example.com', '$2b$12$o4ob7QrjaA7srj9leWGWkOOZPRC8DTMfrIZt3hEuZFq114QSBUtgW')]

    def _exec_single_context(
        self,
        dialect: Dialect,
        context: ExecutionContext,
        statement: Union[str, Compiled],
        parameters: Optional[_AnyMultiExecuteParams],
    ) -> CursorResult[Any]:
        """continue the _execute_context() method for a single DBAPI
        cursor.execute() or cursor.executemany() call.
    
        """
        if dialect.bind_typing is BindTyping.SETINPUTSIZES:
            generic_setinputsizes = context._prepare_set_input_sizes()
    
            if generic_setinputsizes:
                try:
                    dialect.do_set_input_sizes(
                        context.cursor, generic_setinputsizes, context
                    )
                except BaseException as e:
                    self._handle_dbapi_exception(
                        e, str(statement), parameters, None, context
                    )
    
        cursor, str_statement, parameters = (
            context.cursor,
            context.statement,
            context.parameters,
        )
    
        effective_parameters: Optional[_AnyExecuteParams]
    
        if not context.executemany:
            effective_parameters = parameters[0]
        else:
            effective_parameters = parameters
    
        if self._has_events or self.engine._has_events:
            for fn in self.dispatch.before_cursor_execute:
                str_statement, effective_parameters = fn(
                    self,
                    cursor,
                    str_statement,
                    effective_parameters,
                    context,
                    context.executemany,
                )
    
        if self._echo:
            self._log_info(str_statement)
    
            stats = context._get_cache_stats()
    
            if not self.engine.hide_parameters:
                self._log_info(
                    "[%s] %r",
                    stats,
                    sql_util._repr_params(
                        effective_parameters,
                        batches=10,
                        ismulti=context.executemany,
                    ),
                )
            else:
                self._log_info(
                    "[%s] [SQL parameters hidden due to hide_parameters=True]",
                    stats,
                )
    
        evt_handled: bool = False
        try:
            if context.execute_style is ExecuteStyle.EXECUTEMANY:
                effective_parameters = cast(
                    "_CoreMultiExecuteParams", effective_parameters
                )
                if self.dialect._has_events:
                    for fn in self.dialect.dispatch.do_executemany:
                        if fn(
                            cursor,
                            str_statement,
                            effective_parameters,
                            context,
                        ):
                            evt_handled = True
                            break
                if not evt_handled:
                    self.dialect.do_executemany(
                        cursor,
                        str_statement,
                        effective_parameters,
                        context,
                    )
            elif not effective_parameters and context.no_parameters:
                if self.dialect._has_events:
                    for fn in self.dialect.dispatch.do_execute_no_params:
                        if fn(cursor, str_statement, context):
                            evt_handled = True
                            break
                if not evt_handled:
                    self.dialect.do_execute_no_params(
                        cursor, str_statement, context
                    )
            else:
                effective_parameters = cast(
                    "_CoreSingleExecuteParams", effective_parameters
                )
                if self.dialect._has_events:
                    for fn in self.dialect.dispatch.do_execute:
                        if fn(
                            cursor,
                            str_statement,
                            effective_parameters,
                            context,
                        ):
                            evt_handled = True
                            break
                if not evt_handled:
>                   self.dialect.do_execute(
                        cursor, str_statement, effective_parameters, context
                    )

/usr/local/lib/python3.11/site-packages/sqlalchemy/engine/base.py:1964: 
_ _ _ _ _ _ _ _ _ _ _ _ _ _ _ _ _ _ _ _ _ _ _ _ _ _ _ _ _ _ _ _ _ _ _ _ _ _ _ _ 

self = <sqlalchemy.dialects.sqlite.pysqlite.SQLiteDialect_pysqlite object at 0x77477976fed0>
cursor = <sqlite3.Cursor object at 0x7747745cbec0>
statement = 'INSERT INTO users (username, email, hashed_password) VALUES (?, ?, ?)'
parameters = ('testuser', 'test@example.com', '$2b$12$o4ob7QrjaA7srj9leWGWkOOZPRC8DTMfrIZt3hEuZFq114QSBUtgW')
context = <sqlalchemy.dialects.sqlite.base.SQLiteExecutionContext object at 0x7747744ca810>

    def do_execute(self, cursor, statement, parameters, context=None):
>       cursor.execute(statement, parameters)
E       sqlite3.IntegrityError: UNIQUE constraint failed: users.email

/usr/local/lib/python3.11/site-packages/sqlalchemy/engine/default.py:945: IntegrityError

The above exception was the direct cause of the following exception:

db = <sqlalchemy.orm.session.Session object at 0x7747744c9850>
user = UserCreate(username='testuser', email='test@example.com', password='strongpassword123')

    async def create_user(db: AsyncSession, user: UserCreate):
        hashed_password = pwd_context.hash(user.password)
        db_user = User(
            username=user.username,
            email=user.email,
            hashed_password=hashed_password
        )
        db.add(db_user)
        try:
>           await db.commit()

app/crud/user.py:48: 
_ _ _ _ _ _ _ _ _ _ _ _ _ _ _ _ _ _ _ _ _ _ _ _ _ _ _ _ _ _ _ _ _ _ _ _ _ _ _ _ 
/usr/local/lib/python3.11/site-packages/sqlalchemy/orm/session.py:2032: in commit
    trans.commit(_to_root=True)
/usr/local/lib/python3.11/site-packages/sqlalchemy/orm/state_changes.py:139: in _go
    ret_value = fn(self, *arg, **kw)
/usr/local/lib/python3.11/site-packages/sqlalchemy/orm/session.py:1313: in commit
    self._prepare_impl()
/usr/local/lib/python3.11/site-packages/sqlalchemy/orm/state_changes.py:139: in _go
    ret_value = fn(self, *arg, **kw)
/usr/local/lib/python3.11/site-packages/sqlalchemy/orm/session.py:1288: in _prepare_impl
    self.session.flush()
/usr/local/lib/python3.11/site-packages/sqlalchemy/orm/session.py:4353: in flush
    self._flush(objects)
/usr/local/lib/python3.11/site-packages/sqlalchemy/orm/session.py:4488: in _flush
    with util.safe_reraise():
/usr/local/lib/python3.11/site-packages/sqlalchemy/util/langhelpers.py:146: in __exit__
    raise exc_value.with_traceback(exc_tb)
/usr/local/lib/python3.11/site-packages/sqlalchemy/orm/session.py:4449: in _flush
    flush_context.execute()
/usr/local/lib/python3.11/site-packages/sqlalchemy/orm/unitofwork.py:466: in execute
    rec.execute(self)
/usr/local/lib/python3.11/site-packages/sqlalchemy/orm/unitofwork.py:642: in execute
    util.preloaded.orm_persistence.save_obj(
/usr/local/lib/python3.11/site-packages/sqlalchemy/orm/persistence.py:93: in save_obj
    _emit_insert_statements(
/usr/local/lib/python3.11/site-packages/sqlalchemy/orm/persistence.py:1233: in _emit_insert_statements
    result = connection.execute(
/usr/local/lib/python3.11/site-packages/sqlalchemy/engine/base.py:1416: in execute
    return meth(
/usr/local/lib/python3.11/site-packages/sqlalchemy/sql/elements.py:523: in _execute_on_connection
    return connection._execute_clauseelement(
/usr/local/lib/python3.11/site-packages/sqlalchemy/engine/base.py:1638: in _execute_clauseelement
    ret = self._execute_context(
/usr/local/lib/python3.11/site-packages/sqlalchemy/engine/base.py:1843: in _execute_context
    return self._exec_single_context(
/usr/local/lib/python3.11/site-packages/sqlalchemy/engine/base.py:1983: in _exec_single_context
    self._handle_dbapi_exception(
/usr/local/lib/python3.11/site-packages/sqlalchemy/engine/base.py:2352: in _handle_dbapi_exception
    raise sqlalchemy_exception.with_traceback(exc_info[2]) from e
/usr/local/lib/python3.11/site-packages/sqlalchemy/engine/base.py:1964: in _exec_single_context
    self.dialect.do_execute(
_ _ _ _ _ _ _ _ _ _ _ _ _ _ _ _ _ _ _ _ _ _ _ _ _ _ _ _ _ _ _ _ _ _ _ _ _ _ _ _ 

self = <sqlalchemy.dialects.sqlite.pysqlite.SQLiteDialect_pysqlite object at 0x77477976fed0>
cursor = <sqlite3.Cursor object at 0x7747745cbec0>
statement = 'INSERT INTO users (username, email, hashed_password) VALUES (?, ?, ?)'
parameters = ('testuser', 'test@example.com', '$2b$12$o4ob7QrjaA7srj9leWGWkOOZPRC8DTMfrIZt3hEuZFq114QSBUtgW')
context = <sqlalchemy.dialects.sqlite.base.SQLiteExecutionContext object at 0x7747744ca810>

    def do_execute(self, cursor, statement, parameters, context=None):
>       cursor.execute(statement, parameters)
E       sqlalchemy.exc.IntegrityError: (sqlite3.IntegrityError) UNIQUE constraint failed: users.email
E       [SQL: INSERT INTO users (username, email, hashed_password) VALUES (?, ?, ?)]
E       [parameters: ('testuser', 'test@example.com', '$2b$12$o4ob7QrjaA7srj9leWGWkOOZPRC8DTMfrIZt3hEuZFq114QSBUtgW')]
E       (Background on this error at: https://sqlalche.me/e/20/gkpj)

/usr/local/lib/python3.11/site-packages/sqlalchemy/engine/default.py:945: IntegrityError

During handling of the above exception, another exception occurred:

client = <httpx.AsyncClient object at 0x7747744d5c50>

    @pytest.mark.anyio
    async def test_get_all_users(client):
        # Registrar dos usuarios
>       await register_user(client, test_user)

app/tests/test_users.py:24: 
_ _ _ _ _ _ _ _ _ _ _ _ _ _ _ _ _ _ _ _ _ _ _ _ _ _ _ _ _ _ _ _ _ _ _ _ _ _ _ _ 
app/tests/utils.py:17: in register_user
    return await client.post("/auth/register", json=user_data)
/usr/local/lib/python3.11/site-packages/httpx/_client.py:1859: in post
    return await self.request(
/usr/local/lib/python3.11/site-packages/httpx/_client.py:1540: in request
    return await self.send(request, auth=auth, follow_redirects=follow_redirects)
/usr/local/lib/python3.11/site-packages/httpx/_client.py:1629: in send
    response = await self._send_handling_auth(
/usr/local/lib/python3.11/site-packages/httpx/_client.py:1657: in _send_handling_auth
    response = await self._send_handling_redirects(
/usr/local/lib/python3.11/site-packages/httpx/_client.py:1694: in _send_handling_redirects
    response = await self._send_single_request(request)
/usr/local/lib/python3.11/site-packages/httpx/_client.py:1730: in _send_single_request
    response = await transport.handle_async_request(request)
/usr/local/lib/python3.11/site-packages/httpx/_transports/asgi.py:170: in handle_async_request
    await self.app(scope, receive, send)
/usr/local/lib/python3.11/site-packages/fastapi/applications.py:1054: in __call__
    await super().__call__(scope, receive, send)
/usr/local/lib/python3.11/site-packages/starlette/applications.py:112: in __call__
    await self.middleware_stack(scope, receive, send)
/usr/local/lib/python3.11/site-packages/starlette/middleware/errors.py:187: in __call__
    raise exc
/usr/local/lib/python3.11/site-packages/starlette/middleware/errors.py:165: in __call__
    await self.app(scope, receive, _send)
/usr/local/lib/python3.11/site-packages/starlette/middleware/exceptions.py:62: in __call__
    await wrap_app_handling_exceptions(self.app, conn)(scope, receive, send)
/usr/local/lib/python3.11/site-packages/starlette/_exception_handler.py:53: in wrapped_app
    raise exc
/usr/local/lib/python3.11/site-packages/starlette/_exception_handler.py:42: in wrapped_app
    await app(scope, receive, sender)
/usr/local/lib/python3.11/site-packages/starlette/routing.py:714: in __call__
    await self.middleware_stack(scope, receive, send)
/usr/local/lib/python3.11/site-packages/starlette/routing.py:734: in app
    await route.handle(scope, receive, send)
/usr/local/lib/python3.11/site-packages/starlette/routing.py:288: in handle
    await self.app(scope, receive, send)
/usr/local/lib/python3.11/site-packages/starlette/routing.py:76: in app
    await wrap_app_handling_exceptions(app, request)(scope, receive, send)
/usr/local/lib/python3.11/site-packages/starlette/_exception_handler.py:53: in wrapped_app
    raise exc
/usr/local/lib/python3.11/site-packages/starlette/_exception_handler.py:42: in wrapped_app
    await app(scope, receive, sender)
/usr/local/lib/python3.11/site-packages/starlette/routing.py:73: in app
    response = await f(request)
/usr/local/lib/python3.11/site-packages/fastapi/routing.py:301: in app
    raw_response = await run_endpoint_function(
/usr/local/lib/python3.11/site-packages/fastapi/routing.py:212: in run_endpoint_function
    return await dependant.call(**values)
app/routers/auth.py:36: in register
    new_user = await user_crud.create_user(db, user_data)
_ _ _ _ _ _ _ _ _ _ _ _ _ _ _ _ _ _ _ _ _ _ _ _ _ _ _ _ _ _ _ _ _ _ _ _ _ _ _ _ 

db = <sqlalchemy.orm.session.Session object at 0x7747744c9850>
user = UserCreate(username='testuser', email='test@example.com', password='strongpassword123')

    async def create_user(db: AsyncSession, user: UserCreate):
        hashed_password = pwd_context.hash(user.password)
        db_user = User(
            username=user.username,
            email=user.email,
            hashed_password=hashed_password
        )
        db.add(db_user)
        try:
            await db.commit()
            result = await db.execute(
                select(User).options(selectinload(User.courses)).where(User.id == db_user.id)
            )
            return result.scalar_one()
        except IntegrityError as e:
>           await db.rollback()
E           TypeError: object NoneType can't be used in 'await' expression

app/crud/user.py:54: TypeError
____________________ test_get_all_users_unauthorized[trio] _____________________

client = <httpx.AsyncClient object at 0x7747744d5c50>

    @pytest.mark.anyio
    async def test_get_all_users_unauthorized(client):
        response = await client.get("/users/")
>       assert response.status_code == 401
E       assert 403 == 401
E        +  where 403 = <Response [403 Forbidden]>.status_code

app/tests/test_users.py:38: AssertionError
__________________________ test_get_user_by_id[trio] ___________________________

client = <httpx.AsyncClient object at 0x7747744d5c50>

    @pytest.mark.anyio
    async def test_get_user_by_id(client):
>       headers = await get_auth_headers(client, test_user)

app/tests/test_users.py:42: 
_ _ _ _ _ _ _ _ _ _ _ _ _ _ _ _ _ _ _ _ _ _ _ _ _ _ _ _ _ _ _ _ _ _ _ _ _ _ _ _ 
app/tests/utils.py:27: in get_auth_headers
    token = await login_user(client, user_data)
app/tests/utils.py:20: in login_user
    response = await client.post("/auth/login", data={
/usr/local/lib/python3.11/site-packages/httpx/_client.py:1859: in post
    return await self.request(
/usr/local/lib/python3.11/site-packages/httpx/_client.py:1540: in request
    return await self.send(request, auth=auth, follow_redirects=follow_redirects)
/usr/local/lib/python3.11/site-packages/httpx/_client.py:1629: in send
    response = await self._send_handling_auth(
/usr/local/lib/python3.11/site-packages/httpx/_client.py:1657: in _send_handling_auth
    response = await self._send_handling_redirects(
/usr/local/lib/python3.11/site-packages/httpx/_client.py:1694: in _send_handling_redirects
    response = await self._send_single_request(request)
/usr/local/lib/python3.11/site-packages/httpx/_client.py:1730: in _send_single_request
    response = await transport.handle_async_request(request)
/usr/local/lib/python3.11/site-packages/httpx/_transports/asgi.py:170: in handle_async_request
    await self.app(scope, receive, send)
/usr/local/lib/python3.11/site-packages/fastapi/applications.py:1054: in __call__
    await super().__call__(scope, receive, send)
/usr/local/lib/python3.11/site-packages/starlette/applications.py:112: in __call__
    await self.middleware_stack(scope, receive, send)
/usr/local/lib/python3.11/site-packages/starlette/middleware/errors.py:187: in __call__
    raise exc
/usr/local/lib/python3.11/site-packages/starlette/middleware/errors.py:165: in __call__
    await self.app(scope, receive, _send)
/usr/local/lib/python3.11/site-packages/starlette/middleware/exceptions.py:62: in __call__
    await wrap_app_handling_exceptions(self.app, conn)(scope, receive, send)
/usr/local/lib/python3.11/site-packages/starlette/_exception_handler.py:53: in wrapped_app
    raise exc
/usr/local/lib/python3.11/site-packages/starlette/_exception_handler.py:42: in wrapped_app
    await app(scope, receive, sender)
/usr/local/lib/python3.11/site-packages/starlette/routing.py:714: in __call__
    await self.middleware_stack(scope, receive, send)
/usr/local/lib/python3.11/site-packages/starlette/routing.py:734: in app
    await route.handle(scope, receive, send)
/usr/local/lib/python3.11/site-packages/starlette/routing.py:288: in handle
    await self.app(scope, receive, send)
/usr/local/lib/python3.11/site-packages/starlette/routing.py:76: in app
    await wrap_app_handling_exceptions(app, request)(scope, receive, send)
/usr/local/lib/python3.11/site-packages/starlette/_exception_handler.py:53: in wrapped_app
    raise exc
/usr/local/lib/python3.11/site-packages/starlette/_exception_handler.py:42: in wrapped_app
    await app(scope, receive, sender)
/usr/local/lib/python3.11/site-packages/starlette/routing.py:73: in app
    response = await f(request)
/usr/local/lib/python3.11/site-packages/fastapi/routing.py:301: in app
    raw_response = await run_endpoint_function(
/usr/local/lib/python3.11/site-packages/fastapi/routing.py:212: in run_endpoint_function
    return await dependant.call(**values)
app/routers/auth.py:20: in login
    user = await user_crud.authenticate_user(db, form_data.username, form_data.password)
app/crud/user.py:83: in authenticate_user
    user = await get_user_by_email(db, email)
_ _ _ _ _ _ _ _ _ _ _ _ _ _ _ _ _ _ _ _ _ _ _ _ _ _ _ _ _ _ _ _ _ _ _ _ _ _ _ _ 

db = <sqlalchemy.orm.session.Session object at 0x7747753a1dd0>
email = 'test@example.com'

    async def get_user_by_email(db: AsyncSession, email: str):
>       result = await db.execute(
            select(User).options(selectinload(User.courses)).where(User.email == email)
        )
E       TypeError: object ChunkedIteratorResult can't be used in 'await' expression

app/crud/user.py:26: TypeError
____________________ test_get_user_by_id_unauthorized[trio] ____________________

client = <httpx.AsyncClient object at 0x7747744d5c50>

    @pytest.mark.anyio
    async def test_get_user_by_id_unauthorized(client):
        response = await client.get("/users/1")
>       assert response.status_code == 401
E       assert 403 == 401
E        +  where 403 = <Response [403 Forbidden]>.status_code

app/tests/test_users.py:54: AssertionError
____________________________ test_update_user[trio] ____________________________

client = <httpx.AsyncClient object at 0x7747744d5c50>

    @pytest.mark.anyio
    async def test_update_user(client):
>       headers = await get_auth_headers(client, test_user)

app/tests/test_users.py:58: 
_ _ _ _ _ _ _ _ _ _ _ _ _ _ _ _ _ _ _ _ _ _ _ _ _ _ _ _ _ _ _ _ _ _ _ _ _ _ _ _ 
app/tests/utils.py:27: in get_auth_headers
    token = await login_user(client, user_data)
app/tests/utils.py:20: in login_user
    response = await client.post("/auth/login", data={
/usr/local/lib/python3.11/site-packages/httpx/_client.py:1859: in post
    return await self.request(
/usr/local/lib/python3.11/site-packages/httpx/_client.py:1540: in request
    return await self.send(request, auth=auth, follow_redirects=follow_redirects)
/usr/local/lib/python3.11/site-packages/httpx/_client.py:1629: in send
    response = await self._send_handling_auth(
/usr/local/lib/python3.11/site-packages/httpx/_client.py:1657: in _send_handling_auth
    response = await self._send_handling_redirects(
/usr/local/lib/python3.11/site-packages/httpx/_client.py:1694: in _send_handling_redirects
    response = await self._send_single_request(request)
/usr/local/lib/python3.11/site-packages/httpx/_client.py:1730: in _send_single_request
    response = await transport.handle_async_request(request)
/usr/local/lib/python3.11/site-packages/httpx/_transports/asgi.py:170: in handle_async_request
    await self.app(scope, receive, send)
/usr/local/lib/python3.11/site-packages/fastapi/applications.py:1054: in __call__
    await super().__call__(scope, receive, send)
/usr/local/lib/python3.11/site-packages/starlette/applications.py:112: in __call__
    await self.middleware_stack(scope, receive, send)
/usr/local/lib/python3.11/site-packages/starlette/middleware/errors.py:187: in __call__
    raise exc
/usr/local/lib/python3.11/site-packages/starlette/middleware/errors.py:165: in __call__
    await self.app(scope, receive, _send)
/usr/local/lib/python3.11/site-packages/starlette/middleware/exceptions.py:62: in __call__
    await wrap_app_handling_exceptions(self.app, conn)(scope, receive, send)
/usr/local/lib/python3.11/site-packages/starlette/_exception_handler.py:53: in wrapped_app
    raise exc
/usr/local/lib/python3.11/site-packages/starlette/_exception_handler.py:42: in wrapped_app
    await app(scope, receive, sender)
/usr/local/lib/python3.11/site-packages/starlette/routing.py:714: in __call__
    await self.middleware_stack(scope, receive, send)
/usr/local/lib/python3.11/site-packages/starlette/routing.py:734: in app
    await route.handle(scope, receive, send)
/usr/local/lib/python3.11/site-packages/starlette/routing.py:288: in handle
    await self.app(scope, receive, send)
/usr/local/lib/python3.11/site-packages/starlette/routing.py:76: in app
    await wrap_app_handling_exceptions(app, request)(scope, receive, send)
/usr/local/lib/python3.11/site-packages/starlette/_exception_handler.py:53: in wrapped_app
    raise exc
/usr/local/lib/python3.11/site-packages/starlette/_exception_handler.py:42: in wrapped_app
    await app(scope, receive, sender)
/usr/local/lib/python3.11/site-packages/starlette/routing.py:73: in app
    response = await f(request)
/usr/local/lib/python3.11/site-packages/fastapi/routing.py:301: in app
    raw_response = await run_endpoint_function(
/usr/local/lib/python3.11/site-packages/fastapi/routing.py:212: in run_endpoint_function
    return await dependant.call(**values)
app/routers/auth.py:20: in login
    user = await user_crud.authenticate_user(db, form_data.username, form_data.password)
app/crud/user.py:83: in authenticate_user
    user = await get_user_by_email(db, email)
_ _ _ _ _ _ _ _ _ _ _ _ _ _ _ _ _ _ _ _ _ _ _ _ _ _ _ _ _ _ _ _ _ _ _ _ _ _ _ _ 

db = <sqlalchemy.orm.session.Session object at 0x774774ed6290>
email = 'test@example.com'

    async def get_user_by_email(db: AsyncSession, email: str):
>       result = await db.execute(
            select(User).options(selectinload(User.courses)).where(User.email == email)
        )
E       TypeError: object ChunkedIteratorResult can't be used in 'await' expression

app/crud/user.py:26: TypeError
_____________________ test_update_user_unauthorized[trio] ______________________

client = <httpx.AsyncClient object at 0x7747744d5c50>

    @pytest.mark.anyio
    async def test_update_user_unauthorized(client):
        response = await client.put("/users/1", json={"username": "malicious"})
>       assert response.status_code == 401
E       assert 403 == 401
E        +  where 403 = <Response [403 Forbidden]>.status_code

app/tests/test_users.py:73: AssertionError
____________________________ test_delete_user[trio] ____________________________

self = <sqlalchemy.engine.base.Connection object at 0x774775036a10>
dialect = <sqlalchemy.dialects.sqlite.pysqlite.SQLiteDialect_pysqlite object at 0x77477976fed0>
context = <sqlalchemy.dialects.sqlite.base.SQLiteExecutionContext object at 0x774775035a10>
statement = <sqlalchemy.dialects.sqlite.base.SQLiteCompiler object at 0x7747754ab890>
parameters = [('seconduser', 'second@example.com', '$2b$12$UZfwsc9x5DMzf3jK0C1Ffu8ozmr1NO20UvIKZFNcVmDSMOfvUKD2u')]

    def _exec_single_context(
        self,
        dialect: Dialect,
        context: ExecutionContext,
        statement: Union[str, Compiled],
        parameters: Optional[_AnyMultiExecuteParams],
    ) -> CursorResult[Any]:
        """continue the _execute_context() method for a single DBAPI
        cursor.execute() or cursor.executemany() call.
    
        """
        if dialect.bind_typing is BindTyping.SETINPUTSIZES:
            generic_setinputsizes = context._prepare_set_input_sizes()
    
            if generic_setinputsizes:
                try:
                    dialect.do_set_input_sizes(
                        context.cursor, generic_setinputsizes, context
                    )
                except BaseException as e:
                    self._handle_dbapi_exception(
                        e, str(statement), parameters, None, context
                    )
    
        cursor, str_statement, parameters = (
            context.cursor,
            context.statement,
            context.parameters,
        )
    
        effective_parameters: Optional[_AnyExecuteParams]
    
        if not context.executemany:
            effective_parameters = parameters[0]
        else:
            effective_parameters = parameters
    
        if self._has_events or self.engine._has_events:
            for fn in self.dispatch.before_cursor_execute:
                str_statement, effective_parameters = fn(
                    self,
                    cursor,
                    str_statement,
                    effective_parameters,
                    context,
                    context.executemany,
                )
    
        if self._echo:
            self._log_info(str_statement)
    
            stats = context._get_cache_stats()
    
            if not self.engine.hide_parameters:
                self._log_info(
                    "[%s] %r",
                    stats,
                    sql_util._repr_params(
                        effective_parameters,
                        batches=10,
                        ismulti=context.executemany,
                    ),
                )
            else:
                self._log_info(
                    "[%s] [SQL parameters hidden due to hide_parameters=True]",
                    stats,
                )
    
        evt_handled: bool = False
        try:
            if context.execute_style is ExecuteStyle.EXECUTEMANY:
                effective_parameters = cast(
                    "_CoreMultiExecuteParams", effective_parameters
                )
                if self.dialect._has_events:
                    for fn in self.dialect.dispatch.do_executemany:
                        if fn(
                            cursor,
                            str_statement,
                            effective_parameters,
                            context,
                        ):
                            evt_handled = True
                            break
                if not evt_handled:
                    self.dialect.do_executemany(
                        cursor,
                        str_statement,
                        effective_parameters,
                        context,
                    )
            elif not effective_parameters and context.no_parameters:
                if self.dialect._has_events:
                    for fn in self.dialect.dispatch.do_execute_no_params:
                        if fn(cursor, str_statement, context):
                            evt_handled = True
                            break
                if not evt_handled:
                    self.dialect.do_execute_no_params(
                        cursor, str_statement, context
                    )
            else:
                effective_parameters = cast(
                    "_CoreSingleExecuteParams", effective_parameters
                )
                if self.dialect._has_events:
                    for fn in self.dialect.dispatch.do_execute:
                        if fn(
                            cursor,
                            str_statement,
                            effective_parameters,
                            context,
                        ):
                            evt_handled = True
                            break
                if not evt_handled:
>                   self.dialect.do_execute(
                        cursor, str_statement, effective_parameters, context
                    )

/usr/local/lib/python3.11/site-packages/sqlalchemy/engine/base.py:1964: 
_ _ _ _ _ _ _ _ _ _ _ _ _ _ _ _ _ _ _ _ _ _ _ _ _ _ _ _ _ _ _ _ _ _ _ _ _ _ _ _ 

self = <sqlalchemy.dialects.sqlite.pysqlite.SQLiteDialect_pysqlite object at 0x77477976fed0>
cursor = <sqlite3.Cursor object at 0x774774e5b2c0>
statement = 'INSERT INTO users (username, email, hashed_password) VALUES (?, ?, ?)'
parameters = ('seconduser', 'second@example.com', '$2b$12$UZfwsc9x5DMzf3jK0C1Ffu8ozmr1NO20UvIKZFNcVmDSMOfvUKD2u')
context = <sqlalchemy.dialects.sqlite.base.SQLiteExecutionContext object at 0x774775035a10>

    def do_execute(self, cursor, statement, parameters, context=None):
>       cursor.execute(statement, parameters)
E       sqlite3.IntegrityError: UNIQUE constraint failed: users.email

/usr/local/lib/python3.11/site-packages/sqlalchemy/engine/default.py:945: IntegrityError

The above exception was the direct cause of the following exception:

db = <sqlalchemy.orm.session.Session object at 0x774775037bd0>
user = UserCreate(username='seconduser', email='second@example.com', password='anotherpassword123')

    async def create_user(db: AsyncSession, user: UserCreate):
        hashed_password = pwd_context.hash(user.password)
        db_user = User(
            username=user.username,
            email=user.email,
            hashed_password=hashed_password
        )
        db.add(db_user)
        try:
>           await db.commit()

app/crud/user.py:48: 
_ _ _ _ _ _ _ _ _ _ _ _ _ _ _ _ _ _ _ _ _ _ _ _ _ _ _ _ _ _ _ _ _ _ _ _ _ _ _ _ 
/usr/local/lib/python3.11/site-packages/sqlalchemy/orm/session.py:2032: in commit
    trans.commit(_to_root=True)
/usr/local/lib/python3.11/site-packages/sqlalchemy/orm/state_changes.py:139: in _go
    ret_value = fn(self, *arg, **kw)
/usr/local/lib/python3.11/site-packages/sqlalchemy/orm/session.py:1313: in commit
    self._prepare_impl()
/usr/local/lib/python3.11/site-packages/sqlalchemy/orm/state_changes.py:139: in _go
    ret_value = fn(self, *arg, **kw)
/usr/local/lib/python3.11/site-packages/sqlalchemy/orm/session.py:1288: in _prepare_impl
    self.session.flush()
/usr/local/lib/python3.11/site-packages/sqlalchemy/orm/session.py:4353: in flush
    self._flush(objects)
/usr/local/lib/python3.11/site-packages/sqlalchemy/orm/session.py:4488: in _flush
    with util.safe_reraise():
/usr/local/lib/python3.11/site-packages/sqlalchemy/util/langhelpers.py:146: in __exit__
    raise exc_value.with_traceback(exc_tb)
/usr/local/lib/python3.11/site-packages/sqlalchemy/orm/session.py:4449: in _flush
    flush_context.execute()
/usr/local/lib/python3.11/site-packages/sqlalchemy/orm/unitofwork.py:466: in execute
    rec.execute(self)
/usr/local/lib/python3.11/site-packages/sqlalchemy/orm/unitofwork.py:642: in execute
    util.preloaded.orm_persistence.save_obj(
/usr/local/lib/python3.11/site-packages/sqlalchemy/orm/persistence.py:93: in save_obj
    _emit_insert_statements(
/usr/local/lib/python3.11/site-packages/sqlalchemy/orm/persistence.py:1233: in _emit_insert_statements
    result = connection.execute(
/usr/local/lib/python3.11/site-packages/sqlalchemy/engine/base.py:1416: in execute
    return meth(
/usr/local/lib/python3.11/site-packages/sqlalchemy/sql/elements.py:523: in _execute_on_connection
    return connection._execute_clauseelement(
/usr/local/lib/python3.11/site-packages/sqlalchemy/engine/base.py:1638: in _execute_clauseelement
    ret = self._execute_context(
/usr/local/lib/python3.11/site-packages/sqlalchemy/engine/base.py:1843: in _execute_context
    return self._exec_single_context(
/usr/local/lib/python3.11/site-packages/sqlalchemy/engine/base.py:1983: in _exec_single_context
    self._handle_dbapi_exception(
/usr/local/lib/python3.11/site-packages/sqlalchemy/engine/base.py:2352: in _handle_dbapi_exception
    raise sqlalchemy_exception.with_traceback(exc_info[2]) from e
/usr/local/lib/python3.11/site-packages/sqlalchemy/engine/base.py:1964: in _exec_single_context
    self.dialect.do_execute(
_ _ _ _ _ _ _ _ _ _ _ _ _ _ _ _ _ _ _ _ _ _ _ _ _ _ _ _ _ _ _ _ _ _ _ _ _ _ _ _ 

self = <sqlalchemy.dialects.sqlite.pysqlite.SQLiteDialect_pysqlite object at 0x77477976fed0>
cursor = <sqlite3.Cursor object at 0x774774e5b2c0>
statement = 'INSERT INTO users (username, email, hashed_password) VALUES (?, ?, ?)'
parameters = ('seconduser', 'second@example.com', '$2b$12$UZfwsc9x5DMzf3jK0C1Ffu8ozmr1NO20UvIKZFNcVmDSMOfvUKD2u')
context = <sqlalchemy.dialects.sqlite.base.SQLiteExecutionContext object at 0x774775035a10>

    def do_execute(self, cursor, statement, parameters, context=None):
>       cursor.execute(statement, parameters)
E       sqlalchemy.exc.IntegrityError: (sqlite3.IntegrityError) UNIQUE constraint failed: users.email
E       [SQL: INSERT INTO users (username, email, hashed_password) VALUES (?, ?, ?)]
E       [parameters: ('seconduser', 'second@example.com', '$2b$12$UZfwsc9x5DMzf3jK0C1Ffu8ozmr1NO20UvIKZFNcVmDSMOfvUKD2u')]
E       (Background on this error at: https://sqlalche.me/e/20/gkpj)

/usr/local/lib/python3.11/site-packages/sqlalchemy/engine/default.py:945: IntegrityError

During handling of the above exception, another exception occurred:

client = <httpx.AsyncClient object at 0x7747744d5c50>

    @pytest.mark.anyio
    async def test_delete_user(client):
>       await register_user(client, test_user_2)

app/tests/test_users.py:77: 
_ _ _ _ _ _ _ _ _ _ _ _ _ _ _ _ _ _ _ _ _ _ _ _ _ _ _ _ _ _ _ _ _ _ _ _ _ _ _ _ 
app/tests/utils.py:17: in register_user
    return await client.post("/auth/register", json=user_data)
/usr/local/lib/python3.11/site-packages/httpx/_client.py:1859: in post
    return await self.request(
/usr/local/lib/python3.11/site-packages/httpx/_client.py:1540: in request
    return await self.send(request, auth=auth, follow_redirects=follow_redirects)
/usr/local/lib/python3.11/site-packages/httpx/_client.py:1629: in send
    response = await self._send_handling_auth(
/usr/local/lib/python3.11/site-packages/httpx/_client.py:1657: in _send_handling_auth
    response = await self._send_handling_redirects(
/usr/local/lib/python3.11/site-packages/httpx/_client.py:1694: in _send_handling_redirects
    response = await self._send_single_request(request)
/usr/local/lib/python3.11/site-packages/httpx/_client.py:1730: in _send_single_request
    response = await transport.handle_async_request(request)
/usr/local/lib/python3.11/site-packages/httpx/_transports/asgi.py:170: in handle_async_request
    await self.app(scope, receive, send)
/usr/local/lib/python3.11/site-packages/fastapi/applications.py:1054: in __call__
    await super().__call__(scope, receive, send)
/usr/local/lib/python3.11/site-packages/starlette/applications.py:112: in __call__
    await self.middleware_stack(scope, receive, send)
/usr/local/lib/python3.11/site-packages/starlette/middleware/errors.py:187: in __call__
    raise exc
/usr/local/lib/python3.11/site-packages/starlette/middleware/errors.py:165: in __call__
    await self.app(scope, receive, _send)
/usr/local/lib/python3.11/site-packages/starlette/middleware/exceptions.py:62: in __call__
    await wrap_app_handling_exceptions(self.app, conn)(scope, receive, send)
/usr/local/lib/python3.11/site-packages/starlette/_exception_handler.py:53: in wrapped_app
    raise exc
/usr/local/lib/python3.11/site-packages/starlette/_exception_handler.py:42: in wrapped_app
    await app(scope, receive, sender)
/usr/local/lib/python3.11/site-packages/starlette/routing.py:714: in __call__
    await self.middleware_stack(scope, receive, send)
/usr/local/lib/python3.11/site-packages/starlette/routing.py:734: in app
    await route.handle(scope, receive, send)
/usr/local/lib/python3.11/site-packages/starlette/routing.py:288: in handle
    await self.app(scope, receive, send)
/usr/local/lib/python3.11/site-packages/starlette/routing.py:76: in app
    await wrap_app_handling_exceptions(app, request)(scope, receive, send)
/usr/local/lib/python3.11/site-packages/starlette/_exception_handler.py:53: in wrapped_app
    raise exc
/usr/local/lib/python3.11/site-packages/starlette/_exception_handler.py:42: in wrapped_app
    await app(scope, receive, sender)
/usr/local/lib/python3.11/site-packages/starlette/routing.py:73: in app
    response = await f(request)
/usr/local/lib/python3.11/site-packages/fastapi/routing.py:301: in app
    raw_response = await run_endpoint_function(
/usr/local/lib/python3.11/site-packages/fastapi/routing.py:212: in run_endpoint_function
    return await dependant.call(**values)
app/routers/auth.py:36: in register
    new_user = await user_crud.create_user(db, user_data)
_ _ _ _ _ _ _ _ _ _ _ _ _ _ _ _ _ _ _ _ _ _ _ _ _ _ _ _ _ _ _ _ _ _ _ _ _ _ _ _ 

db = <sqlalchemy.orm.session.Session object at 0x774775037bd0>
user = UserCreate(username='seconduser', email='second@example.com', password='anotherpassword123')

    async def create_user(db: AsyncSession, user: UserCreate):
        hashed_password = pwd_context.hash(user.password)
        db_user = User(
            username=user.username,
            email=user.email,
            hashed_password=hashed_password
        )
        db.add(db_user)
        try:
            await db.commit()
            result = await db.execute(
                select(User).options(selectinload(User.courses)).where(User.id == db_user.id)
            )
            return result.scalar_one()
        except IntegrityError as e:
>           await db.rollback()
E           TypeError: object NoneType can't be used in 'await' expression

app/crud/user.py:54: TypeError
_____________________ test_delete_user_unauthorized[trio] ______________________

client = <httpx.AsyncClient object at 0x7747744d5c50>

    @pytest.mark.anyio
    async def test_delete_user_unauthorized(client):
        response = await client.delete("/users/1")
>       assert response.status_code == 401
E       assert 405 == 401
E        +  where 405 = <Response [405 Method Not Allowed]>.status_code

app/tests/test_users.py:93: AssertionError
=============================== warnings summary ===============================
../usr/local/lib/python3.11/site-packages/passlib/utils/__init__.py:854
  /usr/local/lib/python3.11/site-packages/passlib/utils/__init__.py:854: DeprecationWarning: 'crypt' is deprecated and slated for removal in Python 3.13
    from crypt import crypt as _crypt

app/main.py:15
  /app/app/main.py:15: DeprecationWarning: 
          on_event is deprecated, use lifespan event handlers instead.
  
          Read more about it in the
          [FastAPI docs for Lifespan Events](https://fastapi.tiangolo.com/advanced/events/).
          
    @app.on_event("startup")

../usr/local/lib/python3.11/site-packages/fastapi/applications.py:4495
  /usr/local/lib/python3.11/site-packages/fastapi/applications.py:4495: DeprecationWarning: 
          on_event is deprecated, use lifespan event handlers instead.
  
          Read more about it in the
          [FastAPI docs for Lifespan Events](https://fastapi.tiangolo.com/advanced/events/).
          
    return self.router.on_event(event_type)

-- Docs: https://docs.pytest.org/en/stable/how-to/capture-warnings.html
=========================== short test summary info ============================
FAILED app/tests/database/test_db_connection.py::test_db_connection[trio] - ModuleNotFoundError: No module named 'trio'
FAILED app/tests/test_auth.py::test_register_user[asyncio] - TypeError: object NoneType can't be used in 'await' expression
FAILED app/tests/test_auth.py::test_login_user[asyncio] - TypeError: object ChunkedIteratorResult can't be used in 'await' expression
FAILED app/tests/test_auth.py::test_register_user[trio] - TypeError: object NoneType can't be used in 'await' expression
FAILED app/tests/test_auth.py::test_login_user[trio] - TypeError: object ChunkedIteratorResult can't be used in 'await' expression
FAILED app/tests/test_course.py::test_create_course[asyncio] - TypeError: object NoneType can't be used in 'await' expression
FAILED app/tests/test_course.py::test_get_all_courses[asyncio] - assert 403 == 401
 +  where 403 = <Response [403 Forbidden]>.status_code
FAILED app/tests/test_course.py::test_get_course_by_id[asyncio] - TypeError: object ChunkedIteratorResult can't be used in 'await' expression
FAILED app/tests/test_course.py::test_update_course[asyncio] - TypeError: object ChunkedIteratorResult can't be used in 'await' expression
FAILED app/tests/test_course.py::test_delete_course[asyncio] - TypeError: object ChunkedIteratorResult can't be used in 'await' expression
FAILED app/tests/test_course.py::test_enroll_in_course[asyncio] - TypeError: object NoneType can't be used in 'await' expression
FAILED app/tests/test_course.py::test_get_enrolled_courses[asyncio] - TypeError: object ChunkedIteratorResult can't be used in 'await' expression
FAILED app/tests/test_course.py::test_create_course[trio] - TypeError: object NoneType can't be used in 'await' expression
FAILED app/tests/test_course.py::test_get_all_courses[trio] - assert 403 == 401
 +  where 403 = <Response [403 Forbidden]>.status_code
FAILED app/tests/test_course.py::test_get_course_by_id[trio] - TypeError: object ChunkedIteratorResult can't be used in 'await' expression
FAILED app/tests/test_course.py::test_update_course[trio] - TypeError: object ChunkedIteratorResult can't be used in 'await' expression
FAILED app/tests/test_course.py::test_delete_course[trio] - TypeError: object ChunkedIteratorResult can't be used in 'await' expression
FAILED app/tests/test_course.py::test_enroll_in_course[trio] - TypeError: object NoneType can't be used in 'await' expression
FAILED app/tests/test_course.py::test_get_enrolled_courses[trio] - TypeError: object ChunkedIteratorResult can't be used in 'await' expression
FAILED app/tests/test_courses_concurrency.py::test_concurrent_enrollments[asyncio] - TypeError: object NoneType can't be used in 'await' expression
FAILED app/tests/test_courses_concurrency.py::test_concurrent_enrollments[trio] - TypeError: object NoneType can't be used in 'await' expression
FAILED app/tests/test_users.py::test_get_me[asyncio] - TypeError: object NoneType can't be used in 'await' expression
FAILED app/tests/test_users.py::test_get_me_unauthorized[asyncio] - assert 403 == 401
 +  where 403 = <Response [403 Forbidden]>.status_code
FAILED app/tests/test_users.py::test_get_all_users[asyncio] - TypeError: object NoneType can't be used in 'await' expression
FAILED app/tests/test_users.py::test_get_all_users_unauthorized[asyncio] - assert 403 == 401
 +  where 403 = <Response [403 Forbidden]>.status_code
FAILED app/tests/test_users.py::test_get_user_by_id[asyncio] - TypeError: object ChunkedIteratorResult can't be used in 'await' expression
FAILED app/tests/test_users.py::test_get_user_by_id_unauthorized[asyncio] - assert 403 == 401
 +  where 403 = <Response [403 Forbidden]>.status_code
FAILED app/tests/test_users.py::test_update_user[asyncio] - TypeError: object ChunkedIteratorResult can't be used in 'await' expression
FAILED app/tests/test_users.py::test_update_user_unauthorized[asyncio] - assert 403 == 401
 +  where 403 = <Response [403 Forbidden]>.status_code
FAILED app/tests/test_users.py::test_delete_user[asyncio] - TypeError: object NoneType can't be used in 'await' expression
FAILED app/tests/test_users.py::test_delete_user_unauthorized[asyncio] - assert 405 == 401
 +  where 405 = <Response [405 Method Not Allowed]>.status_code
FAILED app/tests/test_users.py::test_get_me[trio] - TypeError: object NoneType can't be used in 'await' expression
FAILED app/tests/test_users.py::test_get_me_unauthorized[trio] - assert 403 == 401
 +  where 403 = <Response [403 Forbidden]>.status_code
FAILED app/tests/test_users.py::test_get_all_users[trio] - TypeError: object NoneType can't be used in 'await' expression
FAILED app/tests/test_users.py::test_get_all_users_unauthorized[trio] - assert 403 == 401
 +  where 403 = <Response [403 Forbidden]>.status_code
FAILED app/tests/test_users.py::test_get_user_by_id[trio] - TypeError: object ChunkedIteratorResult can't be used in 'await' expression
FAILED app/tests/test_users.py::test_get_user_by_id_unauthorized[trio] - assert 403 == 401
 +  where 403 = <Response [403 Forbidden]>.status_code
FAILED app/tests/test_users.py::test_update_user[trio] - TypeError: object ChunkedIteratorResult can't be used in 'await' expression
FAILED app/tests/test_users.py::test_update_user_unauthorized[trio] - assert 403 == 401
 +  where 403 = <Response [403 Forbidden]>.status_code
FAILED app/tests/test_users.py::test_delete_user[trio] - TypeError: object NoneType can't be used in 'await' expression
FAILED app/tests/test_users.py::test_delete_user_unauthorized[trio] - assert 405 == 401
 +  where 405 = <Response [405 Method Not Allowed]>.status_code
================== 41 failed, 1 passed, 3 warnings in 10.52s ===================
